<?xml version="1.0" encoding="UTF-8"?>
<testExecutions version="1">
  <file path="C:\Users\Bigmo\Revature\Perfect-Personnel-Placement\frontend\src\Screens\Clients\ClientScreen.test.js">
  </file>
  <file path="C:\Users\Bigmo\Revature\Perfect-Personnel-Placement\frontend\__tests__\testExample.test.js">
  </file>
  <file path="C:\Users\Bigmo\Revature\Perfect-Personnel-Placement\frontend\src\Screens\Batches\Batches.test.tsx">
  </file>
  <file path="C:\Users\Bigmo\Revature\Perfect-Personnel-Placement\frontend\src\Screens\Clients_Old\Clients.test.tsx">
  </file>
  <file path="C:\Users\Bigmo\Revature\Perfect-Personnel-Placement\frontend\src\components\trainers\EditTrainer\EditTrainer.test.tsx">
    <testCase name="Create Trainer Should contain all labels and Input fields" duration="18"/>
    <testCase name="Create Trainer Should have all fields pre loaded with passed information" duration="12"/>
    <testCase name="Create Trainer Should have a submit button" duration="5"/>
    <testCase name="Create Trainer Should update states on text input" duration="17"/>
    <testCase name="Create Trainer should call submit function when button is pressed" duration="21"/>
  </file>
  <file path="C:\Users\Bigmo\Revature\Perfect-Personnel-Placement\frontend\src\components\clients_old\__tests__\AddClient.test.js">
  </file>
  <file path="C:\Users\Bigmo\Revature\Perfect-Personnel-Placement\frontend\src\Screens\ViewBatch\ViewBatch.test.tsx">
  </file>
  <file path="C:\Users\Bigmo\Revature\Perfect-Personnel-Placement\frontend\src\Screens\CreateTrainer\CreateTrainer.test.tsx">
    <testCase name="Create Trainer Should contain all labels and Input fields" duration="20"/>
    <testCase name="Create Trainer Should have a submit button" duration="3"/>
    <testCase name="Create Trainer Should update states on text input" duration="25"/>
    <testCase name="Create Trainer should call submit function when button is pressed" duration="18"/>
  </file>
  <file path="C:\Users\Bigmo\Revature\Perfect-Personnel-Placement\frontend\src\components\Clients\__tests__\AddClient.test.js">
  </file>
  <file path="C:\Users\Bigmo\Revature\Perfect-Personnel-Placement\frontend\src\components\trainers\ViewTrainer\ViewTrainer.test.tsx">
    <testCase name="ViewTrainer Should have all text fields" duration="12">
      <failure message="Error: expect(received).toHaveLength(expected)"><![CDATA[Error: expect(received).toHaveLength(expected)

Expected length: 9
Received length: 10
Received object: {}
    at Object.<anonymous> (C:\Users\Bigmo\Revature\Perfect-Personnel-Placement\frontend\src\components\trainers\ViewTrainer\ViewTrainer.test.tsx:22:41)
    at Object.asyncJestTest (C:\Users\Bigmo\Revature\Perfect-Personnel-Placement\frontend\node_modules\jest-jasmine2\build\jasmineAsyncInstall.js:106:37)
    at C:\Users\Bigmo\Revature\Perfect-Personnel-Placement\frontend\node_modules\jest-jasmine2\build\queueRunner.js:45:12
    at new Promise (<anonymous>)
    at mapper (C:\Users\Bigmo\Revature\Perfect-Personnel-Placement\frontend\node_modules\jest-jasmine2\build\queueRunner.js:28:19)
    at C:\Users\Bigmo\Revature\Perfect-Personnel-Placement\frontend\node_modules\jest-jasmine2\build\queueRunner.js:75:41
    at processTicksAndRejections (internal/process/task_queues.js:95:5)]]></failure>
    </testCase>
    <testCase name="ViewTrainer should have an edit button" duration="3"/>
    <testCase name="ViewTrainer should call Edit function when button is pressed" duration="36"/>
  </file>
  <file path="C:\Users\Bigmo\Revature\Perfect-Personnel-Placement\frontend\src\Screens\AddEditBatch\AddEditBatch.test.tsx">
    <testCase name="Batches should be there" duration="207">
      <failure message="Error: Couldn&apos;t find a navigation object. Is your component inside NavigationContainer?"><![CDATA[Error: Couldn't find a navigation object. Is your component inside NavigationContainer?
    at useNavigation (C:\Users\Bigmo\Revature\Perfect-Personnel-Placement\frontend\node_modules\@react-navigation\core\lib\commonjs\useNavigation.tsx:19:11)
    at AddEditBatch (C:\Users\Bigmo\Revature\Perfect-Personnel-Placement\frontend\src\Screens\AddEditBatch\index.tsx:54:22)
    at renderWithHooks (C:\Users\Bigmo\Revature\Perfect-Personnel-Placement\frontend\node_modules\react-dom\cjs\react-dom.development.js:14803:18)
    at mountIndeterminateComponent (C:\Users\Bigmo\Revature\Perfect-Personnel-Placement\frontend\node_modules\react-dom\cjs\react-dom.development.js:17482:13)
    at beginWork (C:\Users\Bigmo\Revature\Perfect-Personnel-Placement\frontend\node_modules\react-dom\cjs\react-dom.development.js:18596:16)
    at HTMLUnknownElement.callCallback (C:\Users\Bigmo\Revature\Perfect-Personnel-Placement\frontend\node_modules\react-dom\cjs\react-dom.development.js:188:14)
    at invokeEventListeners (C:\Users\Bigmo\Revature\Perfect-Personnel-Placement\frontend\node_modules\jest-environment-enzyme\node_modules\jsdom\lib\jsdom\living\events\EventTarget-impl.js:193:27)
    at HTMLUnknownElementImpl._dispatch (C:\Users\Bigmo\Revature\Perfect-Personnel-Placement\frontend\node_modules\jest-environment-enzyme\node_modules\jsdom\lib\jsdom\living\events\EventTarget-impl.js:119:9)
    at HTMLUnknownElementImpl.dispatchEvent (C:\Users\Bigmo\Revature\Perfect-Personnel-Placement\frontend\node_modules\jest-environment-enzyme\node_modules\jsdom\lib\jsdom\living\events\EventTarget-impl.js:82:17)
    at HTMLUnknownElementImpl.dispatchEvent (C:\Users\Bigmo\Revature\Perfect-Personnel-Placement\frontend\node_modules\jest-environment-enzyme\node_modules\jsdom\lib\jsdom\living\nodes\HTMLElement-impl.js:30:27)
    at HTMLUnknownElement.dispatchEvent (C:\Users\Bigmo\Revature\Perfect-Personnel-Placement\frontend\node_modules\jest-environment-enzyme\node_modules\jsdom\lib\jsdom\living\generated\EventTarget.js:157:21)
    at Object.invokeGuardedCallbackDev (C:\Users\Bigmo\Revature\Perfect-Personnel-Placement\frontend\node_modules\react-dom\cjs\react-dom.development.js:237:16)
    at invokeGuardedCallback (C:\Users\Bigmo\Revature\Perfect-Personnel-Placement\frontend\node_modules\react-dom\cjs\react-dom.development.js:292:31)
    at beginWork$1 (C:\Users\Bigmo\Revature\Perfect-Personnel-Placement\frontend\node_modules\react-dom\cjs\react-dom.development.js:23203:7)
    at performUnitOfWork (C:\Users\Bigmo\Revature\Perfect-Personnel-Placement\frontend\node_modules\react-dom\cjs\react-dom.development.js:22157:12)
    at workLoopSync (C:\Users\Bigmo\Revature\Perfect-Personnel-Placement\frontend\node_modules\react-dom\cjs\react-dom.development.js:22130:22)
    at performSyncWorkOnRoot (C:\Users\Bigmo\Revature\Perfect-Personnel-Placement\frontend\node_modules\react-dom\cjs\react-dom.development.js:21756:9)
    at scheduleUpdateOnFiber (C:\Users\Bigmo\Revature\Perfect-Personnel-Placement\frontend\node_modules\react-dom\cjs\react-dom.development.js:21188:7)
    at updateContainer (C:\Users\Bigmo\Revature\Perfect-Personnel-Placement\frontend\node_modules\react-dom\cjs\react-dom.development.js:24373:3)
    at C:\Users\Bigmo\Revature\Perfect-Personnel-Placement\frontend\node_modules\react-dom\cjs\react-dom.development.js:24758:7
    at unbatchedUpdates (C:\Users\Bigmo\Revature\Perfect-Personnel-Placement\frontend\node_modules\react-dom\cjs\react-dom.development.js:21903:12)
    at legacyRenderSubtreeIntoContainer (C:\Users\Bigmo\Revature\Perfect-Personnel-Placement\frontend\node_modules\react-dom\cjs\react-dom.development.js:24757:5)
    at Object.render (C:\Users\Bigmo\Revature\Perfect-Personnel-Placement\frontend\node_modules\react-dom\cjs\react-dom.development.js:24840:10)
    at fn (C:\Users\Bigmo\Revature\Perfect-Personnel-Placement\frontend\node_modules\enzyme-adapter-react-16\src\ReactSixteenAdapter.js:488:26)
    at C:\Users\Bigmo\Revature\Perfect-Personnel-Placement\frontend\node_modules\enzyme-adapter-react-16\src\ReactSixteenAdapter.js:405:37
    at batchedUpdates$1 (C:\Users\Bigmo\Revature\Perfect-Personnel-Placement\frontend\node_modules\react-dom\cjs\react-dom.development.js:21856:12)
    at Object.act (C:\Users\Bigmo\Revature\Perfect-Personnel-Placement\frontend\node_modules\react-dom\cjs\react-dom-test-utils.development.js:929:14)
    at wrapAct (C:\Users\Bigmo\Revature\Perfect-Personnel-Placement\frontend\node_modules\enzyme-adapter-react-16\src\ReactSixteenAdapter.js:405:13)
    at Object.render (C:\Users\Bigmo\Revature\Perfect-Personnel-Placement\frontend\node_modules\enzyme-adapter-react-16\src\ReactSixteenAdapter.js:474:16)
    at new ReactWrapper (C:\Users\Bigmo\Revature\Perfect-Personnel-Placement\frontend\node_modules\enzyme\src\ReactWrapper.js:115:16)
    at mount (C:\Users\Bigmo\Revature\Perfect-Personnel-Placement\frontend\node_modules\enzyme\src\mount.js:10:10)
    at Object.<anonymous> (C:\Users\Bigmo\Revature\Perfect-Personnel-Placement\frontend\src\Screens\AddEditBatch\AddEditBatch.test.tsx:11:15)
    at Object.asyncJestLifecycle (C:\Users\Bigmo\Revature\Perfect-Personnel-Placement\frontend\node_modules\jest-jasmine2\build\jasmineAsyncInstall.js:58:37)
    at C:\Users\Bigmo\Revature\Perfect-Personnel-Placement\frontend\node_modules\jest-jasmine2\build\queueRunner.js:45:12
    at new Promise (<anonymous>)
    at mapper (C:\Users\Bigmo\Revature\Perfect-Personnel-Placement\frontend\node_modules\jest-jasmine2\build\queueRunner.js:28:19)
    at C:\Users\Bigmo\Revature\Perfect-Personnel-Placement\frontend\node_modules\jest-jasmine2\build\queueRunner.js:75:41
    at processTicksAndRejections (internal/process/task_queues.js:95:5)]]></failure>
      <failure message="Error: expect(received).not.toBe(expected) // Object.is equality"><![CDATA[Error: expect(received).not.toBe(expected) // Object.is equality

Expected: not undefined
    at Object.<anonymous> (C:\Users\Bigmo\Revature\Perfect-Personnel-Placement\frontend\src\Screens\AddEditBatch\AddEditBatch.test.tsx:29:25)
    at Object.asyncJestTest (C:\Users\Bigmo\Revature\Perfect-Personnel-Placement\frontend\node_modules\jest-jasmine2\build\jasmineAsyncInstall.js:106:37)
    at C:\Users\Bigmo\Revature\Perfect-Personnel-Placement\frontend\node_modules\jest-jasmine2\build\queueRunner.js:45:12
    at new Promise (<anonymous>)
    at mapper (C:\Users\Bigmo\Revature\Perfect-Personnel-Placement\frontend\node_modules\jest-jasmine2\build\queueRunner.js:28:19)
    at C:\Users\Bigmo\Revature\Perfect-Personnel-Placement\frontend\node_modules\jest-jasmine2\build\queueRunner.js:75:41
    at processTicksAndRejections (internal/process/task_queues.js:95:5)]]></failure>
    </testCase>
    <testCase name="Batches should display the header" duration="11">
      <failure message="Error: Couldn&apos;t find a navigation object. Is your component inside NavigationContainer?"><![CDATA[Error: Couldn't find a navigation object. Is your component inside NavigationContainer?
    at useNavigation (C:\Users\Bigmo\Revature\Perfect-Personnel-Placement\frontend\node_modules\@react-navigation\core\lib\commonjs\useNavigation.tsx:19:11)
    at AddEditBatch (C:\Users\Bigmo\Revature\Perfect-Personnel-Placement\frontend\src\Screens\AddEditBatch\index.tsx:54:22)
    at renderWithHooks (C:\Users\Bigmo\Revature\Perfect-Personnel-Placement\frontend\node_modules\react-dom\cjs\react-dom.development.js:14803:18)
    at mountIndeterminateComponent (C:\Users\Bigmo\Revature\Perfect-Personnel-Placement\frontend\node_modules\react-dom\cjs\react-dom.development.js:17482:13)
    at beginWork (C:\Users\Bigmo\Revature\Perfect-Personnel-Placement\frontend\node_modules\react-dom\cjs\react-dom.development.js:18596:16)
    at HTMLUnknownElement.callCallback (C:\Users\Bigmo\Revature\Perfect-Personnel-Placement\frontend\node_modules\react-dom\cjs\react-dom.development.js:188:14)
    at invokeEventListeners (C:\Users\Bigmo\Revature\Perfect-Personnel-Placement\frontend\node_modules\jest-environment-enzyme\node_modules\jsdom\lib\jsdom\living\events\EventTarget-impl.js:193:27)
    at HTMLUnknownElementImpl._dispatch (C:\Users\Bigmo\Revature\Perfect-Personnel-Placement\frontend\node_modules\jest-environment-enzyme\node_modules\jsdom\lib\jsdom\living\events\EventTarget-impl.js:119:9)
    at HTMLUnknownElementImpl.dispatchEvent (C:\Users\Bigmo\Revature\Perfect-Personnel-Placement\frontend\node_modules\jest-environment-enzyme\node_modules\jsdom\lib\jsdom\living\events\EventTarget-impl.js:82:17)
    at HTMLUnknownElementImpl.dispatchEvent (C:\Users\Bigmo\Revature\Perfect-Personnel-Placement\frontend\node_modules\jest-environment-enzyme\node_modules\jsdom\lib\jsdom\living\nodes\HTMLElement-impl.js:30:27)
    at HTMLUnknownElement.dispatchEvent (C:\Users\Bigmo\Revature\Perfect-Personnel-Placement\frontend\node_modules\jest-environment-enzyme\node_modules\jsdom\lib\jsdom\living\generated\EventTarget.js:157:21)
    at Object.invokeGuardedCallbackDev (C:\Users\Bigmo\Revature\Perfect-Personnel-Placement\frontend\node_modules\react-dom\cjs\react-dom.development.js:237:16)
    at invokeGuardedCallback (C:\Users\Bigmo\Revature\Perfect-Personnel-Placement\frontend\node_modules\react-dom\cjs\react-dom.development.js:292:31)
    at beginWork$1 (C:\Users\Bigmo\Revature\Perfect-Personnel-Placement\frontend\node_modules\react-dom\cjs\react-dom.development.js:23203:7)
    at performUnitOfWork (C:\Users\Bigmo\Revature\Perfect-Personnel-Placement\frontend\node_modules\react-dom\cjs\react-dom.development.js:22157:12)
    at workLoopSync (C:\Users\Bigmo\Revature\Perfect-Personnel-Placement\frontend\node_modules\react-dom\cjs\react-dom.development.js:22130:22)
    at performSyncWorkOnRoot (C:\Users\Bigmo\Revature\Perfect-Personnel-Placement\frontend\node_modules\react-dom\cjs\react-dom.development.js:21756:9)
    at scheduleUpdateOnFiber (C:\Users\Bigmo\Revature\Perfect-Personnel-Placement\frontend\node_modules\react-dom\cjs\react-dom.development.js:21188:7)
    at updateContainer (C:\Users\Bigmo\Revature\Perfect-Personnel-Placement\frontend\node_modules\react-dom\cjs\react-dom.development.js:24373:3)
    at C:\Users\Bigmo\Revature\Perfect-Personnel-Placement\frontend\node_modules\react-dom\cjs\react-dom.development.js:24758:7
    at unbatchedUpdates (C:\Users\Bigmo\Revature\Perfect-Personnel-Placement\frontend\node_modules\react-dom\cjs\react-dom.development.js:21903:12)
    at legacyRenderSubtreeIntoContainer (C:\Users\Bigmo\Revature\Perfect-Personnel-Placement\frontend\node_modules\react-dom\cjs\react-dom.development.js:24757:5)
    at Object.render (C:\Users\Bigmo\Revature\Perfect-Personnel-Placement\frontend\node_modules\react-dom\cjs\react-dom.development.js:24840:10)
    at fn (C:\Users\Bigmo\Revature\Perfect-Personnel-Placement\frontend\node_modules\enzyme-adapter-react-16\src\ReactSixteenAdapter.js:488:26)
    at C:\Users\Bigmo\Revature\Perfect-Personnel-Placement\frontend\node_modules\enzyme-adapter-react-16\src\ReactSixteenAdapter.js:405:37
    at batchedUpdates$1 (C:\Users\Bigmo\Revature\Perfect-Personnel-Placement\frontend\node_modules\react-dom\cjs\react-dom.development.js:21856:12)
    at Object.act (C:\Users\Bigmo\Revature\Perfect-Personnel-Placement\frontend\node_modules\react-dom\cjs\react-dom-test-utils.development.js:929:14)
    at wrapAct (C:\Users\Bigmo\Revature\Perfect-Personnel-Placement\frontend\node_modules\enzyme-adapter-react-16\src\ReactSixteenAdapter.js:405:13)
    at Object.render (C:\Users\Bigmo\Revature\Perfect-Personnel-Placement\frontend\node_modules\enzyme-adapter-react-16\src\ReactSixteenAdapter.js:474:16)
    at new ReactWrapper (C:\Users\Bigmo\Revature\Perfect-Personnel-Placement\frontend\node_modules\enzyme\src\ReactWrapper.js:115:16)
    at mount (C:\Users\Bigmo\Revature\Perfect-Personnel-Placement\frontend\node_modules\enzyme\src\mount.js:10:10)
    at Object.<anonymous> (C:\Users\Bigmo\Revature\Perfect-Personnel-Placement\frontend\src\Screens\AddEditBatch\AddEditBatch.test.tsx:11:15)
    at Object.asyncJestLifecycle (C:\Users\Bigmo\Revature\Perfect-Personnel-Placement\frontend\node_modules\jest-jasmine2\build\jasmineAsyncInstall.js:58:37)
    at C:\Users\Bigmo\Revature\Perfect-Personnel-Placement\frontend\node_modules\jest-jasmine2\build\queueRunner.js:45:12
    at new Promise (<anonymous>)
    at mapper (C:\Users\Bigmo\Revature\Perfect-Personnel-Placement\frontend\node_modules\jest-jasmine2\build\queueRunner.js:28:19)
    at C:\Users\Bigmo\Revature\Perfect-Personnel-Placement\frontend\node_modules\jest-jasmine2\build\queueRunner.js:75:41
    at processTicksAndRejections (internal/process/task_queues.js:95:5)]]></failure>
      <failure message="TypeError: Cannot read property &apos;find&apos; of undefined"><![CDATA[TypeError: Cannot read property 'find' of undefined
    at Object.<anonymous> (C:\Users\Bigmo\Revature\Perfect-Personnel-Placement\frontend\src\Screens\AddEditBatch\AddEditBatch.test.tsx:34:36)
    at Object.asyncJestTest (C:\Users\Bigmo\Revature\Perfect-Personnel-Placement\frontend\node_modules\jest-jasmine2\build\jasmineAsyncInstall.js:106:37)
    at C:\Users\Bigmo\Revature\Perfect-Personnel-Placement\frontend\node_modules\jest-jasmine2\build\queueRunner.js:45:12
    at new Promise (<anonymous>)
    at mapper (C:\Users\Bigmo\Revature\Perfect-Personnel-Placement\frontend\node_modules\jest-jasmine2\build\queueRunner.js:28:19)
    at C:\Users\Bigmo\Revature\Perfect-Personnel-Placement\frontend\node_modules\jest-jasmine2\build\queueRunner.js:75:41
    at processTicksAndRejections (internal/process/task_queues.js:95:5)]]></failure>
    </testCase>
  </file>
  <file path="C:\Users\Bigmo\Revature\Perfect-Personnel-Placement\frontend\src\components\clients_old\__tests__\AddDemandScreen.test.js">
  </file>
  <file path="C:\Users\Bigmo\Revature\Perfect-Personnel-Placement\frontend\src\components\trainers\TrainerListHeader\TrainerListHeader.test.tsx">
    <testCase name="Batches should be there" duration="141">
      <failure message="Error: Couldn&apos;t find a navigation object. Is your component inside NavigationContainer?"><![CDATA[Error: Couldn't find a navigation object. Is your component inside NavigationContainer?
    at useNavigation (C:\Users\Bigmo\Revature\Perfect-Personnel-Placement\frontend\node_modules\@react-navigation\core\lib\commonjs\useNavigation.tsx:19:11)
    at TrainerListHeader (C:\Users\Bigmo\Revature\Perfect-Personnel-Placement\frontend\src\components\trainers\TrainerListHeader\index.tsx:17:22)
    at renderWithHooks (C:\Users\Bigmo\Revature\Perfect-Personnel-Placement\frontend\node_modules\react-dom\cjs\react-dom.development.js:14803:18)
    at mountIndeterminateComponent (C:\Users\Bigmo\Revature\Perfect-Personnel-Placement\frontend\node_modules\react-dom\cjs\react-dom.development.js:17482:13)
    at beginWork (C:\Users\Bigmo\Revature\Perfect-Personnel-Placement\frontend\node_modules\react-dom\cjs\react-dom.development.js:18596:16)
    at HTMLUnknownElement.callCallback (C:\Users\Bigmo\Revature\Perfect-Personnel-Placement\frontend\node_modules\react-dom\cjs\react-dom.development.js:188:14)
    at invokeEventListeners (C:\Users\Bigmo\Revature\Perfect-Personnel-Placement\frontend\node_modules\jest-environment-enzyme\node_modules\jsdom\lib\jsdom\living\events\EventTarget-impl.js:193:27)
    at HTMLUnknownElementImpl._dispatch (C:\Users\Bigmo\Revature\Perfect-Personnel-Placement\frontend\node_modules\jest-environment-enzyme\node_modules\jsdom\lib\jsdom\living\events\EventTarget-impl.js:119:9)
    at HTMLUnknownElementImpl.dispatchEvent (C:\Users\Bigmo\Revature\Perfect-Personnel-Placement\frontend\node_modules\jest-environment-enzyme\node_modules\jsdom\lib\jsdom\living\events\EventTarget-impl.js:82:17)
    at HTMLUnknownElementImpl.dispatchEvent (C:\Users\Bigmo\Revature\Perfect-Personnel-Placement\frontend\node_modules\jest-environment-enzyme\node_modules\jsdom\lib\jsdom\living\nodes\HTMLElement-impl.js:30:27)
    at HTMLUnknownElement.dispatchEvent (C:\Users\Bigmo\Revature\Perfect-Personnel-Placement\frontend\node_modules\jest-environment-enzyme\node_modules\jsdom\lib\jsdom\living\generated\EventTarget.js:157:21)
    at Object.invokeGuardedCallbackDev (C:\Users\Bigmo\Revature\Perfect-Personnel-Placement\frontend\node_modules\react-dom\cjs\react-dom.development.js:237:16)
    at invokeGuardedCallback (C:\Users\Bigmo\Revature\Perfect-Personnel-Placement\frontend\node_modules\react-dom\cjs\react-dom.development.js:292:31)
    at beginWork$1 (C:\Users\Bigmo\Revature\Perfect-Personnel-Placement\frontend\node_modules\react-dom\cjs\react-dom.development.js:23203:7)
    at performUnitOfWork (C:\Users\Bigmo\Revature\Perfect-Personnel-Placement\frontend\node_modules\react-dom\cjs\react-dom.development.js:22157:12)
    at workLoopSync (C:\Users\Bigmo\Revature\Perfect-Personnel-Placement\frontend\node_modules\react-dom\cjs\react-dom.development.js:22130:22)
    at performSyncWorkOnRoot (C:\Users\Bigmo\Revature\Perfect-Personnel-Placement\frontend\node_modules\react-dom\cjs\react-dom.development.js:21756:9)
    at scheduleUpdateOnFiber (C:\Users\Bigmo\Revature\Perfect-Personnel-Placement\frontend\node_modules\react-dom\cjs\react-dom.development.js:21188:7)
    at updateContainer (C:\Users\Bigmo\Revature\Perfect-Personnel-Placement\frontend\node_modules\react-dom\cjs\react-dom.development.js:24373:3)
    at C:\Users\Bigmo\Revature\Perfect-Personnel-Placement\frontend\node_modules\react-dom\cjs\react-dom.development.js:24758:7
    at unbatchedUpdates (C:\Users\Bigmo\Revature\Perfect-Personnel-Placement\frontend\node_modules\react-dom\cjs\react-dom.development.js:21903:12)
    at legacyRenderSubtreeIntoContainer (C:\Users\Bigmo\Revature\Perfect-Personnel-Placement\frontend\node_modules\react-dom\cjs\react-dom.development.js:24757:5)
    at Object.render (C:\Users\Bigmo\Revature\Perfect-Personnel-Placement\frontend\node_modules\react-dom\cjs\react-dom.development.js:24840:10)
    at fn (C:\Users\Bigmo\Revature\Perfect-Personnel-Placement\frontend\node_modules\enzyme-adapter-react-16\src\ReactSixteenAdapter.js:488:26)
    at C:\Users\Bigmo\Revature\Perfect-Personnel-Placement\frontend\node_modules\enzyme-adapter-react-16\src\ReactSixteenAdapter.js:405:37
    at batchedUpdates$1 (C:\Users\Bigmo\Revature\Perfect-Personnel-Placement\frontend\node_modules\react-dom\cjs\react-dom.development.js:21856:12)
    at Object.act (C:\Users\Bigmo\Revature\Perfect-Personnel-Placement\frontend\node_modules\react-dom\cjs\react-dom-test-utils.development.js:929:14)
    at wrapAct (C:\Users\Bigmo\Revature\Perfect-Personnel-Placement\frontend\node_modules\enzyme-adapter-react-16\src\ReactSixteenAdapter.js:405:13)
    at Object.render (C:\Users\Bigmo\Revature\Perfect-Personnel-Placement\frontend\node_modules\enzyme-adapter-react-16\src\ReactSixteenAdapter.js:474:16)
    at new ReactWrapper (C:\Users\Bigmo\Revature\Perfect-Personnel-Placement\frontend\node_modules\enzyme\src\ReactWrapper.js:115:16)
    at mount (C:\Users\Bigmo\Revature\Perfect-Personnel-Placement\frontend\node_modules\enzyme\src\mount.js:10:10)
    at Object.<anonymous> (C:\Users\Bigmo\Revature\Perfect-Personnel-Placement\frontend\src\components\trainers\TrainerListHeader\TrainerListHeader.test.tsx:14:15)
    at Object.asyncJestLifecycle (C:\Users\Bigmo\Revature\Perfect-Personnel-Placement\frontend\node_modules\jest-jasmine2\build\jasmineAsyncInstall.js:58:37)
    at C:\Users\Bigmo\Revature\Perfect-Personnel-Placement\frontend\node_modules\jest-jasmine2\build\queueRunner.js:45:12
    at new Promise (<anonymous>)
    at mapper (C:\Users\Bigmo\Revature\Perfect-Personnel-Placement\frontend\node_modules\jest-jasmine2\build\queueRunner.js:28:19)
    at C:\Users\Bigmo\Revature\Perfect-Personnel-Placement\frontend\node_modules\jest-jasmine2\build\queueRunner.js:75:41
    at processTicksAndRejections (internal/process/task_queues.js:95:5)]]></failure>
      <failure message="Error: expect(received).not.toBe(expected) // Object.is equality"><![CDATA[Error: expect(received).not.toBe(expected) // Object.is equality

Expected: not undefined
    at Object.<anonymous> (C:\Users\Bigmo\Revature\Perfect-Personnel-Placement\frontend\src\components\trainers\TrainerListHeader\TrainerListHeader.test.tsx:26:25)
    at Object.asyncJestTest (C:\Users\Bigmo\Revature\Perfect-Personnel-Placement\frontend\node_modules\jest-jasmine2\build\jasmineAsyncInstall.js:106:37)
    at C:\Users\Bigmo\Revature\Perfect-Personnel-Placement\frontend\node_modules\jest-jasmine2\build\queueRunner.js:45:12
    at new Promise (<anonymous>)
    at mapper (C:\Users\Bigmo\Revature\Perfect-Personnel-Placement\frontend\node_modules\jest-jasmine2\build\queueRunner.js:28:19)
    at C:\Users\Bigmo\Revature\Perfect-Personnel-Placement\frontend\node_modules\jest-jasmine2\build\queueRunner.js:75:41
    at processTicksAndRejections (internal/process/task_queues.js:95:5)]]></failure>
    </testCase>
    <testCase name="Batches should be pressed" duration="20">
      <failure message="Error: Couldn&apos;t find a navigation object. Is your component inside NavigationContainer?"><![CDATA[Error: Couldn't find a navigation object. Is your component inside NavigationContainer?
    at useNavigation (C:\Users\Bigmo\Revature\Perfect-Personnel-Placement\frontend\node_modules\@react-navigation\core\lib\commonjs\useNavigation.tsx:19:11)
    at TrainerListHeader (C:\Users\Bigmo\Revature\Perfect-Personnel-Placement\frontend\src\components\trainers\TrainerListHeader\index.tsx:17:22)
    at renderWithHooks (C:\Users\Bigmo\Revature\Perfect-Personnel-Placement\frontend\node_modules\react-dom\cjs\react-dom.development.js:14803:18)
    at mountIndeterminateComponent (C:\Users\Bigmo\Revature\Perfect-Personnel-Placement\frontend\node_modules\react-dom\cjs\react-dom.development.js:17482:13)
    at beginWork (C:\Users\Bigmo\Revature\Perfect-Personnel-Placement\frontend\node_modules\react-dom\cjs\react-dom.development.js:18596:16)
    at HTMLUnknownElement.callCallback (C:\Users\Bigmo\Revature\Perfect-Personnel-Placement\frontend\node_modules\react-dom\cjs\react-dom.development.js:188:14)
    at invokeEventListeners (C:\Users\Bigmo\Revature\Perfect-Personnel-Placement\frontend\node_modules\jest-environment-enzyme\node_modules\jsdom\lib\jsdom\living\events\EventTarget-impl.js:193:27)
    at HTMLUnknownElementImpl._dispatch (C:\Users\Bigmo\Revature\Perfect-Personnel-Placement\frontend\node_modules\jest-environment-enzyme\node_modules\jsdom\lib\jsdom\living\events\EventTarget-impl.js:119:9)
    at HTMLUnknownElementImpl.dispatchEvent (C:\Users\Bigmo\Revature\Perfect-Personnel-Placement\frontend\node_modules\jest-environment-enzyme\node_modules\jsdom\lib\jsdom\living\events\EventTarget-impl.js:82:17)
    at HTMLUnknownElementImpl.dispatchEvent (C:\Users\Bigmo\Revature\Perfect-Personnel-Placement\frontend\node_modules\jest-environment-enzyme\node_modules\jsdom\lib\jsdom\living\nodes\HTMLElement-impl.js:30:27)
    at HTMLUnknownElement.dispatchEvent (C:\Users\Bigmo\Revature\Perfect-Personnel-Placement\frontend\node_modules\jest-environment-enzyme\node_modules\jsdom\lib\jsdom\living\generated\EventTarget.js:157:21)
    at Object.invokeGuardedCallbackDev (C:\Users\Bigmo\Revature\Perfect-Personnel-Placement\frontend\node_modules\react-dom\cjs\react-dom.development.js:237:16)
    at invokeGuardedCallback (C:\Users\Bigmo\Revature\Perfect-Personnel-Placement\frontend\node_modules\react-dom\cjs\react-dom.development.js:292:31)
    at beginWork$1 (C:\Users\Bigmo\Revature\Perfect-Personnel-Placement\frontend\node_modules\react-dom\cjs\react-dom.development.js:23203:7)
    at performUnitOfWork (C:\Users\Bigmo\Revature\Perfect-Personnel-Placement\frontend\node_modules\react-dom\cjs\react-dom.development.js:22157:12)
    at workLoopSync (C:\Users\Bigmo\Revature\Perfect-Personnel-Placement\frontend\node_modules\react-dom\cjs\react-dom.development.js:22130:22)
    at performSyncWorkOnRoot (C:\Users\Bigmo\Revature\Perfect-Personnel-Placement\frontend\node_modules\react-dom\cjs\react-dom.development.js:21756:9)
    at scheduleUpdateOnFiber (C:\Users\Bigmo\Revature\Perfect-Personnel-Placement\frontend\node_modules\react-dom\cjs\react-dom.development.js:21188:7)
    at updateContainer (C:\Users\Bigmo\Revature\Perfect-Personnel-Placement\frontend\node_modules\react-dom\cjs\react-dom.development.js:24373:3)
    at C:\Users\Bigmo\Revature\Perfect-Personnel-Placement\frontend\node_modules\react-dom\cjs\react-dom.development.js:24758:7
    at unbatchedUpdates (C:\Users\Bigmo\Revature\Perfect-Personnel-Placement\frontend\node_modules\react-dom\cjs\react-dom.development.js:21903:12)
    at legacyRenderSubtreeIntoContainer (C:\Users\Bigmo\Revature\Perfect-Personnel-Placement\frontend\node_modules\react-dom\cjs\react-dom.development.js:24757:5)
    at Object.render (C:\Users\Bigmo\Revature\Perfect-Personnel-Placement\frontend\node_modules\react-dom\cjs\react-dom.development.js:24840:10)
    at fn (C:\Users\Bigmo\Revature\Perfect-Personnel-Placement\frontend\node_modules\enzyme-adapter-react-16\src\ReactSixteenAdapter.js:488:26)
    at C:\Users\Bigmo\Revature\Perfect-Personnel-Placement\frontend\node_modules\enzyme-adapter-react-16\src\ReactSixteenAdapter.js:405:37
    at batchedUpdates$1 (C:\Users\Bigmo\Revature\Perfect-Personnel-Placement\frontend\node_modules\react-dom\cjs\react-dom.development.js:21856:12)
    at Object.act (C:\Users\Bigmo\Revature\Perfect-Personnel-Placement\frontend\node_modules\react-dom\cjs\react-dom-test-utils.development.js:929:14)
    at wrapAct (C:\Users\Bigmo\Revature\Perfect-Personnel-Placement\frontend\node_modules\enzyme-adapter-react-16\src\ReactSixteenAdapter.js:405:13)
    at Object.render (C:\Users\Bigmo\Revature\Perfect-Personnel-Placement\frontend\node_modules\enzyme-adapter-react-16\src\ReactSixteenAdapter.js:474:16)
    at new ReactWrapper (C:\Users\Bigmo\Revature\Perfect-Personnel-Placement\frontend\node_modules\enzyme\src\ReactWrapper.js:115:16)
    at mount (C:\Users\Bigmo\Revature\Perfect-Personnel-Placement\frontend\node_modules\enzyme\src\mount.js:10:10)
    at Object.<anonymous> (C:\Users\Bigmo\Revature\Perfect-Personnel-Placement\frontend\src\components\trainers\TrainerListHeader\TrainerListHeader.test.tsx:14:15)
    at Object.asyncJestLifecycle (C:\Users\Bigmo\Revature\Perfect-Personnel-Placement\frontend\node_modules\jest-jasmine2\build\jasmineAsyncInstall.js:58:37)
    at C:\Users\Bigmo\Revature\Perfect-Personnel-Placement\frontend\node_modules\jest-jasmine2\build\queueRunner.js:45:12
    at new Promise (<anonymous>)
    at mapper (C:\Users\Bigmo\Revature\Perfect-Personnel-Placement\frontend\node_modules\jest-jasmine2\build\queueRunner.js:28:19)
    at C:\Users\Bigmo\Revature\Perfect-Personnel-Placement\frontend\node_modules\jest-jasmine2\build\queueRunner.js:75:41
    at processTicksAndRejections (internal/process/task_queues.js:95:5)]]></failure>
      <failure message="TypeError: Cannot read property &apos;find&apos; of undefined"><![CDATA[TypeError: Cannot read property 'find' of undefined
    at Object.<anonymous> (C:\Users\Bigmo\Revature\Perfect-Personnel-Placement\frontend\src\components\trainers\TrainerListHeader\TrainerListHeader.test.tsx:31:37)
    at Object.asyncJestTest (C:\Users\Bigmo\Revature\Perfect-Personnel-Placement\frontend\node_modules\jest-jasmine2\build\jasmineAsyncInstall.js:106:37)
    at C:\Users\Bigmo\Revature\Perfect-Personnel-Placement\frontend\node_modules\jest-jasmine2\build\queueRunner.js:45:12
    at new Promise (<anonymous>)
    at mapper (C:\Users\Bigmo\Revature\Perfect-Personnel-Placement\frontend\node_modules\jest-jasmine2\build\queueRunner.js:28:19)
    at C:\Users\Bigmo\Revature\Perfect-Personnel-Placement\frontend\node_modules\jest-jasmine2\build\queueRunner.js:75:41
    at processTicksAndRejections (internal/process/task_queues.js:95:5)]]></failure>
    </testCase>
  </file>
  <file path="C:\Users\Bigmo\Revature\Perfect-Personnel-Placement\frontend\src\components\clients_old\__tests__\EditDemandScreen.test.js">
  </file>
  <file path="C:\Users\Bigmo\Revature\Perfect-Personnel-Placement\frontend\src\Screens\AddClient\AddClient.test.tsx">
    <testCase name="Batches should be there" duration="128">
      <failure message="Error: Couldn&apos;t find a navigation object. Is your component inside NavigationContainer?"><![CDATA[Error: Couldn't find a navigation object. Is your component inside NavigationContainer?
    at useNavigation (C:\Users\Bigmo\Revature\Perfect-Personnel-Placement\frontend\node_modules\@react-navigation\core\lib\commonjs\useNavigation.tsx:19:11)
    at AddClient (C:\Users\Bigmo\Revature\Perfect-Personnel-Placement\frontend\src\Screens\AddClient\index.tsx:30:22)
    at renderWithHooks (C:\Users\Bigmo\Revature\Perfect-Personnel-Placement\frontend\node_modules\react-dom\cjs\react-dom.development.js:14803:18)
    at mountIndeterminateComponent (C:\Users\Bigmo\Revature\Perfect-Personnel-Placement\frontend\node_modules\react-dom\cjs\react-dom.development.js:17482:13)
    at beginWork (C:\Users\Bigmo\Revature\Perfect-Personnel-Placement\frontend\node_modules\react-dom\cjs\react-dom.development.js:18596:16)
    at HTMLUnknownElement.callCallback (C:\Users\Bigmo\Revature\Perfect-Personnel-Placement\frontend\node_modules\react-dom\cjs\react-dom.development.js:188:14)
    at invokeEventListeners (C:\Users\Bigmo\Revature\Perfect-Personnel-Placement\frontend\node_modules\jest-environment-enzyme\node_modules\jsdom\lib\jsdom\living\events\EventTarget-impl.js:193:27)
    at HTMLUnknownElementImpl._dispatch (C:\Users\Bigmo\Revature\Perfect-Personnel-Placement\frontend\node_modules\jest-environment-enzyme\node_modules\jsdom\lib\jsdom\living\events\EventTarget-impl.js:119:9)
    at HTMLUnknownElementImpl.dispatchEvent (C:\Users\Bigmo\Revature\Perfect-Personnel-Placement\frontend\node_modules\jest-environment-enzyme\node_modules\jsdom\lib\jsdom\living\events\EventTarget-impl.js:82:17)
    at HTMLUnknownElementImpl.dispatchEvent (C:\Users\Bigmo\Revature\Perfect-Personnel-Placement\frontend\node_modules\jest-environment-enzyme\node_modules\jsdom\lib\jsdom\living\nodes\HTMLElement-impl.js:30:27)
    at HTMLUnknownElement.dispatchEvent (C:\Users\Bigmo\Revature\Perfect-Personnel-Placement\frontend\node_modules\jest-environment-enzyme\node_modules\jsdom\lib\jsdom\living\generated\EventTarget.js:157:21)
    at Object.invokeGuardedCallbackDev (C:\Users\Bigmo\Revature\Perfect-Personnel-Placement\frontend\node_modules\react-dom\cjs\react-dom.development.js:237:16)
    at invokeGuardedCallback (C:\Users\Bigmo\Revature\Perfect-Personnel-Placement\frontend\node_modules\react-dom\cjs\react-dom.development.js:292:31)
    at beginWork$1 (C:\Users\Bigmo\Revature\Perfect-Personnel-Placement\frontend\node_modules\react-dom\cjs\react-dom.development.js:23203:7)
    at performUnitOfWork (C:\Users\Bigmo\Revature\Perfect-Personnel-Placement\frontend\node_modules\react-dom\cjs\react-dom.development.js:22157:12)
    at workLoopSync (C:\Users\Bigmo\Revature\Perfect-Personnel-Placement\frontend\node_modules\react-dom\cjs\react-dom.development.js:22130:22)
    at performSyncWorkOnRoot (C:\Users\Bigmo\Revature\Perfect-Personnel-Placement\frontend\node_modules\react-dom\cjs\react-dom.development.js:21756:9)
    at scheduleUpdateOnFiber (C:\Users\Bigmo\Revature\Perfect-Personnel-Placement\frontend\node_modules\react-dom\cjs\react-dom.development.js:21188:7)
    at updateContainer (C:\Users\Bigmo\Revature\Perfect-Personnel-Placement\frontend\node_modules\react-dom\cjs\react-dom.development.js:24373:3)
    at C:\Users\Bigmo\Revature\Perfect-Personnel-Placement\frontend\node_modules\react-dom\cjs\react-dom.development.js:24758:7
    at unbatchedUpdates (C:\Users\Bigmo\Revature\Perfect-Personnel-Placement\frontend\node_modules\react-dom\cjs\react-dom.development.js:21903:12)
    at legacyRenderSubtreeIntoContainer (C:\Users\Bigmo\Revature\Perfect-Personnel-Placement\frontend\node_modules\react-dom\cjs\react-dom.development.js:24757:5)
    at Object.render (C:\Users\Bigmo\Revature\Perfect-Personnel-Placement\frontend\node_modules\react-dom\cjs\react-dom.development.js:24840:10)
    at fn (C:\Users\Bigmo\Revature\Perfect-Personnel-Placement\frontend\node_modules\enzyme-adapter-react-16\src\ReactSixteenAdapter.js:488:26)
    at C:\Users\Bigmo\Revature\Perfect-Personnel-Placement\frontend\node_modules\enzyme-adapter-react-16\src\ReactSixteenAdapter.js:405:37
    at batchedUpdates$1 (C:\Users\Bigmo\Revature\Perfect-Personnel-Placement\frontend\node_modules\react-dom\cjs\react-dom.development.js:21856:12)
    at Object.act (C:\Users\Bigmo\Revature\Perfect-Personnel-Placement\frontend\node_modules\react-dom\cjs\react-dom-test-utils.development.js:929:14)
    at wrapAct (C:\Users\Bigmo\Revature\Perfect-Personnel-Placement\frontend\node_modules\enzyme-adapter-react-16\src\ReactSixteenAdapter.js:405:13)
    at Object.render (C:\Users\Bigmo\Revature\Perfect-Personnel-Placement\frontend\node_modules\enzyme-adapter-react-16\src\ReactSixteenAdapter.js:474:16)
    at new ReactWrapper (C:\Users\Bigmo\Revature\Perfect-Personnel-Placement\frontend\node_modules\enzyme\src\ReactWrapper.js:115:16)
    at mount (C:\Users\Bigmo\Revature\Perfect-Personnel-Placement\frontend\node_modules\enzyme\src\mount.js:10:10)
    at Object.<anonymous> (C:\Users\Bigmo\Revature\Perfect-Personnel-Placement\frontend\src\Screens\AddClient\AddClient.test.tsx:11:15)
    at Object.asyncJestLifecycle (C:\Users\Bigmo\Revature\Perfect-Personnel-Placement\frontend\node_modules\jest-jasmine2\build\jasmineAsyncInstall.js:58:37)
    at C:\Users\Bigmo\Revature\Perfect-Personnel-Placement\frontend\node_modules\jest-jasmine2\build\queueRunner.js:45:12
    at new Promise (<anonymous>)
    at mapper (C:\Users\Bigmo\Revature\Perfect-Personnel-Placement\frontend\node_modules\jest-jasmine2\build\queueRunner.js:28:19)
    at C:\Users\Bigmo\Revature\Perfect-Personnel-Placement\frontend\node_modules\jest-jasmine2\build\queueRunner.js:75:41
    at processTicksAndRejections (internal/process/task_queues.js:95:5)]]></failure>
      <failure message="Error: expect(received).not.toBe(expected) // Object.is equality"><![CDATA[Error: expect(received).not.toBe(expected) // Object.is equality

Expected: not undefined
    at Object.<anonymous> (C:\Users\Bigmo\Revature\Perfect-Personnel-Placement\frontend\src\Screens\AddClient\AddClient.test.tsx:16:25)
    at Object.asyncJestTest (C:\Users\Bigmo\Revature\Perfect-Personnel-Placement\frontend\node_modules\jest-jasmine2\build\jasmineAsyncInstall.js:106:37)
    at C:\Users\Bigmo\Revature\Perfect-Personnel-Placement\frontend\node_modules\jest-jasmine2\build\queueRunner.js:45:12
    at new Promise (<anonymous>)
    at mapper (C:\Users\Bigmo\Revature\Perfect-Personnel-Placement\frontend\node_modules\jest-jasmine2\build\queueRunner.js:28:19)
    at C:\Users\Bigmo\Revature\Perfect-Personnel-Placement\frontend\node_modules\jest-jasmine2\build\queueRunner.js:75:41
    at processTicksAndRejections (internal/process/task_queues.js:95:5)]]></failure>
    </testCase>
    <testCase name="Batches should display the header" duration="6">
      <failure message="Error: Couldn&apos;t find a navigation object. Is your component inside NavigationContainer?"><![CDATA[Error: Couldn't find a navigation object. Is your component inside NavigationContainer?
    at useNavigation (C:\Users\Bigmo\Revature\Perfect-Personnel-Placement\frontend\node_modules\@react-navigation\core\lib\commonjs\useNavigation.tsx:19:11)
    at AddClient (C:\Users\Bigmo\Revature\Perfect-Personnel-Placement\frontend\src\Screens\AddClient\index.tsx:30:22)
    at renderWithHooks (C:\Users\Bigmo\Revature\Perfect-Personnel-Placement\frontend\node_modules\react-dom\cjs\react-dom.development.js:14803:18)
    at mountIndeterminateComponent (C:\Users\Bigmo\Revature\Perfect-Personnel-Placement\frontend\node_modules\react-dom\cjs\react-dom.development.js:17482:13)
    at beginWork (C:\Users\Bigmo\Revature\Perfect-Personnel-Placement\frontend\node_modules\react-dom\cjs\react-dom.development.js:18596:16)
    at HTMLUnknownElement.callCallback (C:\Users\Bigmo\Revature\Perfect-Personnel-Placement\frontend\node_modules\react-dom\cjs\react-dom.development.js:188:14)
    at invokeEventListeners (C:\Users\Bigmo\Revature\Perfect-Personnel-Placement\frontend\node_modules\jest-environment-enzyme\node_modules\jsdom\lib\jsdom\living\events\EventTarget-impl.js:193:27)
    at HTMLUnknownElementImpl._dispatch (C:\Users\Bigmo\Revature\Perfect-Personnel-Placement\frontend\node_modules\jest-environment-enzyme\node_modules\jsdom\lib\jsdom\living\events\EventTarget-impl.js:119:9)
    at HTMLUnknownElementImpl.dispatchEvent (C:\Users\Bigmo\Revature\Perfect-Personnel-Placement\frontend\node_modules\jest-environment-enzyme\node_modules\jsdom\lib\jsdom\living\events\EventTarget-impl.js:82:17)
    at HTMLUnknownElementImpl.dispatchEvent (C:\Users\Bigmo\Revature\Perfect-Personnel-Placement\frontend\node_modules\jest-environment-enzyme\node_modules\jsdom\lib\jsdom\living\nodes\HTMLElement-impl.js:30:27)
    at HTMLUnknownElement.dispatchEvent (C:\Users\Bigmo\Revature\Perfect-Personnel-Placement\frontend\node_modules\jest-environment-enzyme\node_modules\jsdom\lib\jsdom\living\generated\EventTarget.js:157:21)
    at Object.invokeGuardedCallbackDev (C:\Users\Bigmo\Revature\Perfect-Personnel-Placement\frontend\node_modules\react-dom\cjs\react-dom.development.js:237:16)
    at invokeGuardedCallback (C:\Users\Bigmo\Revature\Perfect-Personnel-Placement\frontend\node_modules\react-dom\cjs\react-dom.development.js:292:31)
    at beginWork$1 (C:\Users\Bigmo\Revature\Perfect-Personnel-Placement\frontend\node_modules\react-dom\cjs\react-dom.development.js:23203:7)
    at performUnitOfWork (C:\Users\Bigmo\Revature\Perfect-Personnel-Placement\frontend\node_modules\react-dom\cjs\react-dom.development.js:22157:12)
    at workLoopSync (C:\Users\Bigmo\Revature\Perfect-Personnel-Placement\frontend\node_modules\react-dom\cjs\react-dom.development.js:22130:22)
    at performSyncWorkOnRoot (C:\Users\Bigmo\Revature\Perfect-Personnel-Placement\frontend\node_modules\react-dom\cjs\react-dom.development.js:21756:9)
    at scheduleUpdateOnFiber (C:\Users\Bigmo\Revature\Perfect-Personnel-Placement\frontend\node_modules\react-dom\cjs\react-dom.development.js:21188:7)
    at updateContainer (C:\Users\Bigmo\Revature\Perfect-Personnel-Placement\frontend\node_modules\react-dom\cjs\react-dom.development.js:24373:3)
    at C:\Users\Bigmo\Revature\Perfect-Personnel-Placement\frontend\node_modules\react-dom\cjs\react-dom.development.js:24758:7
    at unbatchedUpdates (C:\Users\Bigmo\Revature\Perfect-Personnel-Placement\frontend\node_modules\react-dom\cjs\react-dom.development.js:21903:12)
    at legacyRenderSubtreeIntoContainer (C:\Users\Bigmo\Revature\Perfect-Personnel-Placement\frontend\node_modules\react-dom\cjs\react-dom.development.js:24757:5)
    at Object.render (C:\Users\Bigmo\Revature\Perfect-Personnel-Placement\frontend\node_modules\react-dom\cjs\react-dom.development.js:24840:10)
    at fn (C:\Users\Bigmo\Revature\Perfect-Personnel-Placement\frontend\node_modules\enzyme-adapter-react-16\src\ReactSixteenAdapter.js:488:26)
    at C:\Users\Bigmo\Revature\Perfect-Personnel-Placement\frontend\node_modules\enzyme-adapter-react-16\src\ReactSixteenAdapter.js:405:37
    at batchedUpdates$1 (C:\Users\Bigmo\Revature\Perfect-Personnel-Placement\frontend\node_modules\react-dom\cjs\react-dom.development.js:21856:12)
    at Object.act (C:\Users\Bigmo\Revature\Perfect-Personnel-Placement\frontend\node_modules\react-dom\cjs\react-dom-test-utils.development.js:929:14)
    at wrapAct (C:\Users\Bigmo\Revature\Perfect-Personnel-Placement\frontend\node_modules\enzyme-adapter-react-16\src\ReactSixteenAdapter.js:405:13)
    at Object.render (C:\Users\Bigmo\Revature\Perfect-Personnel-Placement\frontend\node_modules\enzyme-adapter-react-16\src\ReactSixteenAdapter.js:474:16)
    at new ReactWrapper (C:\Users\Bigmo\Revature\Perfect-Personnel-Placement\frontend\node_modules\enzyme\src\ReactWrapper.js:115:16)
    at mount (C:\Users\Bigmo\Revature\Perfect-Personnel-Placement\frontend\node_modules\enzyme\src\mount.js:10:10)
    at Object.<anonymous> (C:\Users\Bigmo\Revature\Perfect-Personnel-Placement\frontend\src\Screens\AddClient\AddClient.test.tsx:11:15)
    at Object.asyncJestLifecycle (C:\Users\Bigmo\Revature\Perfect-Personnel-Placement\frontend\node_modules\jest-jasmine2\build\jasmineAsyncInstall.js:58:37)
    at C:\Users\Bigmo\Revature\Perfect-Personnel-Placement\frontend\node_modules\jest-jasmine2\build\queueRunner.js:45:12
    at new Promise (<anonymous>)
    at mapper (C:\Users\Bigmo\Revature\Perfect-Personnel-Placement\frontend\node_modules\jest-jasmine2\build\queueRunner.js:28:19)
    at C:\Users\Bigmo\Revature\Perfect-Personnel-Placement\frontend\node_modules\jest-jasmine2\build\queueRunner.js:75:41
    at processTicksAndRejections (internal/process/task_queues.js:95:5)]]></failure>
      <failure message="TypeError: Cannot read property &apos;find&apos; of undefined"><![CDATA[TypeError: Cannot read property 'find' of undefined
    at Object.<anonymous> (C:\Users\Bigmo\Revature\Perfect-Personnel-Placement\frontend\src\Screens\AddClient\AddClient.test.tsx:21:36)
    at Object.asyncJestTest (C:\Users\Bigmo\Revature\Perfect-Personnel-Placement\frontend\node_modules\jest-jasmine2\build\jasmineAsyncInstall.js:106:37)
    at C:\Users\Bigmo\Revature\Perfect-Personnel-Placement\frontend\node_modules\jest-jasmine2\build\queueRunner.js:45:12
    at new Promise (<anonymous>)
    at mapper (C:\Users\Bigmo\Revature\Perfect-Personnel-Placement\frontend\node_modules\jest-jasmine2\build\queueRunner.js:28:19)
    at C:\Users\Bigmo\Revature\Perfect-Personnel-Placement\frontend\node_modules\jest-jasmine2\build\queueRunner.js:75:41
    at processTicksAndRejections (internal/process/task_queues.js:95:5)]]></failure>
    </testCase>
    <testCase name="Batches should be pressed" duration="6">
      <failure message="Error: Couldn&apos;t find a navigation object. Is your component inside NavigationContainer?"><![CDATA[Error: Couldn't find a navigation object. Is your component inside NavigationContainer?
    at useNavigation (C:\Users\Bigmo\Revature\Perfect-Personnel-Placement\frontend\node_modules\@react-navigation\core\lib\commonjs\useNavigation.tsx:19:11)
    at AddClient (C:\Users\Bigmo\Revature\Perfect-Personnel-Placement\frontend\src\Screens\AddClient\index.tsx:30:22)
    at renderWithHooks (C:\Users\Bigmo\Revature\Perfect-Personnel-Placement\frontend\node_modules\react-dom\cjs\react-dom.development.js:14803:18)
    at mountIndeterminateComponent (C:\Users\Bigmo\Revature\Perfect-Personnel-Placement\frontend\node_modules\react-dom\cjs\react-dom.development.js:17482:13)
    at beginWork (C:\Users\Bigmo\Revature\Perfect-Personnel-Placement\frontend\node_modules\react-dom\cjs\react-dom.development.js:18596:16)
    at HTMLUnknownElement.callCallback (C:\Users\Bigmo\Revature\Perfect-Personnel-Placement\frontend\node_modules\react-dom\cjs\react-dom.development.js:188:14)
    at invokeEventListeners (C:\Users\Bigmo\Revature\Perfect-Personnel-Placement\frontend\node_modules\jest-environment-enzyme\node_modules\jsdom\lib\jsdom\living\events\EventTarget-impl.js:193:27)
    at HTMLUnknownElementImpl._dispatch (C:\Users\Bigmo\Revature\Perfect-Personnel-Placement\frontend\node_modules\jest-environment-enzyme\node_modules\jsdom\lib\jsdom\living\events\EventTarget-impl.js:119:9)
    at HTMLUnknownElementImpl.dispatchEvent (C:\Users\Bigmo\Revature\Perfect-Personnel-Placement\frontend\node_modules\jest-environment-enzyme\node_modules\jsdom\lib\jsdom\living\events\EventTarget-impl.js:82:17)
    at HTMLUnknownElementImpl.dispatchEvent (C:\Users\Bigmo\Revature\Perfect-Personnel-Placement\frontend\node_modules\jest-environment-enzyme\node_modules\jsdom\lib\jsdom\living\nodes\HTMLElement-impl.js:30:27)
    at HTMLUnknownElement.dispatchEvent (C:\Users\Bigmo\Revature\Perfect-Personnel-Placement\frontend\node_modules\jest-environment-enzyme\node_modules\jsdom\lib\jsdom\living\generated\EventTarget.js:157:21)
    at Object.invokeGuardedCallbackDev (C:\Users\Bigmo\Revature\Perfect-Personnel-Placement\frontend\node_modules\react-dom\cjs\react-dom.development.js:237:16)
    at invokeGuardedCallback (C:\Users\Bigmo\Revature\Perfect-Personnel-Placement\frontend\node_modules\react-dom\cjs\react-dom.development.js:292:31)
    at beginWork$1 (C:\Users\Bigmo\Revature\Perfect-Personnel-Placement\frontend\node_modules\react-dom\cjs\react-dom.development.js:23203:7)
    at performUnitOfWork (C:\Users\Bigmo\Revature\Perfect-Personnel-Placement\frontend\node_modules\react-dom\cjs\react-dom.development.js:22157:12)
    at workLoopSync (C:\Users\Bigmo\Revature\Perfect-Personnel-Placement\frontend\node_modules\react-dom\cjs\react-dom.development.js:22130:22)
    at performSyncWorkOnRoot (C:\Users\Bigmo\Revature\Perfect-Personnel-Placement\frontend\node_modules\react-dom\cjs\react-dom.development.js:21756:9)
    at scheduleUpdateOnFiber (C:\Users\Bigmo\Revature\Perfect-Personnel-Placement\frontend\node_modules\react-dom\cjs\react-dom.development.js:21188:7)
    at updateContainer (C:\Users\Bigmo\Revature\Perfect-Personnel-Placement\frontend\node_modules\react-dom\cjs\react-dom.development.js:24373:3)
    at C:\Users\Bigmo\Revature\Perfect-Personnel-Placement\frontend\node_modules\react-dom\cjs\react-dom.development.js:24758:7
    at unbatchedUpdates (C:\Users\Bigmo\Revature\Perfect-Personnel-Placement\frontend\node_modules\react-dom\cjs\react-dom.development.js:21903:12)
    at legacyRenderSubtreeIntoContainer (C:\Users\Bigmo\Revature\Perfect-Personnel-Placement\frontend\node_modules\react-dom\cjs\react-dom.development.js:24757:5)
    at Object.render (C:\Users\Bigmo\Revature\Perfect-Personnel-Placement\frontend\node_modules\react-dom\cjs\react-dom.development.js:24840:10)
    at fn (C:\Users\Bigmo\Revature\Perfect-Personnel-Placement\frontend\node_modules\enzyme-adapter-react-16\src\ReactSixteenAdapter.js:488:26)
    at C:\Users\Bigmo\Revature\Perfect-Personnel-Placement\frontend\node_modules\enzyme-adapter-react-16\src\ReactSixteenAdapter.js:405:37
    at batchedUpdates$1 (C:\Users\Bigmo\Revature\Perfect-Personnel-Placement\frontend\node_modules\react-dom\cjs\react-dom.development.js:21856:12)
    at Object.act (C:\Users\Bigmo\Revature\Perfect-Personnel-Placement\frontend\node_modules\react-dom\cjs\react-dom-test-utils.development.js:929:14)
    at wrapAct (C:\Users\Bigmo\Revature\Perfect-Personnel-Placement\frontend\node_modules\enzyme-adapter-react-16\src\ReactSixteenAdapter.js:405:13)
    at Object.render (C:\Users\Bigmo\Revature\Perfect-Personnel-Placement\frontend\node_modules\enzyme-adapter-react-16\src\ReactSixteenAdapter.js:474:16)
    at new ReactWrapper (C:\Users\Bigmo\Revature\Perfect-Personnel-Placement\frontend\node_modules\enzyme\src\ReactWrapper.js:115:16)
    at mount (C:\Users\Bigmo\Revature\Perfect-Personnel-Placement\frontend\node_modules\enzyme\src\mount.js:10:10)
    at Object.<anonymous> (C:\Users\Bigmo\Revature\Perfect-Personnel-Placement\frontend\src\Screens\AddClient\AddClient.test.tsx:11:15)
    at Object.asyncJestLifecycle (C:\Users\Bigmo\Revature\Perfect-Personnel-Placement\frontend\node_modules\jest-jasmine2\build\jasmineAsyncInstall.js:58:37)
    at C:\Users\Bigmo\Revature\Perfect-Personnel-Placement\frontend\node_modules\jest-jasmine2\build\queueRunner.js:45:12
    at new Promise (<anonymous>)
    at mapper (C:\Users\Bigmo\Revature\Perfect-Personnel-Placement\frontend\node_modules\jest-jasmine2\build\queueRunner.js:28:19)
    at C:\Users\Bigmo\Revature\Perfect-Personnel-Placement\frontend\node_modules\jest-jasmine2\build\queueRunner.js:75:41
    at processTicksAndRejections (internal/process/task_queues.js:95:5)]]></failure>
      <failure message="TypeError: Cannot read property &apos;find&apos; of undefined"><![CDATA[TypeError: Cannot read property 'find' of undefined
    at Object.<anonymous> (C:\Users\Bigmo\Revature\Perfect-Personnel-Placement\frontend\src\Screens\AddClient\AddClient.test.tsx:28:37)
    at Object.asyncJestTest (C:\Users\Bigmo\Revature\Perfect-Personnel-Placement\frontend\node_modules\jest-jasmine2\build\jasmineAsyncInstall.js:106:37)
    at C:\Users\Bigmo\Revature\Perfect-Personnel-Placement\frontend\node_modules\jest-jasmine2\build\queueRunner.js:45:12
    at new Promise (<anonymous>)
    at mapper (C:\Users\Bigmo\Revature\Perfect-Personnel-Placement\frontend\node_modules\jest-jasmine2\build\queueRunner.js:28:19)
    at C:\Users\Bigmo\Revature\Perfect-Personnel-Placement\frontend\node_modules\jest-jasmine2\build\queueRunner.js:75:41
    at processTicksAndRejections (internal/process/task_queues.js:95:5)]]></failure>
    </testCase>
  </file>
  <file path="C:\Users\Bigmo\Revature\Perfect-Personnel-Placement\frontend\src\components\clients_old\__tests__\EditClient.test.js">
  </file>
  <file path="C:\Users\Bigmo\Revature\Perfect-Personnel-Placement\frontend\src\Screens\Clients\Clients.test.tsx">
    <testCase name="Batches should be there" duration="1776">
      <failure message="Error: Couldn&apos;t find a navigation object. Is your component inside NavigationContainer?"><![CDATA[Error: Couldn't find a navigation object. Is your component inside NavigationContainer?
    at useNavigation (C:\Users\Bigmo\Revature\Perfect-Personnel-Placement\frontend\node_modules\@react-navigation\core\lib\commonjs\useNavigation.tsx:19:11)
    at ClientsListItem (C:\Users\Bigmo\Revature\Perfect-Personnel-Placement\frontend\src\components\Clients\ClientsListItem\index.tsx:15:22)
    at renderWithHooks (C:\Users\Bigmo\Revature\Perfect-Personnel-Placement\frontend\node_modules\react-dom\cjs\react-dom.development.js:14803:18)
    at mountIndeterminateComponent (C:\Users\Bigmo\Revature\Perfect-Personnel-Placement\frontend\node_modules\react-dom\cjs\react-dom.development.js:17482:13)
    at beginWork (C:\Users\Bigmo\Revature\Perfect-Personnel-Placement\frontend\node_modules\react-dom\cjs\react-dom.development.js:18596:16)
    at HTMLUnknownElement.callCallback (C:\Users\Bigmo\Revature\Perfect-Personnel-Placement\frontend\node_modules\react-dom\cjs\react-dom.development.js:188:14)
    at invokeEventListeners (C:\Users\Bigmo\Revature\Perfect-Personnel-Placement\frontend\node_modules\jest-environment-enzyme\node_modules\jsdom\lib\jsdom\living\events\EventTarget-impl.js:193:27)
    at HTMLUnknownElementImpl._dispatch (C:\Users\Bigmo\Revature\Perfect-Personnel-Placement\frontend\node_modules\jest-environment-enzyme\node_modules\jsdom\lib\jsdom\living\events\EventTarget-impl.js:119:9)
    at HTMLUnknownElementImpl.dispatchEvent (C:\Users\Bigmo\Revature\Perfect-Personnel-Placement\frontend\node_modules\jest-environment-enzyme\node_modules\jsdom\lib\jsdom\living\events\EventTarget-impl.js:82:17)
    at HTMLUnknownElementImpl.dispatchEvent (C:\Users\Bigmo\Revature\Perfect-Personnel-Placement\frontend\node_modules\jest-environment-enzyme\node_modules\jsdom\lib\jsdom\living\nodes\HTMLElement-impl.js:30:27)
    at HTMLUnknownElement.dispatchEvent (C:\Users\Bigmo\Revature\Perfect-Personnel-Placement\frontend\node_modules\jest-environment-enzyme\node_modules\jsdom\lib\jsdom\living\generated\EventTarget.js:157:21)
    at Object.invokeGuardedCallbackDev (C:\Users\Bigmo\Revature\Perfect-Personnel-Placement\frontend\node_modules\react-dom\cjs\react-dom.development.js:237:16)
    at invokeGuardedCallback (C:\Users\Bigmo\Revature\Perfect-Personnel-Placement\frontend\node_modules\react-dom\cjs\react-dom.development.js:292:31)
    at beginWork$1 (C:\Users\Bigmo\Revature\Perfect-Personnel-Placement\frontend\node_modules\react-dom\cjs\react-dom.development.js:23203:7)
    at performUnitOfWork (C:\Users\Bigmo\Revature\Perfect-Personnel-Placement\frontend\node_modules\react-dom\cjs\react-dom.development.js:22157:12)
    at workLoopSync (C:\Users\Bigmo\Revature\Perfect-Personnel-Placement\frontend\node_modules\react-dom\cjs\react-dom.development.js:22130:22)
    at performSyncWorkOnRoot (C:\Users\Bigmo\Revature\Perfect-Personnel-Placement\frontend\node_modules\react-dom\cjs\react-dom.development.js:21756:9)
    at scheduleUpdateOnFiber (C:\Users\Bigmo\Revature\Perfect-Personnel-Placement\frontend\node_modules\react-dom\cjs\react-dom.development.js:21188:7)
    at updateContainer (C:\Users\Bigmo\Revature\Perfect-Personnel-Placement\frontend\node_modules\react-dom\cjs\react-dom.development.js:24373:3)
    at C:\Users\Bigmo\Revature\Perfect-Personnel-Placement\frontend\node_modules\react-dom\cjs\react-dom.development.js:24758:7
    at unbatchedUpdates (C:\Users\Bigmo\Revature\Perfect-Personnel-Placement\frontend\node_modules\react-dom\cjs\react-dom.development.js:21903:12)
    at legacyRenderSubtreeIntoContainer (C:\Users\Bigmo\Revature\Perfect-Personnel-Placement\frontend\node_modules\react-dom\cjs\react-dom.development.js:24757:5)
    at Object.render (C:\Users\Bigmo\Revature\Perfect-Personnel-Placement\frontend\node_modules\react-dom\cjs\react-dom.development.js:24840:10)
    at fn (C:\Users\Bigmo\Revature\Perfect-Personnel-Placement\frontend\node_modules\enzyme-adapter-react-16\src\ReactSixteenAdapter.js:488:26)
    at C:\Users\Bigmo\Revature\Perfect-Personnel-Placement\frontend\node_modules\enzyme-adapter-react-16\src\ReactSixteenAdapter.js:405:37
    at batchedUpdates$1 (C:\Users\Bigmo\Revature\Perfect-Personnel-Placement\frontend\node_modules\react-dom\cjs\react-dom.development.js:21856:12)
    at Object.act (C:\Users\Bigmo\Revature\Perfect-Personnel-Placement\frontend\node_modules\react-dom\cjs\react-dom-test-utils.development.js:929:14)
    at wrapAct (C:\Users\Bigmo\Revature\Perfect-Personnel-Placement\frontend\node_modules\enzyme-adapter-react-16\src\ReactSixteenAdapter.js:405:13)
    at Object.render (C:\Users\Bigmo\Revature\Perfect-Personnel-Placement\frontend\node_modules\enzyme-adapter-react-16\src\ReactSixteenAdapter.js:474:16)
    at new ReactWrapper (C:\Users\Bigmo\Revature\Perfect-Personnel-Placement\frontend\node_modules\enzyme\src\ReactWrapper.js:115:16)
    at mount (C:\Users\Bigmo\Revature\Perfect-Personnel-Placement\frontend\node_modules\enzyme\src\mount.js:10:10)
    at Object.<anonymous> (C:\Users\Bigmo\Revature\Perfect-Personnel-Placement\frontend\src\Screens\Clients\Clients.test.tsx:11:15)
    at Object.asyncJestLifecycle (C:\Users\Bigmo\Revature\Perfect-Personnel-Placement\frontend\node_modules\jest-jasmine2\build\jasmineAsyncInstall.js:58:37)
    at C:\Users\Bigmo\Revature\Perfect-Personnel-Placement\frontend\node_modules\jest-jasmine2\build\queueRunner.js:45:12
    at new Promise (<anonymous>)
    at mapper (C:\Users\Bigmo\Revature\Perfect-Personnel-Placement\frontend\node_modules\jest-jasmine2\build\queueRunner.js:28:19)
    at C:\Users\Bigmo\Revature\Perfect-Personnel-Placement\frontend\node_modules\jest-jasmine2\build\queueRunner.js:75:41
    at processTicksAndRejections (internal/process/task_queues.js:95:5)]]></failure>
      <failure message="Error: expect(received).not.toBe(expected) // Object.is equality"><![CDATA[Error: expect(received).not.toBe(expected) // Object.is equality

Expected: not undefined
    at Object.<anonymous> (C:\Users\Bigmo\Revature\Perfect-Personnel-Placement\frontend\src\Screens\Clients\Clients.test.tsx:16:25)
    at Object.asyncJestTest (C:\Users\Bigmo\Revature\Perfect-Personnel-Placement\frontend\node_modules\jest-jasmine2\build\jasmineAsyncInstall.js:106:37)
    at C:\Users\Bigmo\Revature\Perfect-Personnel-Placement\frontend\node_modules\jest-jasmine2\build\queueRunner.js:45:12
    at new Promise (<anonymous>)
    at mapper (C:\Users\Bigmo\Revature\Perfect-Personnel-Placement\frontend\node_modules\jest-jasmine2\build\queueRunner.js:28:19)
    at C:\Users\Bigmo\Revature\Perfect-Personnel-Placement\frontend\node_modules\jest-jasmine2\build\queueRunner.js:75:41
    at processTicksAndRejections (internal/process/task_queues.js:95:5)]]></failure>
    </testCase>
    <testCase name="Batches should display the header" duration="13">
      <failure message="Error: Couldn&apos;t find a navigation object. Is your component inside NavigationContainer?"><![CDATA[Error: Couldn't find a navigation object. Is your component inside NavigationContainer?
    at useNavigation (C:\Users\Bigmo\Revature\Perfect-Personnel-Placement\frontend\node_modules\@react-navigation\core\lib\commonjs\useNavigation.tsx:19:11)
    at ClientsListItem (C:\Users\Bigmo\Revature\Perfect-Personnel-Placement\frontend\src\components\Clients\ClientsListItem\index.tsx:15:22)
    at renderWithHooks (C:\Users\Bigmo\Revature\Perfect-Personnel-Placement\frontend\node_modules\react-dom\cjs\react-dom.development.js:14803:18)
    at mountIndeterminateComponent (C:\Users\Bigmo\Revature\Perfect-Personnel-Placement\frontend\node_modules\react-dom\cjs\react-dom.development.js:17482:13)
    at beginWork (C:\Users\Bigmo\Revature\Perfect-Personnel-Placement\frontend\node_modules\react-dom\cjs\react-dom.development.js:18596:16)
    at HTMLUnknownElement.callCallback (C:\Users\Bigmo\Revature\Perfect-Personnel-Placement\frontend\node_modules\react-dom\cjs\react-dom.development.js:188:14)
    at invokeEventListeners (C:\Users\Bigmo\Revature\Perfect-Personnel-Placement\frontend\node_modules\jest-environment-enzyme\node_modules\jsdom\lib\jsdom\living\events\EventTarget-impl.js:193:27)
    at HTMLUnknownElementImpl._dispatch (C:\Users\Bigmo\Revature\Perfect-Personnel-Placement\frontend\node_modules\jest-environment-enzyme\node_modules\jsdom\lib\jsdom\living\events\EventTarget-impl.js:119:9)
    at HTMLUnknownElementImpl.dispatchEvent (C:\Users\Bigmo\Revature\Perfect-Personnel-Placement\frontend\node_modules\jest-environment-enzyme\node_modules\jsdom\lib\jsdom\living\events\EventTarget-impl.js:82:17)
    at HTMLUnknownElementImpl.dispatchEvent (C:\Users\Bigmo\Revature\Perfect-Personnel-Placement\frontend\node_modules\jest-environment-enzyme\node_modules\jsdom\lib\jsdom\living\nodes\HTMLElement-impl.js:30:27)
    at HTMLUnknownElement.dispatchEvent (C:\Users\Bigmo\Revature\Perfect-Personnel-Placement\frontend\node_modules\jest-environment-enzyme\node_modules\jsdom\lib\jsdom\living\generated\EventTarget.js:157:21)
    at Object.invokeGuardedCallbackDev (C:\Users\Bigmo\Revature\Perfect-Personnel-Placement\frontend\node_modules\react-dom\cjs\react-dom.development.js:237:16)
    at invokeGuardedCallback (C:\Users\Bigmo\Revature\Perfect-Personnel-Placement\frontend\node_modules\react-dom\cjs\react-dom.development.js:292:31)
    at beginWork$1 (C:\Users\Bigmo\Revature\Perfect-Personnel-Placement\frontend\node_modules\react-dom\cjs\react-dom.development.js:23203:7)
    at performUnitOfWork (C:\Users\Bigmo\Revature\Perfect-Personnel-Placement\frontend\node_modules\react-dom\cjs\react-dom.development.js:22157:12)
    at workLoopSync (C:\Users\Bigmo\Revature\Perfect-Personnel-Placement\frontend\node_modules\react-dom\cjs\react-dom.development.js:22130:22)
    at performSyncWorkOnRoot (C:\Users\Bigmo\Revature\Perfect-Personnel-Placement\frontend\node_modules\react-dom\cjs\react-dom.development.js:21756:9)
    at scheduleUpdateOnFiber (C:\Users\Bigmo\Revature\Perfect-Personnel-Placement\frontend\node_modules\react-dom\cjs\react-dom.development.js:21188:7)
    at updateContainer (C:\Users\Bigmo\Revature\Perfect-Personnel-Placement\frontend\node_modules\react-dom\cjs\react-dom.development.js:24373:3)
    at C:\Users\Bigmo\Revature\Perfect-Personnel-Placement\frontend\node_modules\react-dom\cjs\react-dom.development.js:24758:7
    at unbatchedUpdates (C:\Users\Bigmo\Revature\Perfect-Personnel-Placement\frontend\node_modules\react-dom\cjs\react-dom.development.js:21903:12)
    at legacyRenderSubtreeIntoContainer (C:\Users\Bigmo\Revature\Perfect-Personnel-Placement\frontend\node_modules\react-dom\cjs\react-dom.development.js:24757:5)
    at Object.render (C:\Users\Bigmo\Revature\Perfect-Personnel-Placement\frontend\node_modules\react-dom\cjs\react-dom.development.js:24840:10)
    at fn (C:\Users\Bigmo\Revature\Perfect-Personnel-Placement\frontend\node_modules\enzyme-adapter-react-16\src\ReactSixteenAdapter.js:488:26)
    at C:\Users\Bigmo\Revature\Perfect-Personnel-Placement\frontend\node_modules\enzyme-adapter-react-16\src\ReactSixteenAdapter.js:405:37
    at batchedUpdates$1 (C:\Users\Bigmo\Revature\Perfect-Personnel-Placement\frontend\node_modules\react-dom\cjs\react-dom.development.js:21856:12)
    at Object.act (C:\Users\Bigmo\Revature\Perfect-Personnel-Placement\frontend\node_modules\react-dom\cjs\react-dom-test-utils.development.js:929:14)
    at wrapAct (C:\Users\Bigmo\Revature\Perfect-Personnel-Placement\frontend\node_modules\enzyme-adapter-react-16\src\ReactSixteenAdapter.js:405:13)
    at Object.render (C:\Users\Bigmo\Revature\Perfect-Personnel-Placement\frontend\node_modules\enzyme-adapter-react-16\src\ReactSixteenAdapter.js:474:16)
    at new ReactWrapper (C:\Users\Bigmo\Revature\Perfect-Personnel-Placement\frontend\node_modules\enzyme\src\ReactWrapper.js:115:16)
    at mount (C:\Users\Bigmo\Revature\Perfect-Personnel-Placement\frontend\node_modules\enzyme\src\mount.js:10:10)
    at Object.<anonymous> (C:\Users\Bigmo\Revature\Perfect-Personnel-Placement\frontend\src\Screens\Clients\Clients.test.tsx:11:15)
    at Object.asyncJestLifecycle (C:\Users\Bigmo\Revature\Perfect-Personnel-Placement\frontend\node_modules\jest-jasmine2\build\jasmineAsyncInstall.js:58:37)
    at C:\Users\Bigmo\Revature\Perfect-Personnel-Placement\frontend\node_modules\jest-jasmine2\build\queueRunner.js:45:12
    at new Promise (<anonymous>)
    at mapper (C:\Users\Bigmo\Revature\Perfect-Personnel-Placement\frontend\node_modules\jest-jasmine2\build\queueRunner.js:28:19)
    at C:\Users\Bigmo\Revature\Perfect-Personnel-Placement\frontend\node_modules\jest-jasmine2\build\queueRunner.js:75:41
    at processTicksAndRejections (internal/process/task_queues.js:95:5)]]></failure>
      <failure message="TypeError: Cannot read property &apos;find&apos; of undefined"><![CDATA[TypeError: Cannot read property 'find' of undefined
    at Object.<anonymous> (C:\Users\Bigmo\Revature\Perfect-Personnel-Placement\frontend\src\Screens\Clients\Clients.test.tsx:21:36)
    at Object.asyncJestTest (C:\Users\Bigmo\Revature\Perfect-Personnel-Placement\frontend\node_modules\jest-jasmine2\build\jasmineAsyncInstall.js:106:37)
    at C:\Users\Bigmo\Revature\Perfect-Personnel-Placement\frontend\node_modules\jest-jasmine2\build\queueRunner.js:45:12
    at new Promise (<anonymous>)
    at mapper (C:\Users\Bigmo\Revature\Perfect-Personnel-Placement\frontend\node_modules\jest-jasmine2\build\queueRunner.js:28:19)
    at C:\Users\Bigmo\Revature\Perfect-Personnel-Placement\frontend\node_modules\jest-jasmine2\build\queueRunner.js:75:41
    at processTicksAndRejections (internal/process/task_queues.js:95:5)]]></failure>
    </testCase>
    <testCase name="Batches should display the flatlist" duration="385">
      <failure message="Error: Couldn&apos;t find a navigation object. Is your component inside NavigationContainer?"><![CDATA[Error: Couldn't find a navigation object. Is your component inside NavigationContainer?
    at useNavigation (C:\Users\Bigmo\Revature\Perfect-Personnel-Placement\frontend\node_modules\@react-navigation\core\lib\commonjs\useNavigation.tsx:19:11)
    at ClientsListItem (C:\Users\Bigmo\Revature\Perfect-Personnel-Placement\frontend\src\components\Clients\ClientsListItem\index.tsx:15:22)
    at renderWithHooks (C:\Users\Bigmo\Revature\Perfect-Personnel-Placement\frontend\node_modules\react-dom\cjs\react-dom.development.js:14803:18)
    at mountIndeterminateComponent (C:\Users\Bigmo\Revature\Perfect-Personnel-Placement\frontend\node_modules\react-dom\cjs\react-dom.development.js:17482:13)
    at beginWork (C:\Users\Bigmo\Revature\Perfect-Personnel-Placement\frontend\node_modules\react-dom\cjs\react-dom.development.js:18596:16)
    at HTMLUnknownElement.callCallback (C:\Users\Bigmo\Revature\Perfect-Personnel-Placement\frontend\node_modules\react-dom\cjs\react-dom.development.js:188:14)
    at invokeEventListeners (C:\Users\Bigmo\Revature\Perfect-Personnel-Placement\frontend\node_modules\jest-environment-enzyme\node_modules\jsdom\lib\jsdom\living\events\EventTarget-impl.js:193:27)
    at HTMLUnknownElementImpl._dispatch (C:\Users\Bigmo\Revature\Perfect-Personnel-Placement\frontend\node_modules\jest-environment-enzyme\node_modules\jsdom\lib\jsdom\living\events\EventTarget-impl.js:119:9)
    at HTMLUnknownElementImpl.dispatchEvent (C:\Users\Bigmo\Revature\Perfect-Personnel-Placement\frontend\node_modules\jest-environment-enzyme\node_modules\jsdom\lib\jsdom\living\events\EventTarget-impl.js:82:17)
    at HTMLUnknownElementImpl.dispatchEvent (C:\Users\Bigmo\Revature\Perfect-Personnel-Placement\frontend\node_modules\jest-environment-enzyme\node_modules\jsdom\lib\jsdom\living\nodes\HTMLElement-impl.js:30:27)
    at HTMLUnknownElement.dispatchEvent (C:\Users\Bigmo\Revature\Perfect-Personnel-Placement\frontend\node_modules\jest-environment-enzyme\node_modules\jsdom\lib\jsdom\living\generated\EventTarget.js:157:21)
    at Object.invokeGuardedCallbackDev (C:\Users\Bigmo\Revature\Perfect-Personnel-Placement\frontend\node_modules\react-dom\cjs\react-dom.development.js:237:16)
    at invokeGuardedCallback (C:\Users\Bigmo\Revature\Perfect-Personnel-Placement\frontend\node_modules\react-dom\cjs\react-dom.development.js:292:31)
    at beginWork$1 (C:\Users\Bigmo\Revature\Perfect-Personnel-Placement\frontend\node_modules\react-dom\cjs\react-dom.development.js:23203:7)
    at performUnitOfWork (C:\Users\Bigmo\Revature\Perfect-Personnel-Placement\frontend\node_modules\react-dom\cjs\react-dom.development.js:22157:12)
    at workLoopSync (C:\Users\Bigmo\Revature\Perfect-Personnel-Placement\frontend\node_modules\react-dom\cjs\react-dom.development.js:22130:22)
    at performSyncWorkOnRoot (C:\Users\Bigmo\Revature\Perfect-Personnel-Placement\frontend\node_modules\react-dom\cjs\react-dom.development.js:21756:9)
    at scheduleUpdateOnFiber (C:\Users\Bigmo\Revature\Perfect-Personnel-Placement\frontend\node_modules\react-dom\cjs\react-dom.development.js:21188:7)
    at updateContainer (C:\Users\Bigmo\Revature\Perfect-Personnel-Placement\frontend\node_modules\react-dom\cjs\react-dom.development.js:24373:3)
    at C:\Users\Bigmo\Revature\Perfect-Personnel-Placement\frontend\node_modules\react-dom\cjs\react-dom.development.js:24758:7
    at unbatchedUpdates (C:\Users\Bigmo\Revature\Perfect-Personnel-Placement\frontend\node_modules\react-dom\cjs\react-dom.development.js:21903:12)
    at legacyRenderSubtreeIntoContainer (C:\Users\Bigmo\Revature\Perfect-Personnel-Placement\frontend\node_modules\react-dom\cjs\react-dom.development.js:24757:5)
    at Object.render (C:\Users\Bigmo\Revature\Perfect-Personnel-Placement\frontend\node_modules\react-dom\cjs\react-dom.development.js:24840:10)
    at fn (C:\Users\Bigmo\Revature\Perfect-Personnel-Placement\frontend\node_modules\enzyme-adapter-react-16\src\ReactSixteenAdapter.js:488:26)
    at C:\Users\Bigmo\Revature\Perfect-Personnel-Placement\frontend\node_modules\enzyme-adapter-react-16\src\ReactSixteenAdapter.js:405:37
    at batchedUpdates$1 (C:\Users\Bigmo\Revature\Perfect-Personnel-Placement\frontend\node_modules\react-dom\cjs\react-dom.development.js:21856:12)
    at Object.act (C:\Users\Bigmo\Revature\Perfect-Personnel-Placement\frontend\node_modules\react-dom\cjs\react-dom-test-utils.development.js:929:14)
    at wrapAct (C:\Users\Bigmo\Revature\Perfect-Personnel-Placement\frontend\node_modules\enzyme-adapter-react-16\src\ReactSixteenAdapter.js:405:13)
    at Object.render (C:\Users\Bigmo\Revature\Perfect-Personnel-Placement\frontend\node_modules\enzyme-adapter-react-16\src\ReactSixteenAdapter.js:474:16)
    at new ReactWrapper (C:\Users\Bigmo\Revature\Perfect-Personnel-Placement\frontend\node_modules\enzyme\src\ReactWrapper.js:115:16)
    at mount (C:\Users\Bigmo\Revature\Perfect-Personnel-Placement\frontend\node_modules\enzyme\src\mount.js:10:10)
    at Object.<anonymous> (C:\Users\Bigmo\Revature\Perfect-Personnel-Placement\frontend\src\Screens\Clients\Clients.test.tsx:11:15)
    at Object.asyncJestLifecycle (C:\Users\Bigmo\Revature\Perfect-Personnel-Placement\frontend\node_modules\jest-jasmine2\build\jasmineAsyncInstall.js:58:37)
    at C:\Users\Bigmo\Revature\Perfect-Personnel-Placement\frontend\node_modules\jest-jasmine2\build\queueRunner.js:45:12
    at new Promise (<anonymous>)
    at mapper (C:\Users\Bigmo\Revature\Perfect-Personnel-Placement\frontend\node_modules\jest-jasmine2\build\queueRunner.js:28:19)
    at C:\Users\Bigmo\Revature\Perfect-Personnel-Placement\frontend\node_modules\jest-jasmine2\build\queueRunner.js:75:41
    at processTicksAndRejections (internal/process/task_queues.js:95:5)]]></failure>
      <failure message="TypeError: Cannot read property &apos;find&apos; of undefined"><![CDATA[TypeError: Cannot read property 'find' of undefined
    at Object.<anonymous> (C:\Users\Bigmo\Revature\Perfect-Personnel-Placement\frontend\src\Screens\Clients\Clients.test.tsx:28:38)
    at Object.asyncJestTest (C:\Users\Bigmo\Revature\Perfect-Personnel-Placement\frontend\node_modules\jest-jasmine2\build\jasmineAsyncInstall.js:106:37)
    at C:\Users\Bigmo\Revature\Perfect-Personnel-Placement\frontend\node_modules\jest-jasmine2\build\queueRunner.js:45:12
    at new Promise (<anonymous>)
    at mapper (C:\Users\Bigmo\Revature\Perfect-Personnel-Placement\frontend\node_modules\jest-jasmine2\build\queueRunner.js:28:19)
    at C:\Users\Bigmo\Revature\Perfect-Personnel-Placement\frontend\node_modules\jest-jasmine2\build\queueRunner.js:75:41
    at processTicksAndRejections (internal/process/task_queues.js:95:5)]]></failure>
    </testCase>
    <testCase name="Batches should hold data" duration="30">
      <failure message="Error: Couldn&apos;t find a navigation object. Is your component inside NavigationContainer?"><![CDATA[Error: Couldn't find a navigation object. Is your component inside NavigationContainer?
    at useNavigation (C:\Users\Bigmo\Revature\Perfect-Personnel-Placement\frontend\node_modules\@react-navigation\core\lib\commonjs\useNavigation.tsx:19:11)
    at ClientsListItem (C:\Users\Bigmo\Revature\Perfect-Personnel-Placement\frontend\src\components\Clients\ClientsListItem\index.tsx:15:22)
    at renderWithHooks (C:\Users\Bigmo\Revature\Perfect-Personnel-Placement\frontend\node_modules\react-dom\cjs\react-dom.development.js:14803:18)
    at mountIndeterminateComponent (C:\Users\Bigmo\Revature\Perfect-Personnel-Placement\frontend\node_modules\react-dom\cjs\react-dom.development.js:17482:13)
    at beginWork (C:\Users\Bigmo\Revature\Perfect-Personnel-Placement\frontend\node_modules\react-dom\cjs\react-dom.development.js:18596:16)
    at HTMLUnknownElement.callCallback (C:\Users\Bigmo\Revature\Perfect-Personnel-Placement\frontend\node_modules\react-dom\cjs\react-dom.development.js:188:14)
    at invokeEventListeners (C:\Users\Bigmo\Revature\Perfect-Personnel-Placement\frontend\node_modules\jest-environment-enzyme\node_modules\jsdom\lib\jsdom\living\events\EventTarget-impl.js:193:27)
    at HTMLUnknownElementImpl._dispatch (C:\Users\Bigmo\Revature\Perfect-Personnel-Placement\frontend\node_modules\jest-environment-enzyme\node_modules\jsdom\lib\jsdom\living\events\EventTarget-impl.js:119:9)
    at HTMLUnknownElementImpl.dispatchEvent (C:\Users\Bigmo\Revature\Perfect-Personnel-Placement\frontend\node_modules\jest-environment-enzyme\node_modules\jsdom\lib\jsdom\living\events\EventTarget-impl.js:82:17)
    at HTMLUnknownElementImpl.dispatchEvent (C:\Users\Bigmo\Revature\Perfect-Personnel-Placement\frontend\node_modules\jest-environment-enzyme\node_modules\jsdom\lib\jsdom\living\nodes\HTMLElement-impl.js:30:27)
    at HTMLUnknownElement.dispatchEvent (C:\Users\Bigmo\Revature\Perfect-Personnel-Placement\frontend\node_modules\jest-environment-enzyme\node_modules\jsdom\lib\jsdom\living\generated\EventTarget.js:157:21)
    at Object.invokeGuardedCallbackDev (C:\Users\Bigmo\Revature\Perfect-Personnel-Placement\frontend\node_modules\react-dom\cjs\react-dom.development.js:237:16)
    at invokeGuardedCallback (C:\Users\Bigmo\Revature\Perfect-Personnel-Placement\frontend\node_modules\react-dom\cjs\react-dom.development.js:292:31)
    at beginWork$1 (C:\Users\Bigmo\Revature\Perfect-Personnel-Placement\frontend\node_modules\react-dom\cjs\react-dom.development.js:23203:7)
    at performUnitOfWork (C:\Users\Bigmo\Revature\Perfect-Personnel-Placement\frontend\node_modules\react-dom\cjs\react-dom.development.js:22157:12)
    at workLoopSync (C:\Users\Bigmo\Revature\Perfect-Personnel-Placement\frontend\node_modules\react-dom\cjs\react-dom.development.js:22130:22)
    at performSyncWorkOnRoot (C:\Users\Bigmo\Revature\Perfect-Personnel-Placement\frontend\node_modules\react-dom\cjs\react-dom.development.js:21756:9)
    at scheduleUpdateOnFiber (C:\Users\Bigmo\Revature\Perfect-Personnel-Placement\frontend\node_modules\react-dom\cjs\react-dom.development.js:21188:7)
    at updateContainer (C:\Users\Bigmo\Revature\Perfect-Personnel-Placement\frontend\node_modules\react-dom\cjs\react-dom.development.js:24373:3)
    at C:\Users\Bigmo\Revature\Perfect-Personnel-Placement\frontend\node_modules\react-dom\cjs\react-dom.development.js:24758:7
    at unbatchedUpdates (C:\Users\Bigmo\Revature\Perfect-Personnel-Placement\frontend\node_modules\react-dom\cjs\react-dom.development.js:21903:12)
    at legacyRenderSubtreeIntoContainer (C:\Users\Bigmo\Revature\Perfect-Personnel-Placement\frontend\node_modules\react-dom\cjs\react-dom.development.js:24757:5)
    at Object.render (C:\Users\Bigmo\Revature\Perfect-Personnel-Placement\frontend\node_modules\react-dom\cjs\react-dom.development.js:24840:10)
    at fn (C:\Users\Bigmo\Revature\Perfect-Personnel-Placement\frontend\node_modules\enzyme-adapter-react-16\src\ReactSixteenAdapter.js:488:26)
    at C:\Users\Bigmo\Revature\Perfect-Personnel-Placement\frontend\node_modules\enzyme-adapter-react-16\src\ReactSixteenAdapter.js:405:37
    at batchedUpdates$1 (C:\Users\Bigmo\Revature\Perfect-Personnel-Placement\frontend\node_modules\react-dom\cjs\react-dom.development.js:21856:12)
    at Object.act (C:\Users\Bigmo\Revature\Perfect-Personnel-Placement\frontend\node_modules\react-dom\cjs\react-dom-test-utils.development.js:929:14)
    at wrapAct (C:\Users\Bigmo\Revature\Perfect-Personnel-Placement\frontend\node_modules\enzyme-adapter-react-16\src\ReactSixteenAdapter.js:405:13)
    at Object.render (C:\Users\Bigmo\Revature\Perfect-Personnel-Placement\frontend\node_modules\enzyme-adapter-react-16\src\ReactSixteenAdapter.js:474:16)
    at new ReactWrapper (C:\Users\Bigmo\Revature\Perfect-Personnel-Placement\frontend\node_modules\enzyme\src\ReactWrapper.js:115:16)
    at mount (C:\Users\Bigmo\Revature\Perfect-Personnel-Placement\frontend\node_modules\enzyme\src\mount.js:10:10)
    at Object.<anonymous> (C:\Users\Bigmo\Revature\Perfect-Personnel-Placement\frontend\src\Screens\Clients\Clients.test.tsx:11:15)
    at Object.asyncJestLifecycle (C:\Users\Bigmo\Revature\Perfect-Personnel-Placement\frontend\node_modules\jest-jasmine2\build\jasmineAsyncInstall.js:58:37)
    at C:\Users\Bigmo\Revature\Perfect-Personnel-Placement\frontend\node_modules\jest-jasmine2\build\queueRunner.js:45:12
    at new Promise (<anonymous>)
    at mapper (C:\Users\Bigmo\Revature\Perfect-Personnel-Placement\frontend\node_modules\jest-jasmine2\build\queueRunner.js:28:19)
    at C:\Users\Bigmo\Revature\Perfect-Personnel-Placement\frontend\node_modules\jest-jasmine2\build\queueRunner.js:75:41
    at processTicksAndRejections (internal/process/task_queues.js:95:5)]]></failure>
      <failure message="TypeError: Cannot read property &apos;find&apos; of undefined"><![CDATA[TypeError: Cannot read property 'find' of undefined
    at Object.<anonymous> (C:\Users\Bigmo\Revature\Perfect-Personnel-Placement\frontend\src\Screens\Clients\Clients.test.tsx:34:30)
    at Object.asyncJestTest (C:\Users\Bigmo\Revature\Perfect-Personnel-Placement\frontend\node_modules\jest-jasmine2\build\jasmineAsyncInstall.js:106:37)
    at C:\Users\Bigmo\Revature\Perfect-Personnel-Placement\frontend\node_modules\jest-jasmine2\build\queueRunner.js:45:12
    at new Promise (<anonymous>)
    at mapper (C:\Users\Bigmo\Revature\Perfect-Personnel-Placement\frontend\node_modules\jest-jasmine2\build\queueRunner.js:28:19)
    at C:\Users\Bigmo\Revature\Perfect-Personnel-Placement\frontend\node_modules\jest-jasmine2\build\queueRunner.js:75:41
    at processTicksAndRejections (internal/process/task_queues.js:95:5)]]></failure>
    </testCase>
  </file>
  <file path="C:\Users\Bigmo\Revature\Perfect-Personnel-Placement\frontend\src\components\batches\BatchListItem\BatchListItem.test.tsx">
    <testCase name="Batches should be there" duration="267">
      <failure message="Error: Couldn&apos;t find a navigation object. Is your component inside NavigationContainer?"><![CDATA[Error: Couldn't find a navigation object. Is your component inside NavigationContainer?
    at useNavigation (C:\Users\Bigmo\Revature\Perfect-Personnel-Placement\frontend\node_modules\@react-navigation\core\lib\commonjs\useNavigation.tsx:19:11)
    at BatchListItem (C:\Users\Bigmo\Revature\Perfect-Personnel-Placement\frontend\src\components\batches\BatchListItem\index.tsx:20:22)
    at renderWithHooks (C:\Users\Bigmo\Revature\Perfect-Personnel-Placement\frontend\node_modules\react-dom\cjs\react-dom.development.js:14803:18)
    at mountIndeterminateComponent (C:\Users\Bigmo\Revature\Perfect-Personnel-Placement\frontend\node_modules\react-dom\cjs\react-dom.development.js:17482:13)
    at beginWork (C:\Users\Bigmo\Revature\Perfect-Personnel-Placement\frontend\node_modules\react-dom\cjs\react-dom.development.js:18596:16)
    at HTMLUnknownElement.callCallback (C:\Users\Bigmo\Revature\Perfect-Personnel-Placement\frontend\node_modules\react-dom\cjs\react-dom.development.js:188:14)
    at invokeEventListeners (C:\Users\Bigmo\Revature\Perfect-Personnel-Placement\frontend\node_modules\jest-environment-enzyme\node_modules\jsdom\lib\jsdom\living\events\EventTarget-impl.js:193:27)
    at HTMLUnknownElementImpl._dispatch (C:\Users\Bigmo\Revature\Perfect-Personnel-Placement\frontend\node_modules\jest-environment-enzyme\node_modules\jsdom\lib\jsdom\living\events\EventTarget-impl.js:119:9)
    at HTMLUnknownElementImpl.dispatchEvent (C:\Users\Bigmo\Revature\Perfect-Personnel-Placement\frontend\node_modules\jest-environment-enzyme\node_modules\jsdom\lib\jsdom\living\events\EventTarget-impl.js:82:17)
    at HTMLUnknownElementImpl.dispatchEvent (C:\Users\Bigmo\Revature\Perfect-Personnel-Placement\frontend\node_modules\jest-environment-enzyme\node_modules\jsdom\lib\jsdom\living\nodes\HTMLElement-impl.js:30:27)
    at HTMLUnknownElement.dispatchEvent (C:\Users\Bigmo\Revature\Perfect-Personnel-Placement\frontend\node_modules\jest-environment-enzyme\node_modules\jsdom\lib\jsdom\living\generated\EventTarget.js:157:21)
    at Object.invokeGuardedCallbackDev (C:\Users\Bigmo\Revature\Perfect-Personnel-Placement\frontend\node_modules\react-dom\cjs\react-dom.development.js:237:16)
    at invokeGuardedCallback (C:\Users\Bigmo\Revature\Perfect-Personnel-Placement\frontend\node_modules\react-dom\cjs\react-dom.development.js:292:31)
    at beginWork$1 (C:\Users\Bigmo\Revature\Perfect-Personnel-Placement\frontend\node_modules\react-dom\cjs\react-dom.development.js:23203:7)
    at performUnitOfWork (C:\Users\Bigmo\Revature\Perfect-Personnel-Placement\frontend\node_modules\react-dom\cjs\react-dom.development.js:22157:12)
    at workLoopSync (C:\Users\Bigmo\Revature\Perfect-Personnel-Placement\frontend\node_modules\react-dom\cjs\react-dom.development.js:22130:22)
    at performSyncWorkOnRoot (C:\Users\Bigmo\Revature\Perfect-Personnel-Placement\frontend\node_modules\react-dom\cjs\react-dom.development.js:21756:9)
    at scheduleUpdateOnFiber (C:\Users\Bigmo\Revature\Perfect-Personnel-Placement\frontend\node_modules\react-dom\cjs\react-dom.development.js:21188:7)
    at updateContainer (C:\Users\Bigmo\Revature\Perfect-Personnel-Placement\frontend\node_modules\react-dom\cjs\react-dom.development.js:24373:3)
    at C:\Users\Bigmo\Revature\Perfect-Personnel-Placement\frontend\node_modules\react-dom\cjs\react-dom.development.js:24758:7
    at unbatchedUpdates (C:\Users\Bigmo\Revature\Perfect-Personnel-Placement\frontend\node_modules\react-dom\cjs\react-dom.development.js:21903:12)
    at legacyRenderSubtreeIntoContainer (C:\Users\Bigmo\Revature\Perfect-Personnel-Placement\frontend\node_modules\react-dom\cjs\react-dom.development.js:24757:5)
    at Object.render (C:\Users\Bigmo\Revature\Perfect-Personnel-Placement\frontend\node_modules\react-dom\cjs\react-dom.development.js:24840:10)
    at fn (C:\Users\Bigmo\Revature\Perfect-Personnel-Placement\frontend\node_modules\enzyme-adapter-react-16\src\ReactSixteenAdapter.js:488:26)
    at C:\Users\Bigmo\Revature\Perfect-Personnel-Placement\frontend\node_modules\enzyme-adapter-react-16\src\ReactSixteenAdapter.js:405:37
    at batchedUpdates$1 (C:\Users\Bigmo\Revature\Perfect-Personnel-Placement\frontend\node_modules\react-dom\cjs\react-dom.development.js:21856:12)
    at Object.act (C:\Users\Bigmo\Revature\Perfect-Personnel-Placement\frontend\node_modules\react-dom\cjs\react-dom-test-utils.development.js:929:14)
    at wrapAct (C:\Users\Bigmo\Revature\Perfect-Personnel-Placement\frontend\node_modules\enzyme-adapter-react-16\src\ReactSixteenAdapter.js:405:13)
    at Object.render (C:\Users\Bigmo\Revature\Perfect-Personnel-Placement\frontend\node_modules\enzyme-adapter-react-16\src\ReactSixteenAdapter.js:474:16)
    at new ReactWrapper (C:\Users\Bigmo\Revature\Perfect-Personnel-Placement\frontend\node_modules\enzyme\src\ReactWrapper.js:115:16)
    at mount (C:\Users\Bigmo\Revature\Perfect-Personnel-Placement\frontend\node_modules\enzyme\src\mount.js:10:10)
    at Object.<anonymous> (C:\Users\Bigmo\Revature\Perfect-Personnel-Placement\frontend\src\components\batches\BatchListItem\BatchListItem.test.tsx:11:15)
    at Object.asyncJestLifecycle (C:\Users\Bigmo\Revature\Perfect-Personnel-Placement\frontend\node_modules\jest-jasmine2\build\jasmineAsyncInstall.js:58:37)
    at C:\Users\Bigmo\Revature\Perfect-Personnel-Placement\frontend\node_modules\jest-jasmine2\build\queueRunner.js:45:12
    at new Promise (<anonymous>)
    at mapper (C:\Users\Bigmo\Revature\Perfect-Personnel-Placement\frontend\node_modules\jest-jasmine2\build\queueRunner.js:28:19)
    at C:\Users\Bigmo\Revature\Perfect-Personnel-Placement\frontend\node_modules\jest-jasmine2\build\queueRunner.js:75:41
    at processTicksAndRejections (internal/process/task_queues.js:95:5)]]></failure>
      <failure message="Error: expect(received).not.toBe(expected) // Object.is equality"><![CDATA[Error: expect(received).not.toBe(expected) // Object.is equality

Expected: not undefined
    at Object.<anonymous> (C:\Users\Bigmo\Revature\Perfect-Personnel-Placement\frontend\src\components\batches\BatchListItem\BatchListItem.test.tsx:25:25)
    at Object.asyncJestTest (C:\Users\Bigmo\Revature\Perfect-Personnel-Placement\frontend\node_modules\jest-jasmine2\build\jasmineAsyncInstall.js:106:37)
    at C:\Users\Bigmo\Revature\Perfect-Personnel-Placement\frontend\node_modules\jest-jasmine2\build\queueRunner.js:45:12
    at new Promise (<anonymous>)
    at mapper (C:\Users\Bigmo\Revature\Perfect-Personnel-Placement\frontend\node_modules\jest-jasmine2\build\queueRunner.js:28:19)
    at C:\Users\Bigmo\Revature\Perfect-Personnel-Placement\frontend\node_modules\jest-jasmine2\build\queueRunner.js:75:41
    at processTicksAndRejections (internal/process/task_queues.js:95:5)]]></failure>
    </testCase>
    <testCase name="Batches should be pressable" duration="9">
      <failure message="Error: Couldn&apos;t find a navigation object. Is your component inside NavigationContainer?"><![CDATA[Error: Couldn't find a navigation object. Is your component inside NavigationContainer?
    at useNavigation (C:\Users\Bigmo\Revature\Perfect-Personnel-Placement\frontend\node_modules\@react-navigation\core\lib\commonjs\useNavigation.tsx:19:11)
    at BatchListItem (C:\Users\Bigmo\Revature\Perfect-Personnel-Placement\frontend\src\components\batches\BatchListItem\index.tsx:20:22)
    at renderWithHooks (C:\Users\Bigmo\Revature\Perfect-Personnel-Placement\frontend\node_modules\react-dom\cjs\react-dom.development.js:14803:18)
    at mountIndeterminateComponent (C:\Users\Bigmo\Revature\Perfect-Personnel-Placement\frontend\node_modules\react-dom\cjs\react-dom.development.js:17482:13)
    at beginWork (C:\Users\Bigmo\Revature\Perfect-Personnel-Placement\frontend\node_modules\react-dom\cjs\react-dom.development.js:18596:16)
    at HTMLUnknownElement.callCallback (C:\Users\Bigmo\Revature\Perfect-Personnel-Placement\frontend\node_modules\react-dom\cjs\react-dom.development.js:188:14)
    at invokeEventListeners (C:\Users\Bigmo\Revature\Perfect-Personnel-Placement\frontend\node_modules\jest-environment-enzyme\node_modules\jsdom\lib\jsdom\living\events\EventTarget-impl.js:193:27)
    at HTMLUnknownElementImpl._dispatch (C:\Users\Bigmo\Revature\Perfect-Personnel-Placement\frontend\node_modules\jest-environment-enzyme\node_modules\jsdom\lib\jsdom\living\events\EventTarget-impl.js:119:9)
    at HTMLUnknownElementImpl.dispatchEvent (C:\Users\Bigmo\Revature\Perfect-Personnel-Placement\frontend\node_modules\jest-environment-enzyme\node_modules\jsdom\lib\jsdom\living\events\EventTarget-impl.js:82:17)
    at HTMLUnknownElementImpl.dispatchEvent (C:\Users\Bigmo\Revature\Perfect-Personnel-Placement\frontend\node_modules\jest-environment-enzyme\node_modules\jsdom\lib\jsdom\living\nodes\HTMLElement-impl.js:30:27)
    at HTMLUnknownElement.dispatchEvent (C:\Users\Bigmo\Revature\Perfect-Personnel-Placement\frontend\node_modules\jest-environment-enzyme\node_modules\jsdom\lib\jsdom\living\generated\EventTarget.js:157:21)
    at Object.invokeGuardedCallbackDev (C:\Users\Bigmo\Revature\Perfect-Personnel-Placement\frontend\node_modules\react-dom\cjs\react-dom.development.js:237:16)
    at invokeGuardedCallback (C:\Users\Bigmo\Revature\Perfect-Personnel-Placement\frontend\node_modules\react-dom\cjs\react-dom.development.js:292:31)
    at beginWork$1 (C:\Users\Bigmo\Revature\Perfect-Personnel-Placement\frontend\node_modules\react-dom\cjs\react-dom.development.js:23203:7)
    at performUnitOfWork (C:\Users\Bigmo\Revature\Perfect-Personnel-Placement\frontend\node_modules\react-dom\cjs\react-dom.development.js:22157:12)
    at workLoopSync (C:\Users\Bigmo\Revature\Perfect-Personnel-Placement\frontend\node_modules\react-dom\cjs\react-dom.development.js:22130:22)
    at performSyncWorkOnRoot (C:\Users\Bigmo\Revature\Perfect-Personnel-Placement\frontend\node_modules\react-dom\cjs\react-dom.development.js:21756:9)
    at scheduleUpdateOnFiber (C:\Users\Bigmo\Revature\Perfect-Personnel-Placement\frontend\node_modules\react-dom\cjs\react-dom.development.js:21188:7)
    at updateContainer (C:\Users\Bigmo\Revature\Perfect-Personnel-Placement\frontend\node_modules\react-dom\cjs\react-dom.development.js:24373:3)
    at C:\Users\Bigmo\Revature\Perfect-Personnel-Placement\frontend\node_modules\react-dom\cjs\react-dom.development.js:24758:7
    at unbatchedUpdates (C:\Users\Bigmo\Revature\Perfect-Personnel-Placement\frontend\node_modules\react-dom\cjs\react-dom.development.js:21903:12)
    at legacyRenderSubtreeIntoContainer (C:\Users\Bigmo\Revature\Perfect-Personnel-Placement\frontend\node_modules\react-dom\cjs\react-dom.development.js:24757:5)
    at Object.render (C:\Users\Bigmo\Revature\Perfect-Personnel-Placement\frontend\node_modules\react-dom\cjs\react-dom.development.js:24840:10)
    at fn (C:\Users\Bigmo\Revature\Perfect-Personnel-Placement\frontend\node_modules\enzyme-adapter-react-16\src\ReactSixteenAdapter.js:488:26)
    at C:\Users\Bigmo\Revature\Perfect-Personnel-Placement\frontend\node_modules\enzyme-adapter-react-16\src\ReactSixteenAdapter.js:405:37
    at batchedUpdates$1 (C:\Users\Bigmo\Revature\Perfect-Personnel-Placement\frontend\node_modules\react-dom\cjs\react-dom.development.js:21856:12)
    at Object.act (C:\Users\Bigmo\Revature\Perfect-Personnel-Placement\frontend\node_modules\react-dom\cjs\react-dom-test-utils.development.js:929:14)
    at wrapAct (C:\Users\Bigmo\Revature\Perfect-Personnel-Placement\frontend\node_modules\enzyme-adapter-react-16\src\ReactSixteenAdapter.js:405:13)
    at Object.render (C:\Users\Bigmo\Revature\Perfect-Personnel-Placement\frontend\node_modules\enzyme-adapter-react-16\src\ReactSixteenAdapter.js:474:16)
    at new ReactWrapper (C:\Users\Bigmo\Revature\Perfect-Personnel-Placement\frontend\node_modules\enzyme\src\ReactWrapper.js:115:16)
    at mount (C:\Users\Bigmo\Revature\Perfect-Personnel-Placement\frontend\node_modules\enzyme\src\mount.js:10:10)
    at Object.<anonymous> (C:\Users\Bigmo\Revature\Perfect-Personnel-Placement\frontend\src\components\batches\BatchListItem\BatchListItem.test.tsx:11:15)
    at Object.asyncJestLifecycle (C:\Users\Bigmo\Revature\Perfect-Personnel-Placement\frontend\node_modules\jest-jasmine2\build\jasmineAsyncInstall.js:58:37)
    at C:\Users\Bigmo\Revature\Perfect-Personnel-Placement\frontend\node_modules\jest-jasmine2\build\queueRunner.js:45:12
    at new Promise (<anonymous>)
    at mapper (C:\Users\Bigmo\Revature\Perfect-Personnel-Placement\frontend\node_modules\jest-jasmine2\build\queueRunner.js:28:19)
    at C:\Users\Bigmo\Revature\Perfect-Personnel-Placement\frontend\node_modules\jest-jasmine2\build\queueRunner.js:75:41
    at processTicksAndRejections (internal/process/task_queues.js:95:5)]]></failure>
      <failure message="TypeError: Cannot read property &apos;find&apos; of undefined"><![CDATA[TypeError: Cannot read property 'find' of undefined
    at Object.<anonymous> (C:\Users\Bigmo\Revature\Perfect-Personnel-Placement\frontend\src\components\batches\BatchListItem\BatchListItem.test.tsx:30:37)
    at Object.asyncJestTest (C:\Users\Bigmo\Revature\Perfect-Personnel-Placement\frontend\node_modules\jest-jasmine2\build\jasmineAsyncInstall.js:106:37)
    at C:\Users\Bigmo\Revature\Perfect-Personnel-Placement\frontend\node_modules\jest-jasmine2\build\queueRunner.js:45:12
    at new Promise (<anonymous>)
    at mapper (C:\Users\Bigmo\Revature\Perfect-Personnel-Placement\frontend\node_modules\jest-jasmine2\build\queueRunner.js:28:19)
    at C:\Users\Bigmo\Revature\Perfect-Personnel-Placement\frontend\node_modules\jest-jasmine2\build\queueRunner.js:75:41
    at processTicksAndRejections (internal/process/task_queues.js:95:5)]]></failure>
    </testCase>
  </file>
  <file path="C:\Users\Bigmo\Revature\Perfect-Personnel-Placement\frontend\src\components\clients_old\__tests__\DemandList.test.js">
  </file>
  <file path="C:\Users\Bigmo\Revature\Perfect-Personnel-Placement\frontend\src\Screens\ViewClient\ViewClient.test.tsx">
    <testCase name="Batches should be there" duration="193">
      <failure message="Error: Couldn&apos;t find a navigation object. Is your component inside NavigationContainer?"><![CDATA[Error: Couldn't find a navigation object. Is your component inside NavigationContainer?
    at useNavigation (C:\Users\Bigmo\Revature\Perfect-Personnel-Placement\frontend\node_modules\@react-navigation\core\lib\commonjs\useNavigation.tsx:19:11)
    at ViewClient (C:\Users\Bigmo\Revature\Perfect-Personnel-Placement\frontend\src\Screens\ViewClient\index.tsx:71:22)
    at renderWithHooks (C:\Users\Bigmo\Revature\Perfect-Personnel-Placement\frontend\node_modules\react-dom\cjs\react-dom.development.js:14803:18)
    at mountIndeterminateComponent (C:\Users\Bigmo\Revature\Perfect-Personnel-Placement\frontend\node_modules\react-dom\cjs\react-dom.development.js:17482:13)
    at beginWork (C:\Users\Bigmo\Revature\Perfect-Personnel-Placement\frontend\node_modules\react-dom\cjs\react-dom.development.js:18596:16)
    at HTMLUnknownElement.callCallback (C:\Users\Bigmo\Revature\Perfect-Personnel-Placement\frontend\node_modules\react-dom\cjs\react-dom.development.js:188:14)
    at invokeEventListeners (C:\Users\Bigmo\Revature\Perfect-Personnel-Placement\frontend\node_modules\jest-environment-enzyme\node_modules\jsdom\lib\jsdom\living\events\EventTarget-impl.js:193:27)
    at HTMLUnknownElementImpl._dispatch (C:\Users\Bigmo\Revature\Perfect-Personnel-Placement\frontend\node_modules\jest-environment-enzyme\node_modules\jsdom\lib\jsdom\living\events\EventTarget-impl.js:119:9)
    at HTMLUnknownElementImpl.dispatchEvent (C:\Users\Bigmo\Revature\Perfect-Personnel-Placement\frontend\node_modules\jest-environment-enzyme\node_modules\jsdom\lib\jsdom\living\events\EventTarget-impl.js:82:17)
    at HTMLUnknownElementImpl.dispatchEvent (C:\Users\Bigmo\Revature\Perfect-Personnel-Placement\frontend\node_modules\jest-environment-enzyme\node_modules\jsdom\lib\jsdom\living\nodes\HTMLElement-impl.js:30:27)
    at HTMLUnknownElement.dispatchEvent (C:\Users\Bigmo\Revature\Perfect-Personnel-Placement\frontend\node_modules\jest-environment-enzyme\node_modules\jsdom\lib\jsdom\living\generated\EventTarget.js:157:21)
    at Object.invokeGuardedCallbackDev (C:\Users\Bigmo\Revature\Perfect-Personnel-Placement\frontend\node_modules\react-dom\cjs\react-dom.development.js:237:16)
    at invokeGuardedCallback (C:\Users\Bigmo\Revature\Perfect-Personnel-Placement\frontend\node_modules\react-dom\cjs\react-dom.development.js:292:31)
    at beginWork$1 (C:\Users\Bigmo\Revature\Perfect-Personnel-Placement\frontend\node_modules\react-dom\cjs\react-dom.development.js:23203:7)
    at performUnitOfWork (C:\Users\Bigmo\Revature\Perfect-Personnel-Placement\frontend\node_modules\react-dom\cjs\react-dom.development.js:22157:12)
    at workLoopSync (C:\Users\Bigmo\Revature\Perfect-Personnel-Placement\frontend\node_modules\react-dom\cjs\react-dom.development.js:22130:22)
    at performSyncWorkOnRoot (C:\Users\Bigmo\Revature\Perfect-Personnel-Placement\frontend\node_modules\react-dom\cjs\react-dom.development.js:21756:9)
    at scheduleUpdateOnFiber (C:\Users\Bigmo\Revature\Perfect-Personnel-Placement\frontend\node_modules\react-dom\cjs\react-dom.development.js:21188:7)
    at updateContainer (C:\Users\Bigmo\Revature\Perfect-Personnel-Placement\frontend\node_modules\react-dom\cjs\react-dom.development.js:24373:3)
    at C:\Users\Bigmo\Revature\Perfect-Personnel-Placement\frontend\node_modules\react-dom\cjs\react-dom.development.js:24758:7
    at unbatchedUpdates (C:\Users\Bigmo\Revature\Perfect-Personnel-Placement\frontend\node_modules\react-dom\cjs\react-dom.development.js:21903:12)
    at legacyRenderSubtreeIntoContainer (C:\Users\Bigmo\Revature\Perfect-Personnel-Placement\frontend\node_modules\react-dom\cjs\react-dom.development.js:24757:5)
    at Object.render (C:\Users\Bigmo\Revature\Perfect-Personnel-Placement\frontend\node_modules\react-dom\cjs\react-dom.development.js:24840:10)
    at fn (C:\Users\Bigmo\Revature\Perfect-Personnel-Placement\frontend\node_modules\enzyme-adapter-react-16\src\ReactSixteenAdapter.js:488:26)
    at C:\Users\Bigmo\Revature\Perfect-Personnel-Placement\frontend\node_modules\enzyme-adapter-react-16\src\ReactSixteenAdapter.js:405:37
    at batchedUpdates$1 (C:\Users\Bigmo\Revature\Perfect-Personnel-Placement\frontend\node_modules\react-dom\cjs\react-dom.development.js:21856:12)
    at Object.act (C:\Users\Bigmo\Revature\Perfect-Personnel-Placement\frontend\node_modules\react-dom\cjs\react-dom-test-utils.development.js:929:14)
    at wrapAct (C:\Users\Bigmo\Revature\Perfect-Personnel-Placement\frontend\node_modules\enzyme-adapter-react-16\src\ReactSixteenAdapter.js:405:13)
    at Object.render (C:\Users\Bigmo\Revature\Perfect-Personnel-Placement\frontend\node_modules\enzyme-adapter-react-16\src\ReactSixteenAdapter.js:474:16)
    at new ReactWrapper (C:\Users\Bigmo\Revature\Perfect-Personnel-Placement\frontend\node_modules\enzyme\src\ReactWrapper.js:115:16)
    at mount (C:\Users\Bigmo\Revature\Perfect-Personnel-Placement\frontend\node_modules\enzyme\src\mount.js:10:10)
    at Object.<anonymous> (C:\Users\Bigmo\Revature\Perfect-Personnel-Placement\frontend\src\Screens\ViewClient\ViewClient.test.tsx:11:15)
    at Object.asyncJestLifecycle (C:\Users\Bigmo\Revature\Perfect-Personnel-Placement\frontend\node_modules\jest-jasmine2\build\jasmineAsyncInstall.js:58:37)
    at C:\Users\Bigmo\Revature\Perfect-Personnel-Placement\frontend\node_modules\jest-jasmine2\build\queueRunner.js:45:12
    at new Promise (<anonymous>)
    at mapper (C:\Users\Bigmo\Revature\Perfect-Personnel-Placement\frontend\node_modules\jest-jasmine2\build\queueRunner.js:28:19)
    at C:\Users\Bigmo\Revature\Perfect-Personnel-Placement\frontend\node_modules\jest-jasmine2\build\queueRunner.js:75:41
    at processTicksAndRejections (internal/process/task_queues.js:95:5)]]></failure>
      <failure message="Error: expect(received).not.toBe(expected) // Object.is equality"><![CDATA[Error: expect(received).not.toBe(expected) // Object.is equality

Expected: not undefined
    at Object.<anonymous> (C:\Users\Bigmo\Revature\Perfect-Personnel-Placement\frontend\src\Screens\ViewClient\ViewClient.test.tsx:24:25)
    at Object.asyncJestTest (C:\Users\Bigmo\Revature\Perfect-Personnel-Placement\frontend\node_modules\jest-jasmine2\build\jasmineAsyncInstall.js:106:37)
    at C:\Users\Bigmo\Revature\Perfect-Personnel-Placement\frontend\node_modules\jest-jasmine2\build\queueRunner.js:45:12
    at new Promise (<anonymous>)
    at mapper (C:\Users\Bigmo\Revature\Perfect-Personnel-Placement\frontend\node_modules\jest-jasmine2\build\queueRunner.js:28:19)
    at C:\Users\Bigmo\Revature\Perfect-Personnel-Placement\frontend\node_modules\jest-jasmine2\build\queueRunner.js:75:41
    at processTicksAndRejections (internal/process/task_queues.js:95:5)]]></failure>
    </testCase>
    <testCase name="Batches should display the header" duration="6">
      <failure message="Error: Couldn&apos;t find a navigation object. Is your component inside NavigationContainer?"><![CDATA[Error: Couldn't find a navigation object. Is your component inside NavigationContainer?
    at useNavigation (C:\Users\Bigmo\Revature\Perfect-Personnel-Placement\frontend\node_modules\@react-navigation\core\lib\commonjs\useNavigation.tsx:19:11)
    at ViewClient (C:\Users\Bigmo\Revature\Perfect-Personnel-Placement\frontend\src\Screens\ViewClient\index.tsx:71:22)
    at renderWithHooks (C:\Users\Bigmo\Revature\Perfect-Personnel-Placement\frontend\node_modules\react-dom\cjs\react-dom.development.js:14803:18)
    at mountIndeterminateComponent (C:\Users\Bigmo\Revature\Perfect-Personnel-Placement\frontend\node_modules\react-dom\cjs\react-dom.development.js:17482:13)
    at beginWork (C:\Users\Bigmo\Revature\Perfect-Personnel-Placement\frontend\node_modules\react-dom\cjs\react-dom.development.js:18596:16)
    at HTMLUnknownElement.callCallback (C:\Users\Bigmo\Revature\Perfect-Personnel-Placement\frontend\node_modules\react-dom\cjs\react-dom.development.js:188:14)
    at invokeEventListeners (C:\Users\Bigmo\Revature\Perfect-Personnel-Placement\frontend\node_modules\jest-environment-enzyme\node_modules\jsdom\lib\jsdom\living\events\EventTarget-impl.js:193:27)
    at HTMLUnknownElementImpl._dispatch (C:\Users\Bigmo\Revature\Perfect-Personnel-Placement\frontend\node_modules\jest-environment-enzyme\node_modules\jsdom\lib\jsdom\living\events\EventTarget-impl.js:119:9)
    at HTMLUnknownElementImpl.dispatchEvent (C:\Users\Bigmo\Revature\Perfect-Personnel-Placement\frontend\node_modules\jest-environment-enzyme\node_modules\jsdom\lib\jsdom\living\events\EventTarget-impl.js:82:17)
    at HTMLUnknownElementImpl.dispatchEvent (C:\Users\Bigmo\Revature\Perfect-Personnel-Placement\frontend\node_modules\jest-environment-enzyme\node_modules\jsdom\lib\jsdom\living\nodes\HTMLElement-impl.js:30:27)
    at HTMLUnknownElement.dispatchEvent (C:\Users\Bigmo\Revature\Perfect-Personnel-Placement\frontend\node_modules\jest-environment-enzyme\node_modules\jsdom\lib\jsdom\living\generated\EventTarget.js:157:21)
    at Object.invokeGuardedCallbackDev (C:\Users\Bigmo\Revature\Perfect-Personnel-Placement\frontend\node_modules\react-dom\cjs\react-dom.development.js:237:16)
    at invokeGuardedCallback (C:\Users\Bigmo\Revature\Perfect-Personnel-Placement\frontend\node_modules\react-dom\cjs\react-dom.development.js:292:31)
    at beginWork$1 (C:\Users\Bigmo\Revature\Perfect-Personnel-Placement\frontend\node_modules\react-dom\cjs\react-dom.development.js:23203:7)
    at performUnitOfWork (C:\Users\Bigmo\Revature\Perfect-Personnel-Placement\frontend\node_modules\react-dom\cjs\react-dom.development.js:22157:12)
    at workLoopSync (C:\Users\Bigmo\Revature\Perfect-Personnel-Placement\frontend\node_modules\react-dom\cjs\react-dom.development.js:22130:22)
    at performSyncWorkOnRoot (C:\Users\Bigmo\Revature\Perfect-Personnel-Placement\frontend\node_modules\react-dom\cjs\react-dom.development.js:21756:9)
    at scheduleUpdateOnFiber (C:\Users\Bigmo\Revature\Perfect-Personnel-Placement\frontend\node_modules\react-dom\cjs\react-dom.development.js:21188:7)
    at updateContainer (C:\Users\Bigmo\Revature\Perfect-Personnel-Placement\frontend\node_modules\react-dom\cjs\react-dom.development.js:24373:3)
    at C:\Users\Bigmo\Revature\Perfect-Personnel-Placement\frontend\node_modules\react-dom\cjs\react-dom.development.js:24758:7
    at unbatchedUpdates (C:\Users\Bigmo\Revature\Perfect-Personnel-Placement\frontend\node_modules\react-dom\cjs\react-dom.development.js:21903:12)
    at legacyRenderSubtreeIntoContainer (C:\Users\Bigmo\Revature\Perfect-Personnel-Placement\frontend\node_modules\react-dom\cjs\react-dom.development.js:24757:5)
    at Object.render (C:\Users\Bigmo\Revature\Perfect-Personnel-Placement\frontend\node_modules\react-dom\cjs\react-dom.development.js:24840:10)
    at fn (C:\Users\Bigmo\Revature\Perfect-Personnel-Placement\frontend\node_modules\enzyme-adapter-react-16\src\ReactSixteenAdapter.js:488:26)
    at C:\Users\Bigmo\Revature\Perfect-Personnel-Placement\frontend\node_modules\enzyme-adapter-react-16\src\ReactSixteenAdapter.js:405:37
    at batchedUpdates$1 (C:\Users\Bigmo\Revature\Perfect-Personnel-Placement\frontend\node_modules\react-dom\cjs\react-dom.development.js:21856:12)
    at Object.act (C:\Users\Bigmo\Revature\Perfect-Personnel-Placement\frontend\node_modules\react-dom\cjs\react-dom-test-utils.development.js:929:14)
    at wrapAct (C:\Users\Bigmo\Revature\Perfect-Personnel-Placement\frontend\node_modules\enzyme-adapter-react-16\src\ReactSixteenAdapter.js:405:13)
    at Object.render (C:\Users\Bigmo\Revature\Perfect-Personnel-Placement\frontend\node_modules\enzyme-adapter-react-16\src\ReactSixteenAdapter.js:474:16)
    at new ReactWrapper (C:\Users\Bigmo\Revature\Perfect-Personnel-Placement\frontend\node_modules\enzyme\src\ReactWrapper.js:115:16)
    at mount (C:\Users\Bigmo\Revature\Perfect-Personnel-Placement\frontend\node_modules\enzyme\src\mount.js:10:10)
    at Object.<anonymous> (C:\Users\Bigmo\Revature\Perfect-Personnel-Placement\frontend\src\Screens\ViewClient\ViewClient.test.tsx:11:15)
    at Object.asyncJestLifecycle (C:\Users\Bigmo\Revature\Perfect-Personnel-Placement\frontend\node_modules\jest-jasmine2\build\jasmineAsyncInstall.js:58:37)
    at C:\Users\Bigmo\Revature\Perfect-Personnel-Placement\frontend\node_modules\jest-jasmine2\build\queueRunner.js:45:12
    at new Promise (<anonymous>)
    at mapper (C:\Users\Bigmo\Revature\Perfect-Personnel-Placement\frontend\node_modules\jest-jasmine2\build\queueRunner.js:28:19)
    at C:\Users\Bigmo\Revature\Perfect-Personnel-Placement\frontend\node_modules\jest-jasmine2\build\queueRunner.js:75:41
    at processTicksAndRejections (internal/process/task_queues.js:95:5)]]></failure>
      <failure message="TypeError: Cannot read property &apos;find&apos; of undefined"><![CDATA[TypeError: Cannot read property 'find' of undefined
    at Object.<anonymous> (C:\Users\Bigmo\Revature\Perfect-Personnel-Placement\frontend\src\Screens\ViewClient\ViewClient.test.tsx:29:36)
    at Object.asyncJestTest (C:\Users\Bigmo\Revature\Perfect-Personnel-Placement\frontend\node_modules\jest-jasmine2\build\jasmineAsyncInstall.js:106:37)
    at C:\Users\Bigmo\Revature\Perfect-Personnel-Placement\frontend\node_modules\jest-jasmine2\build\queueRunner.js:45:12
    at new Promise (<anonymous>)
    at mapper (C:\Users\Bigmo\Revature\Perfect-Personnel-Placement\frontend\node_modules\jest-jasmine2\build\queueRunner.js:28:19)
    at C:\Users\Bigmo\Revature\Perfect-Personnel-Placement\frontend\node_modules\jest-jasmine2\build\queueRunner.js:75:41
    at processTicksAndRejections (internal/process/task_queues.js:95:5)]]></failure>
    </testCase>
    <testCase name="Batches should be pressed" duration="5">
      <failure message="Error: Couldn&apos;t find a navigation object. Is your component inside NavigationContainer?"><![CDATA[Error: Couldn't find a navigation object. Is your component inside NavigationContainer?
    at useNavigation (C:\Users\Bigmo\Revature\Perfect-Personnel-Placement\frontend\node_modules\@react-navigation\core\lib\commonjs\useNavigation.tsx:19:11)
    at ViewClient (C:\Users\Bigmo\Revature\Perfect-Personnel-Placement\frontend\src\Screens\ViewClient\index.tsx:71:22)
    at renderWithHooks (C:\Users\Bigmo\Revature\Perfect-Personnel-Placement\frontend\node_modules\react-dom\cjs\react-dom.development.js:14803:18)
    at mountIndeterminateComponent (C:\Users\Bigmo\Revature\Perfect-Personnel-Placement\frontend\node_modules\react-dom\cjs\react-dom.development.js:17482:13)
    at beginWork (C:\Users\Bigmo\Revature\Perfect-Personnel-Placement\frontend\node_modules\react-dom\cjs\react-dom.development.js:18596:16)
    at HTMLUnknownElement.callCallback (C:\Users\Bigmo\Revature\Perfect-Personnel-Placement\frontend\node_modules\react-dom\cjs\react-dom.development.js:188:14)
    at invokeEventListeners (C:\Users\Bigmo\Revature\Perfect-Personnel-Placement\frontend\node_modules\jest-environment-enzyme\node_modules\jsdom\lib\jsdom\living\events\EventTarget-impl.js:193:27)
    at HTMLUnknownElementImpl._dispatch (C:\Users\Bigmo\Revature\Perfect-Personnel-Placement\frontend\node_modules\jest-environment-enzyme\node_modules\jsdom\lib\jsdom\living\events\EventTarget-impl.js:119:9)
    at HTMLUnknownElementImpl.dispatchEvent (C:\Users\Bigmo\Revature\Perfect-Personnel-Placement\frontend\node_modules\jest-environment-enzyme\node_modules\jsdom\lib\jsdom\living\events\EventTarget-impl.js:82:17)
    at HTMLUnknownElementImpl.dispatchEvent (C:\Users\Bigmo\Revature\Perfect-Personnel-Placement\frontend\node_modules\jest-environment-enzyme\node_modules\jsdom\lib\jsdom\living\nodes\HTMLElement-impl.js:30:27)
    at HTMLUnknownElement.dispatchEvent (C:\Users\Bigmo\Revature\Perfect-Personnel-Placement\frontend\node_modules\jest-environment-enzyme\node_modules\jsdom\lib\jsdom\living\generated\EventTarget.js:157:21)
    at Object.invokeGuardedCallbackDev (C:\Users\Bigmo\Revature\Perfect-Personnel-Placement\frontend\node_modules\react-dom\cjs\react-dom.development.js:237:16)
    at invokeGuardedCallback (C:\Users\Bigmo\Revature\Perfect-Personnel-Placement\frontend\node_modules\react-dom\cjs\react-dom.development.js:292:31)
    at beginWork$1 (C:\Users\Bigmo\Revature\Perfect-Personnel-Placement\frontend\node_modules\react-dom\cjs\react-dom.development.js:23203:7)
    at performUnitOfWork (C:\Users\Bigmo\Revature\Perfect-Personnel-Placement\frontend\node_modules\react-dom\cjs\react-dom.development.js:22157:12)
    at workLoopSync (C:\Users\Bigmo\Revature\Perfect-Personnel-Placement\frontend\node_modules\react-dom\cjs\react-dom.development.js:22130:22)
    at performSyncWorkOnRoot (C:\Users\Bigmo\Revature\Perfect-Personnel-Placement\frontend\node_modules\react-dom\cjs\react-dom.development.js:21756:9)
    at scheduleUpdateOnFiber (C:\Users\Bigmo\Revature\Perfect-Personnel-Placement\frontend\node_modules\react-dom\cjs\react-dom.development.js:21188:7)
    at updateContainer (C:\Users\Bigmo\Revature\Perfect-Personnel-Placement\frontend\node_modules\react-dom\cjs\react-dom.development.js:24373:3)
    at C:\Users\Bigmo\Revature\Perfect-Personnel-Placement\frontend\node_modules\react-dom\cjs\react-dom.development.js:24758:7
    at unbatchedUpdates (C:\Users\Bigmo\Revature\Perfect-Personnel-Placement\frontend\node_modules\react-dom\cjs\react-dom.development.js:21903:12)
    at legacyRenderSubtreeIntoContainer (C:\Users\Bigmo\Revature\Perfect-Personnel-Placement\frontend\node_modules\react-dom\cjs\react-dom.development.js:24757:5)
    at Object.render (C:\Users\Bigmo\Revature\Perfect-Personnel-Placement\frontend\node_modules\react-dom\cjs\react-dom.development.js:24840:10)
    at fn (C:\Users\Bigmo\Revature\Perfect-Personnel-Placement\frontend\node_modules\enzyme-adapter-react-16\src\ReactSixteenAdapter.js:488:26)
    at C:\Users\Bigmo\Revature\Perfect-Personnel-Placement\frontend\node_modules\enzyme-adapter-react-16\src\ReactSixteenAdapter.js:405:37
    at batchedUpdates$1 (C:\Users\Bigmo\Revature\Perfect-Personnel-Placement\frontend\node_modules\react-dom\cjs\react-dom.development.js:21856:12)
    at Object.act (C:\Users\Bigmo\Revature\Perfect-Personnel-Placement\frontend\node_modules\react-dom\cjs\react-dom-test-utils.development.js:929:14)
    at wrapAct (C:\Users\Bigmo\Revature\Perfect-Personnel-Placement\frontend\node_modules\enzyme-adapter-react-16\src\ReactSixteenAdapter.js:405:13)
    at Object.render (C:\Users\Bigmo\Revature\Perfect-Personnel-Placement\frontend\node_modules\enzyme-adapter-react-16\src\ReactSixteenAdapter.js:474:16)
    at new ReactWrapper (C:\Users\Bigmo\Revature\Perfect-Personnel-Placement\frontend\node_modules\enzyme\src\ReactWrapper.js:115:16)
    at mount (C:\Users\Bigmo\Revature\Perfect-Personnel-Placement\frontend\node_modules\enzyme\src\mount.js:10:10)
    at Object.<anonymous> (C:\Users\Bigmo\Revature\Perfect-Personnel-Placement\frontend\src\Screens\ViewClient\ViewClient.test.tsx:11:15)
    at Object.asyncJestLifecycle (C:\Users\Bigmo\Revature\Perfect-Personnel-Placement\frontend\node_modules\jest-jasmine2\build\jasmineAsyncInstall.js:58:37)
    at C:\Users\Bigmo\Revature\Perfect-Personnel-Placement\frontend\node_modules\jest-jasmine2\build\queueRunner.js:45:12
    at new Promise (<anonymous>)
    at mapper (C:\Users\Bigmo\Revature\Perfect-Personnel-Placement\frontend\node_modules\jest-jasmine2\build\queueRunner.js:28:19)
    at C:\Users\Bigmo\Revature\Perfect-Personnel-Placement\frontend\node_modules\jest-jasmine2\build\queueRunner.js:75:41
    at processTicksAndRejections (internal/process/task_queues.js:95:5)]]></failure>
      <failure message="TypeError: Cannot read property &apos;find&apos; of undefined"><![CDATA[TypeError: Cannot read property 'find' of undefined
    at Object.<anonymous> (C:\Users\Bigmo\Revature\Perfect-Personnel-Placement\frontend\src\Screens\ViewClient\ViewClient.test.tsx:35:37)
    at Object.asyncJestTest (C:\Users\Bigmo\Revature\Perfect-Personnel-Placement\frontend\node_modules\jest-jasmine2\build\jasmineAsyncInstall.js:106:37)
    at C:\Users\Bigmo\Revature\Perfect-Personnel-Placement\frontend\node_modules\jest-jasmine2\build\queueRunner.js:45:12
    at new Promise (<anonymous>)
    at mapper (C:\Users\Bigmo\Revature\Perfect-Personnel-Placement\frontend\node_modules\jest-jasmine2\build\queueRunner.js:28:19)
    at C:\Users\Bigmo\Revature\Perfect-Personnel-Placement\frontend\node_modules\jest-jasmine2\build\queueRunner.js:75:41
    at processTicksAndRejections (internal/process/task_queues.js:95:5)]]></failure>
    </testCase>
  </file>
  <file path="C:\Users\Bigmo\Revature\Perfect-Personnel-Placement\frontend\src\components\Clients\ClientsListHeader\ClientsListHeader.test.tsx">
    <testCase name="Batches should be there" duration="119">
      <failure message="Error: Couldn&apos;t find a navigation object. Is your component inside NavigationContainer?"><![CDATA[Error: Couldn't find a navigation object. Is your component inside NavigationContainer?
    at useNavigation (C:\Users\Bigmo\Revature\Perfect-Personnel-Placement\frontend\node_modules\@react-navigation\core\lib\commonjs\useNavigation.tsx:19:11)
    at ClientsListHeader (C:\Users\Bigmo\Revature\Perfect-Personnel-Placement\frontend\src\components\Clients\ClientsListHeader\index.tsx:17:22)
    at renderWithHooks (C:\Users\Bigmo\Revature\Perfect-Personnel-Placement\frontend\node_modules\react-dom\cjs\react-dom.development.js:14803:18)
    at mountIndeterminateComponent (C:\Users\Bigmo\Revature\Perfect-Personnel-Placement\frontend\node_modules\react-dom\cjs\react-dom.development.js:17482:13)
    at beginWork (C:\Users\Bigmo\Revature\Perfect-Personnel-Placement\frontend\node_modules\react-dom\cjs\react-dom.development.js:18596:16)
    at HTMLUnknownElement.callCallback (C:\Users\Bigmo\Revature\Perfect-Personnel-Placement\frontend\node_modules\react-dom\cjs\react-dom.development.js:188:14)
    at invokeEventListeners (C:\Users\Bigmo\Revature\Perfect-Personnel-Placement\frontend\node_modules\jest-environment-enzyme\node_modules\jsdom\lib\jsdom\living\events\EventTarget-impl.js:193:27)
    at HTMLUnknownElementImpl._dispatch (C:\Users\Bigmo\Revature\Perfect-Personnel-Placement\frontend\node_modules\jest-environment-enzyme\node_modules\jsdom\lib\jsdom\living\events\EventTarget-impl.js:119:9)
    at HTMLUnknownElementImpl.dispatchEvent (C:\Users\Bigmo\Revature\Perfect-Personnel-Placement\frontend\node_modules\jest-environment-enzyme\node_modules\jsdom\lib\jsdom\living\events\EventTarget-impl.js:82:17)
    at HTMLUnknownElementImpl.dispatchEvent (C:\Users\Bigmo\Revature\Perfect-Personnel-Placement\frontend\node_modules\jest-environment-enzyme\node_modules\jsdom\lib\jsdom\living\nodes\HTMLElement-impl.js:30:27)
    at HTMLUnknownElement.dispatchEvent (C:\Users\Bigmo\Revature\Perfect-Personnel-Placement\frontend\node_modules\jest-environment-enzyme\node_modules\jsdom\lib\jsdom\living\generated\EventTarget.js:157:21)
    at Object.invokeGuardedCallbackDev (C:\Users\Bigmo\Revature\Perfect-Personnel-Placement\frontend\node_modules\react-dom\cjs\react-dom.development.js:237:16)
    at invokeGuardedCallback (C:\Users\Bigmo\Revature\Perfect-Personnel-Placement\frontend\node_modules\react-dom\cjs\react-dom.development.js:292:31)
    at beginWork$1 (C:\Users\Bigmo\Revature\Perfect-Personnel-Placement\frontend\node_modules\react-dom\cjs\react-dom.development.js:23203:7)
    at performUnitOfWork (C:\Users\Bigmo\Revature\Perfect-Personnel-Placement\frontend\node_modules\react-dom\cjs\react-dom.development.js:22157:12)
    at workLoopSync (C:\Users\Bigmo\Revature\Perfect-Personnel-Placement\frontend\node_modules\react-dom\cjs\react-dom.development.js:22130:22)
    at performSyncWorkOnRoot (C:\Users\Bigmo\Revature\Perfect-Personnel-Placement\frontend\node_modules\react-dom\cjs\react-dom.development.js:21756:9)
    at scheduleUpdateOnFiber (C:\Users\Bigmo\Revature\Perfect-Personnel-Placement\frontend\node_modules\react-dom\cjs\react-dom.development.js:21188:7)
    at updateContainer (C:\Users\Bigmo\Revature\Perfect-Personnel-Placement\frontend\node_modules\react-dom\cjs\react-dom.development.js:24373:3)
    at C:\Users\Bigmo\Revature\Perfect-Personnel-Placement\frontend\node_modules\react-dom\cjs\react-dom.development.js:24758:7
    at unbatchedUpdates (C:\Users\Bigmo\Revature\Perfect-Personnel-Placement\frontend\node_modules\react-dom\cjs\react-dom.development.js:21903:12)
    at legacyRenderSubtreeIntoContainer (C:\Users\Bigmo\Revature\Perfect-Personnel-Placement\frontend\node_modules\react-dom\cjs\react-dom.development.js:24757:5)
    at Object.render (C:\Users\Bigmo\Revature\Perfect-Personnel-Placement\frontend\node_modules\react-dom\cjs\react-dom.development.js:24840:10)
    at fn (C:\Users\Bigmo\Revature\Perfect-Personnel-Placement\frontend\node_modules\enzyme-adapter-react-16\src\ReactSixteenAdapter.js:488:26)
    at C:\Users\Bigmo\Revature\Perfect-Personnel-Placement\frontend\node_modules\enzyme-adapter-react-16\src\ReactSixteenAdapter.js:405:37
    at batchedUpdates$1 (C:\Users\Bigmo\Revature\Perfect-Personnel-Placement\frontend\node_modules\react-dom\cjs\react-dom.development.js:21856:12)
    at Object.act (C:\Users\Bigmo\Revature\Perfect-Personnel-Placement\frontend\node_modules\react-dom\cjs\react-dom-test-utils.development.js:929:14)
    at wrapAct (C:\Users\Bigmo\Revature\Perfect-Personnel-Placement\frontend\node_modules\enzyme-adapter-react-16\src\ReactSixteenAdapter.js:405:13)
    at Object.render (C:\Users\Bigmo\Revature\Perfect-Personnel-Placement\frontend\node_modules\enzyme-adapter-react-16\src\ReactSixteenAdapter.js:474:16)
    at new ReactWrapper (C:\Users\Bigmo\Revature\Perfect-Personnel-Placement\frontend\node_modules\enzyme\src\ReactWrapper.js:115:16)
    at mount (C:\Users\Bigmo\Revature\Perfect-Personnel-Placement\frontend\node_modules\enzyme\src\mount.js:10:10)
    at Object.<anonymous> (C:\Users\Bigmo\Revature\Perfect-Personnel-Placement\frontend\src\components\Clients\ClientsListHeader\ClientsListHeader.test.tsx:14:15)
    at Object.asyncJestLifecycle (C:\Users\Bigmo\Revature\Perfect-Personnel-Placement\frontend\node_modules\jest-jasmine2\build\jasmineAsyncInstall.js:58:37)
    at C:\Users\Bigmo\Revature\Perfect-Personnel-Placement\frontend\node_modules\jest-jasmine2\build\queueRunner.js:45:12
    at new Promise (<anonymous>)
    at mapper (C:\Users\Bigmo\Revature\Perfect-Personnel-Placement\frontend\node_modules\jest-jasmine2\build\queueRunner.js:28:19)
    at C:\Users\Bigmo\Revature\Perfect-Personnel-Placement\frontend\node_modules\jest-jasmine2\build\queueRunner.js:75:41
    at processTicksAndRejections (internal/process/task_queues.js:95:5)]]></failure>
      <failure message="Error: expect(received).not.toBe(expected) // Object.is equality"><![CDATA[Error: expect(received).not.toBe(expected) // Object.is equality

Expected: not undefined
    at Object.<anonymous> (C:\Users\Bigmo\Revature\Perfect-Personnel-Placement\frontend\src\components\Clients\ClientsListHeader\ClientsListHeader.test.tsx:24:25)
    at Object.asyncJestTest (C:\Users\Bigmo\Revature\Perfect-Personnel-Placement\frontend\node_modules\jest-jasmine2\build\jasmineAsyncInstall.js:106:37)
    at C:\Users\Bigmo\Revature\Perfect-Personnel-Placement\frontend\node_modules\jest-jasmine2\build\queueRunner.js:45:12
    at new Promise (<anonymous>)
    at mapper (C:\Users\Bigmo\Revature\Perfect-Personnel-Placement\frontend\node_modules\jest-jasmine2\build\queueRunner.js:28:19)
    at C:\Users\Bigmo\Revature\Perfect-Personnel-Placement\frontend\node_modules\jest-jasmine2\build\queueRunner.js:75:41
    at processTicksAndRejections (internal/process/task_queues.js:95:5)]]></failure>
    </testCase>
    <testCase name="Batches should be pressed" duration="6">
      <failure message="Error: Couldn&apos;t find a navigation object. Is your component inside NavigationContainer?"><![CDATA[Error: Couldn't find a navigation object. Is your component inside NavigationContainer?
    at useNavigation (C:\Users\Bigmo\Revature\Perfect-Personnel-Placement\frontend\node_modules\@react-navigation\core\lib\commonjs\useNavigation.tsx:19:11)
    at ClientsListHeader (C:\Users\Bigmo\Revature\Perfect-Personnel-Placement\frontend\src\components\Clients\ClientsListHeader\index.tsx:17:22)
    at renderWithHooks (C:\Users\Bigmo\Revature\Perfect-Personnel-Placement\frontend\node_modules\react-dom\cjs\react-dom.development.js:14803:18)
    at mountIndeterminateComponent (C:\Users\Bigmo\Revature\Perfect-Personnel-Placement\frontend\node_modules\react-dom\cjs\react-dom.development.js:17482:13)
    at beginWork (C:\Users\Bigmo\Revature\Perfect-Personnel-Placement\frontend\node_modules\react-dom\cjs\react-dom.development.js:18596:16)
    at HTMLUnknownElement.callCallback (C:\Users\Bigmo\Revature\Perfect-Personnel-Placement\frontend\node_modules\react-dom\cjs\react-dom.development.js:188:14)
    at invokeEventListeners (C:\Users\Bigmo\Revature\Perfect-Personnel-Placement\frontend\node_modules\jest-environment-enzyme\node_modules\jsdom\lib\jsdom\living\events\EventTarget-impl.js:193:27)
    at HTMLUnknownElementImpl._dispatch (C:\Users\Bigmo\Revature\Perfect-Personnel-Placement\frontend\node_modules\jest-environment-enzyme\node_modules\jsdom\lib\jsdom\living\events\EventTarget-impl.js:119:9)
    at HTMLUnknownElementImpl.dispatchEvent (C:\Users\Bigmo\Revature\Perfect-Personnel-Placement\frontend\node_modules\jest-environment-enzyme\node_modules\jsdom\lib\jsdom\living\events\EventTarget-impl.js:82:17)
    at HTMLUnknownElementImpl.dispatchEvent (C:\Users\Bigmo\Revature\Perfect-Personnel-Placement\frontend\node_modules\jest-environment-enzyme\node_modules\jsdom\lib\jsdom\living\nodes\HTMLElement-impl.js:30:27)
    at HTMLUnknownElement.dispatchEvent (C:\Users\Bigmo\Revature\Perfect-Personnel-Placement\frontend\node_modules\jest-environment-enzyme\node_modules\jsdom\lib\jsdom\living\generated\EventTarget.js:157:21)
    at Object.invokeGuardedCallbackDev (C:\Users\Bigmo\Revature\Perfect-Personnel-Placement\frontend\node_modules\react-dom\cjs\react-dom.development.js:237:16)
    at invokeGuardedCallback (C:\Users\Bigmo\Revature\Perfect-Personnel-Placement\frontend\node_modules\react-dom\cjs\react-dom.development.js:292:31)
    at beginWork$1 (C:\Users\Bigmo\Revature\Perfect-Personnel-Placement\frontend\node_modules\react-dom\cjs\react-dom.development.js:23203:7)
    at performUnitOfWork (C:\Users\Bigmo\Revature\Perfect-Personnel-Placement\frontend\node_modules\react-dom\cjs\react-dom.development.js:22157:12)
    at workLoopSync (C:\Users\Bigmo\Revature\Perfect-Personnel-Placement\frontend\node_modules\react-dom\cjs\react-dom.development.js:22130:22)
    at performSyncWorkOnRoot (C:\Users\Bigmo\Revature\Perfect-Personnel-Placement\frontend\node_modules\react-dom\cjs\react-dom.development.js:21756:9)
    at scheduleUpdateOnFiber (C:\Users\Bigmo\Revature\Perfect-Personnel-Placement\frontend\node_modules\react-dom\cjs\react-dom.development.js:21188:7)
    at updateContainer (C:\Users\Bigmo\Revature\Perfect-Personnel-Placement\frontend\node_modules\react-dom\cjs\react-dom.development.js:24373:3)
    at C:\Users\Bigmo\Revature\Perfect-Personnel-Placement\frontend\node_modules\react-dom\cjs\react-dom.development.js:24758:7
    at unbatchedUpdates (C:\Users\Bigmo\Revature\Perfect-Personnel-Placement\frontend\node_modules\react-dom\cjs\react-dom.development.js:21903:12)
    at legacyRenderSubtreeIntoContainer (C:\Users\Bigmo\Revature\Perfect-Personnel-Placement\frontend\node_modules\react-dom\cjs\react-dom.development.js:24757:5)
    at Object.render (C:\Users\Bigmo\Revature\Perfect-Personnel-Placement\frontend\node_modules\react-dom\cjs\react-dom.development.js:24840:10)
    at fn (C:\Users\Bigmo\Revature\Perfect-Personnel-Placement\frontend\node_modules\enzyme-adapter-react-16\src\ReactSixteenAdapter.js:488:26)
    at C:\Users\Bigmo\Revature\Perfect-Personnel-Placement\frontend\node_modules\enzyme-adapter-react-16\src\ReactSixteenAdapter.js:405:37
    at batchedUpdates$1 (C:\Users\Bigmo\Revature\Perfect-Personnel-Placement\frontend\node_modules\react-dom\cjs\react-dom.development.js:21856:12)
    at Object.act (C:\Users\Bigmo\Revature\Perfect-Personnel-Placement\frontend\node_modules\react-dom\cjs\react-dom-test-utils.development.js:929:14)
    at wrapAct (C:\Users\Bigmo\Revature\Perfect-Personnel-Placement\frontend\node_modules\enzyme-adapter-react-16\src\ReactSixteenAdapter.js:405:13)
    at Object.render (C:\Users\Bigmo\Revature\Perfect-Personnel-Placement\frontend\node_modules\enzyme-adapter-react-16\src\ReactSixteenAdapter.js:474:16)
    at new ReactWrapper (C:\Users\Bigmo\Revature\Perfect-Personnel-Placement\frontend\node_modules\enzyme\src\ReactWrapper.js:115:16)
    at mount (C:\Users\Bigmo\Revature\Perfect-Personnel-Placement\frontend\node_modules\enzyme\src\mount.js:10:10)
    at Object.<anonymous> (C:\Users\Bigmo\Revature\Perfect-Personnel-Placement\frontend\src\components\Clients\ClientsListHeader\ClientsListHeader.test.tsx:14:15)
    at Object.asyncJestLifecycle (C:\Users\Bigmo\Revature\Perfect-Personnel-Placement\frontend\node_modules\jest-jasmine2\build\jasmineAsyncInstall.js:58:37)
    at C:\Users\Bigmo\Revature\Perfect-Personnel-Placement\frontend\node_modules\jest-jasmine2\build\queueRunner.js:45:12
    at new Promise (<anonymous>)
    at mapper (C:\Users\Bigmo\Revature\Perfect-Personnel-Placement\frontend\node_modules\jest-jasmine2\build\queueRunner.js:28:19)
    at C:\Users\Bigmo\Revature\Perfect-Personnel-Placement\frontend\node_modules\jest-jasmine2\build\queueRunner.js:75:41
    at processTicksAndRejections (internal/process/task_queues.js:95:5)]]></failure>
      <failure message="TypeError: Cannot read property &apos;find&apos; of undefined"><![CDATA[TypeError: Cannot read property 'find' of undefined
    at Object.<anonymous> (C:\Users\Bigmo\Revature\Perfect-Personnel-Placement\frontend\src\components\Clients\ClientsListHeader\ClientsListHeader.test.tsx:29:37)
    at Object.asyncJestTest (C:\Users\Bigmo\Revature\Perfect-Personnel-Placement\frontend\node_modules\jest-jasmine2\build\jasmineAsyncInstall.js:106:37)
    at C:\Users\Bigmo\Revature\Perfect-Personnel-Placement\frontend\node_modules\jest-jasmine2\build\queueRunner.js:45:12
    at new Promise (<anonymous>)
    at mapper (C:\Users\Bigmo\Revature\Perfect-Personnel-Placement\frontend\node_modules\jest-jasmine2\build\queueRunner.js:28:19)
    at C:\Users\Bigmo\Revature\Perfect-Personnel-Placement\frontend\node_modules\jest-jasmine2\build\queueRunner.js:75:41
    at processTicksAndRejections (internal/process/task_queues.js:95:5)]]></failure>
    </testCase>
  </file>
  <file path="C:\Users\Bigmo\Revature\Perfect-Personnel-Placement\frontend\src\Screens\AddEditCurriculum\AddEditCurriculum.test.tsx">
    <testCase name="Batches should be there" duration="407"/>
    <testCase name="Batches should display the header" duration="108"/>
  </file>
  <file path="C:\Users\Bigmo\Revature\Perfect-Personnel-Placement\frontend\src\components\clients_old\__tests__\ClientList.test.js">
  </file>
  <file path="C:\Users\Bigmo\Revature\Perfect-Personnel-Placement\frontend\src\components\clients_old\__tests__\CurriculumList.test.js">
  </file>
  <file path="C:\Users\Bigmo\Revature\Perfect-Personnel-Placement\frontend\src\components\Clients\ClientsListItem\ClientsListItem.test.tsx">
    <testCase name="Batches should be there" duration="165">
      <failure message="Error: Couldn&apos;t find a navigation object. Is your component inside NavigationContainer?"><![CDATA[Error: Couldn't find a navigation object. Is your component inside NavigationContainer?
    at useNavigation (C:\Users\Bigmo\Revature\Perfect-Personnel-Placement\frontend\node_modules\@react-navigation\core\lib\commonjs\useNavigation.tsx:19:11)
    at ClientsListItem (C:\Users\Bigmo\Revature\Perfect-Personnel-Placement\frontend\src\components\Clients\ClientsListItem\index.tsx:15:22)
    at renderWithHooks (C:\Users\Bigmo\Revature\Perfect-Personnel-Placement\frontend\node_modules\react-dom\cjs\react-dom.development.js:14803:18)
    at mountIndeterminateComponent (C:\Users\Bigmo\Revature\Perfect-Personnel-Placement\frontend\node_modules\react-dom\cjs\react-dom.development.js:17482:13)
    at beginWork (C:\Users\Bigmo\Revature\Perfect-Personnel-Placement\frontend\node_modules\react-dom\cjs\react-dom.development.js:18596:16)
    at HTMLUnknownElement.callCallback (C:\Users\Bigmo\Revature\Perfect-Personnel-Placement\frontend\node_modules\react-dom\cjs\react-dom.development.js:188:14)
    at invokeEventListeners (C:\Users\Bigmo\Revature\Perfect-Personnel-Placement\frontend\node_modules\jest-environment-enzyme\node_modules\jsdom\lib\jsdom\living\events\EventTarget-impl.js:193:27)
    at HTMLUnknownElementImpl._dispatch (C:\Users\Bigmo\Revature\Perfect-Personnel-Placement\frontend\node_modules\jest-environment-enzyme\node_modules\jsdom\lib\jsdom\living\events\EventTarget-impl.js:119:9)
    at HTMLUnknownElementImpl.dispatchEvent (C:\Users\Bigmo\Revature\Perfect-Personnel-Placement\frontend\node_modules\jest-environment-enzyme\node_modules\jsdom\lib\jsdom\living\events\EventTarget-impl.js:82:17)
    at HTMLUnknownElementImpl.dispatchEvent (C:\Users\Bigmo\Revature\Perfect-Personnel-Placement\frontend\node_modules\jest-environment-enzyme\node_modules\jsdom\lib\jsdom\living\nodes\HTMLElement-impl.js:30:27)
    at HTMLUnknownElement.dispatchEvent (C:\Users\Bigmo\Revature\Perfect-Personnel-Placement\frontend\node_modules\jest-environment-enzyme\node_modules\jsdom\lib\jsdom\living\generated\EventTarget.js:157:21)
    at Object.invokeGuardedCallbackDev (C:\Users\Bigmo\Revature\Perfect-Personnel-Placement\frontend\node_modules\react-dom\cjs\react-dom.development.js:237:16)
    at invokeGuardedCallback (C:\Users\Bigmo\Revature\Perfect-Personnel-Placement\frontend\node_modules\react-dom\cjs\react-dom.development.js:292:31)
    at beginWork$1 (C:\Users\Bigmo\Revature\Perfect-Personnel-Placement\frontend\node_modules\react-dom\cjs\react-dom.development.js:23203:7)
    at performUnitOfWork (C:\Users\Bigmo\Revature\Perfect-Personnel-Placement\frontend\node_modules\react-dom\cjs\react-dom.development.js:22157:12)
    at workLoopSync (C:\Users\Bigmo\Revature\Perfect-Personnel-Placement\frontend\node_modules\react-dom\cjs\react-dom.development.js:22130:22)
    at performSyncWorkOnRoot (C:\Users\Bigmo\Revature\Perfect-Personnel-Placement\frontend\node_modules\react-dom\cjs\react-dom.development.js:21756:9)
    at scheduleUpdateOnFiber (C:\Users\Bigmo\Revature\Perfect-Personnel-Placement\frontend\node_modules\react-dom\cjs\react-dom.development.js:21188:7)
    at updateContainer (C:\Users\Bigmo\Revature\Perfect-Personnel-Placement\frontend\node_modules\react-dom\cjs\react-dom.development.js:24373:3)
    at C:\Users\Bigmo\Revature\Perfect-Personnel-Placement\frontend\node_modules\react-dom\cjs\react-dom.development.js:24758:7
    at unbatchedUpdates (C:\Users\Bigmo\Revature\Perfect-Personnel-Placement\frontend\node_modules\react-dom\cjs\react-dom.development.js:21903:12)
    at legacyRenderSubtreeIntoContainer (C:\Users\Bigmo\Revature\Perfect-Personnel-Placement\frontend\node_modules\react-dom\cjs\react-dom.development.js:24757:5)
    at Object.render (C:\Users\Bigmo\Revature\Perfect-Personnel-Placement\frontend\node_modules\react-dom\cjs\react-dom.development.js:24840:10)
    at fn (C:\Users\Bigmo\Revature\Perfect-Personnel-Placement\frontend\node_modules\enzyme-adapter-react-16\src\ReactSixteenAdapter.js:488:26)
    at C:\Users\Bigmo\Revature\Perfect-Personnel-Placement\frontend\node_modules\enzyme-adapter-react-16\src\ReactSixteenAdapter.js:405:37
    at batchedUpdates$1 (C:\Users\Bigmo\Revature\Perfect-Personnel-Placement\frontend\node_modules\react-dom\cjs\react-dom.development.js:21856:12)
    at Object.act (C:\Users\Bigmo\Revature\Perfect-Personnel-Placement\frontend\node_modules\react-dom\cjs\react-dom-test-utils.development.js:929:14)
    at wrapAct (C:\Users\Bigmo\Revature\Perfect-Personnel-Placement\frontend\node_modules\enzyme-adapter-react-16\src\ReactSixteenAdapter.js:405:13)
    at Object.render (C:\Users\Bigmo\Revature\Perfect-Personnel-Placement\frontend\node_modules\enzyme-adapter-react-16\src\ReactSixteenAdapter.js:474:16)
    at new ReactWrapper (C:\Users\Bigmo\Revature\Perfect-Personnel-Placement\frontend\node_modules\enzyme\src\ReactWrapper.js:115:16)
    at mount (C:\Users\Bigmo\Revature\Perfect-Personnel-Placement\frontend\node_modules\enzyme\src\mount.js:10:10)
    at Object.<anonymous> (C:\Users\Bigmo\Revature\Perfect-Personnel-Placement\frontend\src\components\Clients\ClientsListItem\ClientsListItem.test.tsx:10:15)
    at Object.asyncJestLifecycle (C:\Users\Bigmo\Revature\Perfect-Personnel-Placement\frontend\node_modules\jest-jasmine2\build\jasmineAsyncInstall.js:58:37)
    at C:\Users\Bigmo\Revature\Perfect-Personnel-Placement\frontend\node_modules\jest-jasmine2\build\queueRunner.js:45:12
    at new Promise (<anonymous>)
    at mapper (C:\Users\Bigmo\Revature\Perfect-Personnel-Placement\frontend\node_modules\jest-jasmine2\build\queueRunner.js:28:19)
    at C:\Users\Bigmo\Revature\Perfect-Personnel-Placement\frontend\node_modules\jest-jasmine2\build\queueRunner.js:75:41
    at processTicksAndRejections (internal/process/task_queues.js:95:5)]]></failure>
      <failure message="Error: expect(received).not.toBe(expected) // Object.is equality"><![CDATA[Error: expect(received).not.toBe(expected) // Object.is equality

Expected: not undefined
    at Object.<anonymous> (C:\Users\Bigmo\Revature\Perfect-Personnel-Placement\frontend\src\components\Clients\ClientsListItem\ClientsListItem.test.tsx:15:25)
    at Object.asyncJestTest (C:\Users\Bigmo\Revature\Perfect-Personnel-Placement\frontend\node_modules\jest-jasmine2\build\jasmineAsyncInstall.js:106:37)
    at C:\Users\Bigmo\Revature\Perfect-Personnel-Placement\frontend\node_modules\jest-jasmine2\build\queueRunner.js:45:12
    at new Promise (<anonymous>)
    at mapper (C:\Users\Bigmo\Revature\Perfect-Personnel-Placement\frontend\node_modules\jest-jasmine2\build\queueRunner.js:28:19)
    at C:\Users\Bigmo\Revature\Perfect-Personnel-Placement\frontend\node_modules\jest-jasmine2\build\queueRunner.js:75:41
    at processTicksAndRejections (internal/process/task_queues.js:95:5)]]></failure>
    </testCase>
    <testCase name="Batches should be pressable" duration="6">
      <failure message="Error: Couldn&apos;t find a navigation object. Is your component inside NavigationContainer?"><![CDATA[Error: Couldn't find a navigation object. Is your component inside NavigationContainer?
    at useNavigation (C:\Users\Bigmo\Revature\Perfect-Personnel-Placement\frontend\node_modules\@react-navigation\core\lib\commonjs\useNavigation.tsx:19:11)
    at ClientsListItem (C:\Users\Bigmo\Revature\Perfect-Personnel-Placement\frontend\src\components\Clients\ClientsListItem\index.tsx:15:22)
    at renderWithHooks (C:\Users\Bigmo\Revature\Perfect-Personnel-Placement\frontend\node_modules\react-dom\cjs\react-dom.development.js:14803:18)
    at mountIndeterminateComponent (C:\Users\Bigmo\Revature\Perfect-Personnel-Placement\frontend\node_modules\react-dom\cjs\react-dom.development.js:17482:13)
    at beginWork (C:\Users\Bigmo\Revature\Perfect-Personnel-Placement\frontend\node_modules\react-dom\cjs\react-dom.development.js:18596:16)
    at HTMLUnknownElement.callCallback (C:\Users\Bigmo\Revature\Perfect-Personnel-Placement\frontend\node_modules\react-dom\cjs\react-dom.development.js:188:14)
    at invokeEventListeners (C:\Users\Bigmo\Revature\Perfect-Personnel-Placement\frontend\node_modules\jest-environment-enzyme\node_modules\jsdom\lib\jsdom\living\events\EventTarget-impl.js:193:27)
    at HTMLUnknownElementImpl._dispatch (C:\Users\Bigmo\Revature\Perfect-Personnel-Placement\frontend\node_modules\jest-environment-enzyme\node_modules\jsdom\lib\jsdom\living\events\EventTarget-impl.js:119:9)
    at HTMLUnknownElementImpl.dispatchEvent (C:\Users\Bigmo\Revature\Perfect-Personnel-Placement\frontend\node_modules\jest-environment-enzyme\node_modules\jsdom\lib\jsdom\living\events\EventTarget-impl.js:82:17)
    at HTMLUnknownElementImpl.dispatchEvent (C:\Users\Bigmo\Revature\Perfect-Personnel-Placement\frontend\node_modules\jest-environment-enzyme\node_modules\jsdom\lib\jsdom\living\nodes\HTMLElement-impl.js:30:27)
    at HTMLUnknownElement.dispatchEvent (C:\Users\Bigmo\Revature\Perfect-Personnel-Placement\frontend\node_modules\jest-environment-enzyme\node_modules\jsdom\lib\jsdom\living\generated\EventTarget.js:157:21)
    at Object.invokeGuardedCallbackDev (C:\Users\Bigmo\Revature\Perfect-Personnel-Placement\frontend\node_modules\react-dom\cjs\react-dom.development.js:237:16)
    at invokeGuardedCallback (C:\Users\Bigmo\Revature\Perfect-Personnel-Placement\frontend\node_modules\react-dom\cjs\react-dom.development.js:292:31)
    at beginWork$1 (C:\Users\Bigmo\Revature\Perfect-Personnel-Placement\frontend\node_modules\react-dom\cjs\react-dom.development.js:23203:7)
    at performUnitOfWork (C:\Users\Bigmo\Revature\Perfect-Personnel-Placement\frontend\node_modules\react-dom\cjs\react-dom.development.js:22157:12)
    at workLoopSync (C:\Users\Bigmo\Revature\Perfect-Personnel-Placement\frontend\node_modules\react-dom\cjs\react-dom.development.js:22130:22)
    at performSyncWorkOnRoot (C:\Users\Bigmo\Revature\Perfect-Personnel-Placement\frontend\node_modules\react-dom\cjs\react-dom.development.js:21756:9)
    at scheduleUpdateOnFiber (C:\Users\Bigmo\Revature\Perfect-Personnel-Placement\frontend\node_modules\react-dom\cjs\react-dom.development.js:21188:7)
    at updateContainer (C:\Users\Bigmo\Revature\Perfect-Personnel-Placement\frontend\node_modules\react-dom\cjs\react-dom.development.js:24373:3)
    at C:\Users\Bigmo\Revature\Perfect-Personnel-Placement\frontend\node_modules\react-dom\cjs\react-dom.development.js:24758:7
    at unbatchedUpdates (C:\Users\Bigmo\Revature\Perfect-Personnel-Placement\frontend\node_modules\react-dom\cjs\react-dom.development.js:21903:12)
    at legacyRenderSubtreeIntoContainer (C:\Users\Bigmo\Revature\Perfect-Personnel-Placement\frontend\node_modules\react-dom\cjs\react-dom.development.js:24757:5)
    at Object.render (C:\Users\Bigmo\Revature\Perfect-Personnel-Placement\frontend\node_modules\react-dom\cjs\react-dom.development.js:24840:10)
    at fn (C:\Users\Bigmo\Revature\Perfect-Personnel-Placement\frontend\node_modules\enzyme-adapter-react-16\src\ReactSixteenAdapter.js:488:26)
    at C:\Users\Bigmo\Revature\Perfect-Personnel-Placement\frontend\node_modules\enzyme-adapter-react-16\src\ReactSixteenAdapter.js:405:37
    at batchedUpdates$1 (C:\Users\Bigmo\Revature\Perfect-Personnel-Placement\frontend\node_modules\react-dom\cjs\react-dom.development.js:21856:12)
    at Object.act (C:\Users\Bigmo\Revature\Perfect-Personnel-Placement\frontend\node_modules\react-dom\cjs\react-dom-test-utils.development.js:929:14)
    at wrapAct (C:\Users\Bigmo\Revature\Perfect-Personnel-Placement\frontend\node_modules\enzyme-adapter-react-16\src\ReactSixteenAdapter.js:405:13)
    at Object.render (C:\Users\Bigmo\Revature\Perfect-Personnel-Placement\frontend\node_modules\enzyme-adapter-react-16\src\ReactSixteenAdapter.js:474:16)
    at new ReactWrapper (C:\Users\Bigmo\Revature\Perfect-Personnel-Placement\frontend\node_modules\enzyme\src\ReactWrapper.js:115:16)
    at mount (C:\Users\Bigmo\Revature\Perfect-Personnel-Placement\frontend\node_modules\enzyme\src\mount.js:10:10)
    at Object.<anonymous> (C:\Users\Bigmo\Revature\Perfect-Personnel-Placement\frontend\src\components\Clients\ClientsListItem\ClientsListItem.test.tsx:10:15)
    at Object.asyncJestLifecycle (C:\Users\Bigmo\Revature\Perfect-Personnel-Placement\frontend\node_modules\jest-jasmine2\build\jasmineAsyncInstall.js:58:37)
    at C:\Users\Bigmo\Revature\Perfect-Personnel-Placement\frontend\node_modules\jest-jasmine2\build\queueRunner.js:45:12
    at new Promise (<anonymous>)
    at mapper (C:\Users\Bigmo\Revature\Perfect-Personnel-Placement\frontend\node_modules\jest-jasmine2\build\queueRunner.js:28:19)
    at C:\Users\Bigmo\Revature\Perfect-Personnel-Placement\frontend\node_modules\jest-jasmine2\build\queueRunner.js:75:41
    at processTicksAndRejections (internal/process/task_queues.js:95:5)]]></failure>
      <failure message="TypeError: Cannot read property &apos;find&apos; of undefined"><![CDATA[TypeError: Cannot read property 'find' of undefined
    at Object.<anonymous> (C:\Users\Bigmo\Revature\Perfect-Personnel-Placement\frontend\src\components\Clients\ClientsListItem\ClientsListItem.test.tsx:20:37)
    at Object.asyncJestTest (C:\Users\Bigmo\Revature\Perfect-Personnel-Placement\frontend\node_modules\jest-jasmine2\build\jasmineAsyncInstall.js:106:37)
    at C:\Users\Bigmo\Revature\Perfect-Personnel-Placement\frontend\node_modules\jest-jasmine2\build\queueRunner.js:45:12
    at new Promise (<anonymous>)
    at mapper (C:\Users\Bigmo\Revature\Perfect-Personnel-Placement\frontend\node_modules\jest-jasmine2\build\queueRunner.js:28:19)
    at C:\Users\Bigmo\Revature\Perfect-Personnel-Placement\frontend\node_modules\jest-jasmine2\build\queueRunner.js:75:41
    at processTicksAndRejections (internal/process/task_queues.js:95:5)]]></failure>
    </testCase>
  </file>
  <file path="C:\Users\Bigmo\Revature\Perfect-Personnel-Placement\frontend\src\components\curricula\CurriculaListHeader\CurriculaListHeader.test.tsx">
    <testCase name="Batches should be there" duration="127"/>
    <testCase name="Batches should be pressed" duration="44"/>
  </file>
  <file path="C:\Users\Bigmo\Revature\Perfect-Personnel-Placement\frontend\src\Screens\Trainers\Trainers.test.tsx">
    <testCase name="Main Trainer encountered a declaration exception" duration="1">
      <failure message="Error: Couldn&apos;t find a navigation object. Is your component inside NavigationContainer?"><![CDATA[Error: Couldn't find a navigation object. Is your component inside NavigationContainer?
    at useNavigation (C:\Users\Bigmo\Revature\Perfect-Personnel-Placement\frontend\node_modules\@react-navigation\core\lib\commonjs\useNavigation.tsx:19:11)
    at MainTrainer (C:\Users\Bigmo\Revature\Perfect-Personnel-Placement\frontend\src\Screens\Trainers\index.tsx:29:22)
    at renderWithHooks (C:\Users\Bigmo\Revature\Perfect-Personnel-Placement\frontend\node_modules\react-dom\cjs\react-dom.development.js:14803:18)
    at mountIndeterminateComponent (C:\Users\Bigmo\Revature\Perfect-Personnel-Placement\frontend\node_modules\react-dom\cjs\react-dom.development.js:17482:13)
    at beginWork (C:\Users\Bigmo\Revature\Perfect-Personnel-Placement\frontend\node_modules\react-dom\cjs\react-dom.development.js:18596:16)
    at HTMLUnknownElement.callCallback (C:\Users\Bigmo\Revature\Perfect-Personnel-Placement\frontend\node_modules\react-dom\cjs\react-dom.development.js:188:14)
    at invokeEventListeners (C:\Users\Bigmo\Revature\Perfect-Personnel-Placement\frontend\node_modules\jest-environment-enzyme\node_modules\jsdom\lib\jsdom\living\events\EventTarget-impl.js:193:27)
    at HTMLUnknownElementImpl._dispatch (C:\Users\Bigmo\Revature\Perfect-Personnel-Placement\frontend\node_modules\jest-environment-enzyme\node_modules\jsdom\lib\jsdom\living\events\EventTarget-impl.js:119:9)
    at HTMLUnknownElementImpl.dispatchEvent (C:\Users\Bigmo\Revature\Perfect-Personnel-Placement\frontend\node_modules\jest-environment-enzyme\node_modules\jsdom\lib\jsdom\living\events\EventTarget-impl.js:82:17)
    at HTMLUnknownElementImpl.dispatchEvent (C:\Users\Bigmo\Revature\Perfect-Personnel-Placement\frontend\node_modules\jest-environment-enzyme\node_modules\jsdom\lib\jsdom\living\nodes\HTMLElement-impl.js:30:27)
    at HTMLUnknownElement.dispatchEvent (C:\Users\Bigmo\Revature\Perfect-Personnel-Placement\frontend\node_modules\jest-environment-enzyme\node_modules\jsdom\lib\jsdom\living\generated\EventTarget.js:157:21)
    at Object.invokeGuardedCallbackDev (C:\Users\Bigmo\Revature\Perfect-Personnel-Placement\frontend\node_modules\react-dom\cjs\react-dom.development.js:237:16)
    at invokeGuardedCallback (C:\Users\Bigmo\Revature\Perfect-Personnel-Placement\frontend\node_modules\react-dom\cjs\react-dom.development.js:292:31)
    at beginWork$1 (C:\Users\Bigmo\Revature\Perfect-Personnel-Placement\frontend\node_modules\react-dom\cjs\react-dom.development.js:23203:7)
    at performUnitOfWork (C:\Users\Bigmo\Revature\Perfect-Personnel-Placement\frontend\node_modules\react-dom\cjs\react-dom.development.js:22157:12)
    at workLoopSync (C:\Users\Bigmo\Revature\Perfect-Personnel-Placement\frontend\node_modules\react-dom\cjs\react-dom.development.js:22130:22)
    at performSyncWorkOnRoot (C:\Users\Bigmo\Revature\Perfect-Personnel-Placement\frontend\node_modules\react-dom\cjs\react-dom.development.js:21756:9)
    at scheduleUpdateOnFiber (C:\Users\Bigmo\Revature\Perfect-Personnel-Placement\frontend\node_modules\react-dom\cjs\react-dom.development.js:21188:7)
    at updateContainer (C:\Users\Bigmo\Revature\Perfect-Personnel-Placement\frontend\node_modules\react-dom\cjs\react-dom.development.js:24373:3)
    at C:\Users\Bigmo\Revature\Perfect-Personnel-Placement\frontend\node_modules\react-dom\cjs\react-dom.development.js:24758:7
    at unbatchedUpdates (C:\Users\Bigmo\Revature\Perfect-Personnel-Placement\frontend\node_modules\react-dom\cjs\react-dom.development.js:21903:12)
    at legacyRenderSubtreeIntoContainer (C:\Users\Bigmo\Revature\Perfect-Personnel-Placement\frontend\node_modules\react-dom\cjs\react-dom.development.js:24757:5)
    at Object.render (C:\Users\Bigmo\Revature\Perfect-Personnel-Placement\frontend\node_modules\react-dom\cjs\react-dom.development.js:24840:10)
    at fn (C:\Users\Bigmo\Revature\Perfect-Personnel-Placement\frontend\node_modules\enzyme-adapter-react-16\src\ReactSixteenAdapter.js:488:26)
    at C:\Users\Bigmo\Revature\Perfect-Personnel-Placement\frontend\node_modules\enzyme-adapter-react-16\src\ReactSixteenAdapter.js:405:37
    at batchedUpdates$1 (C:\Users\Bigmo\Revature\Perfect-Personnel-Placement\frontend\node_modules\react-dom\cjs\react-dom.development.js:21856:12)
    at Object.act (C:\Users\Bigmo\Revature\Perfect-Personnel-Placement\frontend\node_modules\react-dom\cjs\react-dom-test-utils.development.js:929:14)
    at wrapAct (C:\Users\Bigmo\Revature\Perfect-Personnel-Placement\frontend\node_modules\enzyme-adapter-react-16\src\ReactSixteenAdapter.js:405:13)
    at Object.render (C:\Users\Bigmo\Revature\Perfect-Personnel-Placement\frontend\node_modules\enzyme-adapter-react-16\src\ReactSixteenAdapter.js:474:16)
    at new ReactWrapper (C:\Users\Bigmo\Revature\Perfect-Personnel-Placement\frontend\node_modules\enzyme\src\ReactWrapper.js:115:16)
    at mount (C:\Users\Bigmo\Revature\Perfect-Personnel-Placement\frontend\node_modules\enzyme\src\mount.js:10:10)
    at Suite.<anonymous> (C:\Users\Bigmo\Revature\Perfect-Personnel-Placement\frontend\src\Screens\Trainers\Trainers.test.tsx:8:19)
    at addSpecsToSuite (C:\Users\Bigmo\Revature\Perfect-Personnel-Placement\frontend\node_modules\jest-jasmine2\build\jasmine\Env.js:444:51)
    at Env.describe (C:\Users\Bigmo\Revature\Perfect-Personnel-Placement\frontend\node_modules\jest-jasmine2\build\jasmine\Env.js:414:11)
    at describe (C:\Users\Bigmo\Revature\Perfect-Personnel-Placement\frontend\node_modules\jest-jasmine2\build\jasmine\jasmineLight.js:88:18)
    at Object.<anonymous> (C:\Users\Bigmo\Revature\Perfect-Personnel-Placement\frontend\src\Screens\Trainers\Trainers.test.tsx:7:1)
    at Runtime._execModule (C:\Users\Bigmo\Revature\Perfect-Personnel-Placement\frontend\node_modules\jest-runtime\build\index.js:1299:24)
    at Runtime._loadModule (C:\Users\Bigmo\Revature\Perfect-Personnel-Placement\frontend\node_modules\jest-runtime\build\index.js:898:12)
    at Runtime.requireModule (C:\Users\Bigmo\Revature\Perfect-Personnel-Placement\frontend\node_modules\jest-runtime\build\index.js:746:10)
    at jasmine2 (C:\Users\Bigmo\Revature\Perfect-Personnel-Placement\frontend\node_modules\jest-jasmine2\build\index.js:230:13)
    at runTestInternal (C:\Users\Bigmo\Revature\Perfect-Personnel-Placement\frontend\node_modules\jest-runner\build\runTest.js:380:22)
    at processTicksAndRejections (internal/process/task_queues.js:95:5)
    at runTest (C:\Users\Bigmo\Revature\Perfect-Personnel-Placement\frontend\node_modules\jest-runner\build\runTest.js:472:34)
    at Object.worker (C:\Users\Bigmo\Revature\Perfect-Personnel-Placement\frontend\node_modules\jest-runner\build\testWorker.js:133:12)]]></failure>
    </testCase>
  </file>
  <file path="C:\Users\Bigmo\Revature\Perfect-Personnel-Placement\frontend\src\Screens\ViewEditTrainer\ViewEditTrainer.test.tsx">
    <testCase name="View/Edit Trainer encountered a declaration exception" duration="0">
      <failure message="Error: Couldn&apos;t find a route object. Is your component inside a screen in a navigator?"><![CDATA[Error: Couldn't find a route object. Is your component inside a screen in a navigator?
    at useRoute (C:\Users\Bigmo\Revature\Perfect-Personnel-Placement\frontend\node_modules\@react-navigation\core\lib\commonjs\useRoute.tsx:16:11)
    at ViewEditTrainer (C:\Users\Bigmo\Revature\Perfect-Personnel-Placement\frontend\src\Screens\ViewEditTrainer\index.tsx:28:17)
    at renderWithHooks (C:\Users\Bigmo\Revature\Perfect-Personnel-Placement\frontend\node_modules\react-dom\cjs\react-dom.development.js:14803:18)
    at mountIndeterminateComponent (C:\Users\Bigmo\Revature\Perfect-Personnel-Placement\frontend\node_modules\react-dom\cjs\react-dom.development.js:17482:13)
    at beginWork (C:\Users\Bigmo\Revature\Perfect-Personnel-Placement\frontend\node_modules\react-dom\cjs\react-dom.development.js:18596:16)
    at HTMLUnknownElement.callCallback (C:\Users\Bigmo\Revature\Perfect-Personnel-Placement\frontend\node_modules\react-dom\cjs\react-dom.development.js:188:14)
    at invokeEventListeners (C:\Users\Bigmo\Revature\Perfect-Personnel-Placement\frontend\node_modules\jest-environment-enzyme\node_modules\jsdom\lib\jsdom\living\events\EventTarget-impl.js:193:27)
    at HTMLUnknownElementImpl._dispatch (C:\Users\Bigmo\Revature\Perfect-Personnel-Placement\frontend\node_modules\jest-environment-enzyme\node_modules\jsdom\lib\jsdom\living\events\EventTarget-impl.js:119:9)
    at HTMLUnknownElementImpl.dispatchEvent (C:\Users\Bigmo\Revature\Perfect-Personnel-Placement\frontend\node_modules\jest-environment-enzyme\node_modules\jsdom\lib\jsdom\living\events\EventTarget-impl.js:82:17)
    at HTMLUnknownElementImpl.dispatchEvent (C:\Users\Bigmo\Revature\Perfect-Personnel-Placement\frontend\node_modules\jest-environment-enzyme\node_modules\jsdom\lib\jsdom\living\nodes\HTMLElement-impl.js:30:27)
    at HTMLUnknownElement.dispatchEvent (C:\Users\Bigmo\Revature\Perfect-Personnel-Placement\frontend\node_modules\jest-environment-enzyme\node_modules\jsdom\lib\jsdom\living\generated\EventTarget.js:157:21)
    at Object.invokeGuardedCallbackDev (C:\Users\Bigmo\Revature\Perfect-Personnel-Placement\frontend\node_modules\react-dom\cjs\react-dom.development.js:237:16)
    at invokeGuardedCallback (C:\Users\Bigmo\Revature\Perfect-Personnel-Placement\frontend\node_modules\react-dom\cjs\react-dom.development.js:292:31)
    at beginWork$1 (C:\Users\Bigmo\Revature\Perfect-Personnel-Placement\frontend\node_modules\react-dom\cjs\react-dom.development.js:23203:7)
    at performUnitOfWork (C:\Users\Bigmo\Revature\Perfect-Personnel-Placement\frontend\node_modules\react-dom\cjs\react-dom.development.js:22157:12)
    at workLoopSync (C:\Users\Bigmo\Revature\Perfect-Personnel-Placement\frontend\node_modules\react-dom\cjs\react-dom.development.js:22130:22)
    at performSyncWorkOnRoot (C:\Users\Bigmo\Revature\Perfect-Personnel-Placement\frontend\node_modules\react-dom\cjs\react-dom.development.js:21756:9)
    at scheduleUpdateOnFiber (C:\Users\Bigmo\Revature\Perfect-Personnel-Placement\frontend\node_modules\react-dom\cjs\react-dom.development.js:21188:7)
    at updateContainer (C:\Users\Bigmo\Revature\Perfect-Personnel-Placement\frontend\node_modules\react-dom\cjs\react-dom.development.js:24373:3)
    at C:\Users\Bigmo\Revature\Perfect-Personnel-Placement\frontend\node_modules\react-dom\cjs\react-dom.development.js:24758:7
    at unbatchedUpdates (C:\Users\Bigmo\Revature\Perfect-Personnel-Placement\frontend\node_modules\react-dom\cjs\react-dom.development.js:21903:12)
    at legacyRenderSubtreeIntoContainer (C:\Users\Bigmo\Revature\Perfect-Personnel-Placement\frontend\node_modules\react-dom\cjs\react-dom.development.js:24757:5)
    at Object.render (C:\Users\Bigmo\Revature\Perfect-Personnel-Placement\frontend\node_modules\react-dom\cjs\react-dom.development.js:24840:10)
    at fn (C:\Users\Bigmo\Revature\Perfect-Personnel-Placement\frontend\node_modules\enzyme-adapter-react-16\src\ReactSixteenAdapter.js:488:26)
    at C:\Users\Bigmo\Revature\Perfect-Personnel-Placement\frontend\node_modules\enzyme-adapter-react-16\src\ReactSixteenAdapter.js:405:37
    at batchedUpdates$1 (C:\Users\Bigmo\Revature\Perfect-Personnel-Placement\frontend\node_modules\react-dom\cjs\react-dom.development.js:21856:12)
    at Object.act (C:\Users\Bigmo\Revature\Perfect-Personnel-Placement\frontend\node_modules\react-dom\cjs\react-dom-test-utils.development.js:929:14)
    at wrapAct (C:\Users\Bigmo\Revature\Perfect-Personnel-Placement\frontend\node_modules\enzyme-adapter-react-16\src\ReactSixteenAdapter.js:405:13)
    at Object.render (C:\Users\Bigmo\Revature\Perfect-Personnel-Placement\frontend\node_modules\enzyme-adapter-react-16\src\ReactSixteenAdapter.js:474:16)
    at new ReactWrapper (C:\Users\Bigmo\Revature\Perfect-Personnel-Placement\frontend\node_modules\enzyme\src\ReactWrapper.js:115:16)
    at mount (C:\Users\Bigmo\Revature\Perfect-Personnel-Placement\frontend\node_modules\enzyme\src\mount.js:10:10)
    at Suite.<anonymous> (C:\Users\Bigmo\Revature\Perfect-Personnel-Placement\frontend\src\Screens\ViewEditTrainer\ViewEditTrainer.test.tsx:8:19)
    at addSpecsToSuite (C:\Users\Bigmo\Revature\Perfect-Personnel-Placement\frontend\node_modules\jest-jasmine2\build\jasmine\Env.js:444:51)
    at Env.describe (C:\Users\Bigmo\Revature\Perfect-Personnel-Placement\frontend\node_modules\jest-jasmine2\build\jasmine\Env.js:414:11)
    at describe (C:\Users\Bigmo\Revature\Perfect-Personnel-Placement\frontend\node_modules\jest-jasmine2\build\jasmine\jasmineLight.js:88:18)
    at Object.<anonymous> (C:\Users\Bigmo\Revature\Perfect-Personnel-Placement\frontend\src\Screens\ViewEditTrainer\ViewEditTrainer.test.tsx:7:1)
    at Runtime._execModule (C:\Users\Bigmo\Revature\Perfect-Personnel-Placement\frontend\node_modules\jest-runtime\build\index.js:1299:24)
    at Runtime._loadModule (C:\Users\Bigmo\Revature\Perfect-Personnel-Placement\frontend\node_modules\jest-runtime\build\index.js:898:12)
    at Runtime.requireModule (C:\Users\Bigmo\Revature\Perfect-Personnel-Placement\frontend\node_modules\jest-runtime\build\index.js:746:10)
    at jasmine2 (C:\Users\Bigmo\Revature\Perfect-Personnel-Placement\frontend\node_modules\jest-jasmine2\build\index.js:230:13)
    at runTestInternal (C:\Users\Bigmo\Revature\Perfect-Personnel-Placement\frontend\node_modules\jest-runner\build\runTest.js:380:22)
    at processTicksAndRejections (internal/process/task_queues.js:95:5)
    at runTest (C:\Users\Bigmo\Revature\Perfect-Personnel-Placement\frontend\node_modules\jest-runner\build\runTest.js:472:34)
    at Object.worker (C:\Users\Bigmo\Revature\Perfect-Personnel-Placement\frontend\node_modules\jest-runner\build\testWorker.js:133:12)]]></failure>
    </testCase>
  </file>
  <file path="C:\Users\Bigmo\Revature\Perfect-Personnel-Placement\frontend\src\Screens\Curricula\Curricula.test.tsx">
  </file>
  <file path="C:\Users\Bigmo\Revature\Perfect-Personnel-Placement\frontend\src\components\batches\Header\Header.test.tsx">
    <testCase name="display the logo should be there" duration="115"/>
  </file>
  <file path="C:\Users\Bigmo\Revature\Perfect-Personnel-Placement\frontend\src\components\curricula\ExpandableList\ExpandableList.test.tsx">
    <testCase name="Batches should be there" duration="141">
      <failure message="Error: Couldn&apos;t find a navigation object. Is your component inside NavigationContainer?"><![CDATA[Error: Couldn't find a navigation object. Is your component inside NavigationContainer?
    at useNavigation (C:\Users\Bigmo\Revature\Perfect-Personnel-Placement\frontend\node_modules\@react-navigation\core\lib\commonjs\useNavigation.tsx:19:11)
    at ExpandableList (C:\Users\Bigmo\Revature\Perfect-Personnel-Placement\frontend\src\components\curricula\ExpandableList\index.tsx:30:22)
    at renderWithHooks (C:\Users\Bigmo\Revature\Perfect-Personnel-Placement\frontend\node_modules\react-dom\cjs\react-dom.development.js:14803:18)
    at mountIndeterminateComponent (C:\Users\Bigmo\Revature\Perfect-Personnel-Placement\frontend\node_modules\react-dom\cjs\react-dom.development.js:17482:13)
    at beginWork (C:\Users\Bigmo\Revature\Perfect-Personnel-Placement\frontend\node_modules\react-dom\cjs\react-dom.development.js:18596:16)
    at HTMLUnknownElement.callCallback (C:\Users\Bigmo\Revature\Perfect-Personnel-Placement\frontend\node_modules\react-dom\cjs\react-dom.development.js:188:14)
    at invokeEventListeners (C:\Users\Bigmo\Revature\Perfect-Personnel-Placement\frontend\node_modules\jest-environment-enzyme\node_modules\jsdom\lib\jsdom\living\events\EventTarget-impl.js:193:27)
    at HTMLUnknownElementImpl._dispatch (C:\Users\Bigmo\Revature\Perfect-Personnel-Placement\frontend\node_modules\jest-environment-enzyme\node_modules\jsdom\lib\jsdom\living\events\EventTarget-impl.js:119:9)
    at HTMLUnknownElementImpl.dispatchEvent (C:\Users\Bigmo\Revature\Perfect-Personnel-Placement\frontend\node_modules\jest-environment-enzyme\node_modules\jsdom\lib\jsdom\living\events\EventTarget-impl.js:82:17)
    at HTMLUnknownElementImpl.dispatchEvent (C:\Users\Bigmo\Revature\Perfect-Personnel-Placement\frontend\node_modules\jest-environment-enzyme\node_modules\jsdom\lib\jsdom\living\nodes\HTMLElement-impl.js:30:27)
    at HTMLUnknownElement.dispatchEvent (C:\Users\Bigmo\Revature\Perfect-Personnel-Placement\frontend\node_modules\jest-environment-enzyme\node_modules\jsdom\lib\jsdom\living\generated\EventTarget.js:157:21)
    at Object.invokeGuardedCallbackDev (C:\Users\Bigmo\Revature\Perfect-Personnel-Placement\frontend\node_modules\react-dom\cjs\react-dom.development.js:237:16)
    at invokeGuardedCallback (C:\Users\Bigmo\Revature\Perfect-Personnel-Placement\frontend\node_modules\react-dom\cjs\react-dom.development.js:292:31)
    at beginWork$1 (C:\Users\Bigmo\Revature\Perfect-Personnel-Placement\frontend\node_modules\react-dom\cjs\react-dom.development.js:23203:7)
    at performUnitOfWork (C:\Users\Bigmo\Revature\Perfect-Personnel-Placement\frontend\node_modules\react-dom\cjs\react-dom.development.js:22157:12)
    at workLoopSync (C:\Users\Bigmo\Revature\Perfect-Personnel-Placement\frontend\node_modules\react-dom\cjs\react-dom.development.js:22130:22)
    at performSyncWorkOnRoot (C:\Users\Bigmo\Revature\Perfect-Personnel-Placement\frontend\node_modules\react-dom\cjs\react-dom.development.js:21756:9)
    at scheduleUpdateOnFiber (C:\Users\Bigmo\Revature\Perfect-Personnel-Placement\frontend\node_modules\react-dom\cjs\react-dom.development.js:21188:7)
    at updateContainer (C:\Users\Bigmo\Revature\Perfect-Personnel-Placement\frontend\node_modules\react-dom\cjs\react-dom.development.js:24373:3)
    at C:\Users\Bigmo\Revature\Perfect-Personnel-Placement\frontend\node_modules\react-dom\cjs\react-dom.development.js:24758:7
    at unbatchedUpdates (C:\Users\Bigmo\Revature\Perfect-Personnel-Placement\frontend\node_modules\react-dom\cjs\react-dom.development.js:21903:12)
    at legacyRenderSubtreeIntoContainer (C:\Users\Bigmo\Revature\Perfect-Personnel-Placement\frontend\node_modules\react-dom\cjs\react-dom.development.js:24757:5)
    at Object.render (C:\Users\Bigmo\Revature\Perfect-Personnel-Placement\frontend\node_modules\react-dom\cjs\react-dom.development.js:24840:10)
    at fn (C:\Users\Bigmo\Revature\Perfect-Personnel-Placement\frontend\node_modules\enzyme-adapter-react-16\src\ReactSixteenAdapter.js:488:26)
    at C:\Users\Bigmo\Revature\Perfect-Personnel-Placement\frontend\node_modules\enzyme-adapter-react-16\src\ReactSixteenAdapter.js:405:37
    at batchedUpdates$1 (C:\Users\Bigmo\Revature\Perfect-Personnel-Placement\frontend\node_modules\react-dom\cjs\react-dom.development.js:21856:12)
    at Object.act (C:\Users\Bigmo\Revature\Perfect-Personnel-Placement\frontend\node_modules\react-dom\cjs\react-dom-test-utils.development.js:929:14)
    at wrapAct (C:\Users\Bigmo\Revature\Perfect-Personnel-Placement\frontend\node_modules\enzyme-adapter-react-16\src\ReactSixteenAdapter.js:405:13)
    at Object.render (C:\Users\Bigmo\Revature\Perfect-Personnel-Placement\frontend\node_modules\enzyme-adapter-react-16\src\ReactSixteenAdapter.js:474:16)
    at new ReactWrapper (C:\Users\Bigmo\Revature\Perfect-Personnel-Placement\frontend\node_modules\enzyme\src\ReactWrapper.js:115:16)
    at mount (C:\Users\Bigmo\Revature\Perfect-Personnel-Placement\frontend\node_modules\enzyme\src\mount.js:10:10)
    at Object.<anonymous> (C:\Users\Bigmo\Revature\Perfect-Personnel-Placement\frontend\src\components\curricula\ExpandableList\ExpandableList.test.tsx:11:15)
    at Object.asyncJestLifecycle (C:\Users\Bigmo\Revature\Perfect-Personnel-Placement\frontend\node_modules\jest-jasmine2\build\jasmineAsyncInstall.js:58:37)
    at C:\Users\Bigmo\Revature\Perfect-Personnel-Placement\frontend\node_modules\jest-jasmine2\build\queueRunner.js:45:12
    at new Promise (<anonymous>)
    at mapper (C:\Users\Bigmo\Revature\Perfect-Personnel-Placement\frontend\node_modules\jest-jasmine2\build\queueRunner.js:28:19)
    at C:\Users\Bigmo\Revature\Perfect-Personnel-Placement\frontend\node_modules\jest-jasmine2\build\queueRunner.js:75:41
    at processTicksAndRejections (internal/process/task_queues.js:95:5)]]></failure>
      <failure message="Error: expect(received).not.toBe(expected) // Object.is equality"><![CDATA[Error: expect(received).not.toBe(expected) // Object.is equality

Expected: not undefined
    at Object.<anonymous> (C:\Users\Bigmo\Revature\Perfect-Personnel-Placement\frontend\src\components\curricula\ExpandableList\ExpandableList.test.tsx:23:25)
    at Object.asyncJestTest (C:\Users\Bigmo\Revature\Perfect-Personnel-Placement\frontend\node_modules\jest-jasmine2\build\jasmineAsyncInstall.js:106:37)
    at C:\Users\Bigmo\Revature\Perfect-Personnel-Placement\frontend\node_modules\jest-jasmine2\build\queueRunner.js:45:12
    at new Promise (<anonymous>)
    at mapper (C:\Users\Bigmo\Revature\Perfect-Personnel-Placement\frontend\node_modules\jest-jasmine2\build\queueRunner.js:28:19)
    at C:\Users\Bigmo\Revature\Perfect-Personnel-Placement\frontend\node_modules\jest-jasmine2\build\queueRunner.js:75:41
    at processTicksAndRejections (internal/process/task_queues.js:95:5)]]></failure>
    </testCase>
  </file>
  <file path="C:\Users\Bigmo\Revature\Perfect-Personnel-Placement\frontend\src\components\trainers\Searchbar\Searchbar.test.tsx">
    <testCase name="Search Bar Should contain all componets" duration="208"/>
  </file>
  <file path="C:\Users\Bigmo\Revature\Perfect-Personnel-Placement\frontend\src\components\demands\DemandsListItem\DemandsListItem.test.tsx">
    <testCase name="Batches should be there" duration="101"/>
  </file>
  <file path="C:\Users\Bigmo\Revature\Perfect-Personnel-Placement\frontend\src\components\clients_old\__tests__\Demand.test.js">
    <testCase name="testing Demand demand is not yet implemented" duration="19">
      <failure message="Error: expect(received).toBe(expected) // Object.is equality"><![CDATA[Error: expect(received).toBe(expected) // Object.is equality

Expected: 0
Received: 1
    at Object.<anonymous> (C:\Users\Bigmo\Revature\Perfect-Personnel-Placement\frontend\src\components\clients_old\__tests__\Demand.test.js:16:19)
    at Object.asyncJestTest (C:\Users\Bigmo\Revature\Perfect-Personnel-Placement\frontend\node_modules\jest-jasmine2\build\jasmineAsyncInstall.js:106:37)
    at C:\Users\Bigmo\Revature\Perfect-Personnel-Placement\frontend\node_modules\jest-jasmine2\build\queueRunner.js:45:12
    at new Promise (<anonymous>)
    at mapper (C:\Users\Bigmo\Revature\Perfect-Personnel-Placement\frontend\node_modules\jest-jasmine2\build\queueRunner.js:28:19)
    at C:\Users\Bigmo\Revature\Perfect-Personnel-Placement\frontend\node_modules\jest-jasmine2\build\queueRunner.js:75:41
    at processTicksAndRejections (internal/process/task_queues.js:95:5)]]></failure>
    </testCase>
  </file>
  <file path="C:\Users\Bigmo\Revature\Perfect-Personnel-Placement\frontend\src\components\trainers\TrainersListItem\TrainerListItem.test.tsx">
    <testCase name="Batches should be there" duration="1506">
      <failure message="Error: Couldn&apos;t find a navigation object. Is your component inside NavigationContainer?"><![CDATA[Error: Couldn't find a navigation object. Is your component inside NavigationContainer?
    at useNavigation (C:\Users\Bigmo\Revature\Perfect-Personnel-Placement\frontend\node_modules\@react-navigation\core\lib\commonjs\useNavigation.tsx:19:11)
    at TrainersListItem (C:\Users\Bigmo\Revature\Perfect-Personnel-Placement\frontend\src\components\trainers\TrainersListItem\index.tsx:16:22)
    at renderWithHooks (C:\Users\Bigmo\Revature\Perfect-Personnel-Placement\frontend\node_modules\react-dom\cjs\react-dom.development.js:14803:18)
    at mountIndeterminateComponent (C:\Users\Bigmo\Revature\Perfect-Personnel-Placement\frontend\node_modules\react-dom\cjs\react-dom.development.js:17482:13)
    at beginWork (C:\Users\Bigmo\Revature\Perfect-Personnel-Placement\frontend\node_modules\react-dom\cjs\react-dom.development.js:18596:16)
    at HTMLUnknownElement.callCallback (C:\Users\Bigmo\Revature\Perfect-Personnel-Placement\frontend\node_modules\react-dom\cjs\react-dom.development.js:188:14)
    at invokeEventListeners (C:\Users\Bigmo\Revature\Perfect-Personnel-Placement\frontend\node_modules\jest-environment-enzyme\node_modules\jsdom\lib\jsdom\living\events\EventTarget-impl.js:193:27)
    at HTMLUnknownElementImpl._dispatch (C:\Users\Bigmo\Revature\Perfect-Personnel-Placement\frontend\node_modules\jest-environment-enzyme\node_modules\jsdom\lib\jsdom\living\events\EventTarget-impl.js:119:9)
    at HTMLUnknownElementImpl.dispatchEvent (C:\Users\Bigmo\Revature\Perfect-Personnel-Placement\frontend\node_modules\jest-environment-enzyme\node_modules\jsdom\lib\jsdom\living\events\EventTarget-impl.js:82:17)
    at HTMLUnknownElementImpl.dispatchEvent (C:\Users\Bigmo\Revature\Perfect-Personnel-Placement\frontend\node_modules\jest-environment-enzyme\node_modules\jsdom\lib\jsdom\living\nodes\HTMLElement-impl.js:30:27)
    at HTMLUnknownElement.dispatchEvent (C:\Users\Bigmo\Revature\Perfect-Personnel-Placement\frontend\node_modules\jest-environment-enzyme\node_modules\jsdom\lib\jsdom\living\generated\EventTarget.js:157:21)
    at Object.invokeGuardedCallbackDev (C:\Users\Bigmo\Revature\Perfect-Personnel-Placement\frontend\node_modules\react-dom\cjs\react-dom.development.js:237:16)
    at invokeGuardedCallback (C:\Users\Bigmo\Revature\Perfect-Personnel-Placement\frontend\node_modules\react-dom\cjs\react-dom.development.js:292:31)
    at beginWork$1 (C:\Users\Bigmo\Revature\Perfect-Personnel-Placement\frontend\node_modules\react-dom\cjs\react-dom.development.js:23203:7)
    at performUnitOfWork (C:\Users\Bigmo\Revature\Perfect-Personnel-Placement\frontend\node_modules\react-dom\cjs\react-dom.development.js:22157:12)
    at workLoopSync (C:\Users\Bigmo\Revature\Perfect-Personnel-Placement\frontend\node_modules\react-dom\cjs\react-dom.development.js:22130:22)
    at performSyncWorkOnRoot (C:\Users\Bigmo\Revature\Perfect-Personnel-Placement\frontend\node_modules\react-dom\cjs\react-dom.development.js:21756:9)
    at scheduleUpdateOnFiber (C:\Users\Bigmo\Revature\Perfect-Personnel-Placement\frontend\node_modules\react-dom\cjs\react-dom.development.js:21188:7)
    at updateContainer (C:\Users\Bigmo\Revature\Perfect-Personnel-Placement\frontend\node_modules\react-dom\cjs\react-dom.development.js:24373:3)
    at C:\Users\Bigmo\Revature\Perfect-Personnel-Placement\frontend\node_modules\react-dom\cjs\react-dom.development.js:24758:7
    at unbatchedUpdates (C:\Users\Bigmo\Revature\Perfect-Personnel-Placement\frontend\node_modules\react-dom\cjs\react-dom.development.js:21903:12)
    at legacyRenderSubtreeIntoContainer (C:\Users\Bigmo\Revature\Perfect-Personnel-Placement\frontend\node_modules\react-dom\cjs\react-dom.development.js:24757:5)
    at Object.render (C:\Users\Bigmo\Revature\Perfect-Personnel-Placement\frontend\node_modules\react-dom\cjs\react-dom.development.js:24840:10)
    at fn (C:\Users\Bigmo\Revature\Perfect-Personnel-Placement\frontend\node_modules\enzyme-adapter-react-16\src\ReactSixteenAdapter.js:488:26)
    at C:\Users\Bigmo\Revature\Perfect-Personnel-Placement\frontend\node_modules\enzyme-adapter-react-16\src\ReactSixteenAdapter.js:405:37
    at batchedUpdates$1 (C:\Users\Bigmo\Revature\Perfect-Personnel-Placement\frontend\node_modules\react-dom\cjs\react-dom.development.js:21856:12)
    at Object.act (C:\Users\Bigmo\Revature\Perfect-Personnel-Placement\frontend\node_modules\react-dom\cjs\react-dom-test-utils.development.js:929:14)
    at wrapAct (C:\Users\Bigmo\Revature\Perfect-Personnel-Placement\frontend\node_modules\enzyme-adapter-react-16\src\ReactSixteenAdapter.js:405:13)
    at Object.render (C:\Users\Bigmo\Revature\Perfect-Personnel-Placement\frontend\node_modules\enzyme-adapter-react-16\src\ReactSixteenAdapter.js:474:16)
    at new ReactWrapper (C:\Users\Bigmo\Revature\Perfect-Personnel-Placement\frontend\node_modules\enzyme\src\ReactWrapper.js:115:16)
    at mount (C:\Users\Bigmo\Revature\Perfect-Personnel-Placement\frontend\node_modules\enzyme\src\mount.js:10:10)
    at Object.<anonymous> (C:\Users\Bigmo\Revature\Perfect-Personnel-Placement\frontend\src\components\trainers\TrainersListItem\TrainerListItem.test.tsx:10:15)
    at Object.asyncJestLifecycle (C:\Users\Bigmo\Revature\Perfect-Personnel-Placement\frontend\node_modules\jest-jasmine2\build\jasmineAsyncInstall.js:58:37)
    at C:\Users\Bigmo\Revature\Perfect-Personnel-Placement\frontend\node_modules\jest-jasmine2\build\queueRunner.js:45:12
    at new Promise (<anonymous>)
    at mapper (C:\Users\Bigmo\Revature\Perfect-Personnel-Placement\frontend\node_modules\jest-jasmine2\build\queueRunner.js:28:19)
    at C:\Users\Bigmo\Revature\Perfect-Personnel-Placement\frontend\node_modules\jest-jasmine2\build\queueRunner.js:75:41
    at processTicksAndRejections (internal/process/task_queues.js:95:5)]]></failure>
      <failure message="Error: expect(received).not.toBe(expected) // Object.is equality"><![CDATA[Error: expect(received).not.toBe(expected) // Object.is equality

Expected: not undefined
    at Object.<anonymous> (C:\Users\Bigmo\Revature\Perfect-Personnel-Placement\frontend\src\components\trainers\TrainersListItem\TrainerListItem.test.tsx:15:25)
    at Object.asyncJestTest (C:\Users\Bigmo\Revature\Perfect-Personnel-Placement\frontend\node_modules\jest-jasmine2\build\jasmineAsyncInstall.js:106:37)
    at C:\Users\Bigmo\Revature\Perfect-Personnel-Placement\frontend\node_modules\jest-jasmine2\build\queueRunner.js:45:12
    at new Promise (<anonymous>)
    at mapper (C:\Users\Bigmo\Revature\Perfect-Personnel-Placement\frontend\node_modules\jest-jasmine2\build\queueRunner.js:28:19)
    at C:\Users\Bigmo\Revature\Perfect-Personnel-Placement\frontend\node_modules\jest-jasmine2\build\queueRunner.js:75:41
    at processTicksAndRejections (internal/process/task_queues.js:95:5)]]></failure>
    </testCase>
  </file>
  <file path="C:\Users\Bigmo\Revature\Perfect-Personnel-Placement\frontend\src\components\Header\Header.test.tsx">
    <testCase name="display the logo should be there" duration="1541"/>
  </file>
  <file path="C:\Users\Bigmo\Revature\Perfect-Personnel-Placement\frontend\src\components\batches\BatchesListHeader\BatchesListHeader.test.tsx">
    <testCase name="Batches should be there" duration="99">
      <failure message="Error: Couldn&apos;t find a navigation object. Is your component inside NavigationContainer?"><![CDATA[Error: Couldn't find a navigation object. Is your component inside NavigationContainer?
    at useNavigation (C:\Users\Bigmo\Revature\Perfect-Personnel-Placement\frontend\node_modules\@react-navigation\core\lib\commonjs\useNavigation.tsx:19:11)
    at BatchesListHeader (C:\Users\Bigmo\Revature\Perfect-Personnel-Placement\frontend\src\components\batches\BatchesListHeader\index.tsx:19:22)
    at renderWithHooks (C:\Users\Bigmo\Revature\Perfect-Personnel-Placement\frontend\node_modules\react-dom\cjs\react-dom.development.js:14803:18)
    at mountIndeterminateComponent (C:\Users\Bigmo\Revature\Perfect-Personnel-Placement\frontend\node_modules\react-dom\cjs\react-dom.development.js:17482:13)
    at beginWork (C:\Users\Bigmo\Revature\Perfect-Personnel-Placement\frontend\node_modules\react-dom\cjs\react-dom.development.js:18596:16)
    at HTMLUnknownElement.callCallback (C:\Users\Bigmo\Revature\Perfect-Personnel-Placement\frontend\node_modules\react-dom\cjs\react-dom.development.js:188:14)
    at invokeEventListeners (C:\Users\Bigmo\Revature\Perfect-Personnel-Placement\frontend\node_modules\jest-environment-enzyme\node_modules\jsdom\lib\jsdom\living\events\EventTarget-impl.js:193:27)
    at HTMLUnknownElementImpl._dispatch (C:\Users\Bigmo\Revature\Perfect-Personnel-Placement\frontend\node_modules\jest-environment-enzyme\node_modules\jsdom\lib\jsdom\living\events\EventTarget-impl.js:119:9)
    at HTMLUnknownElementImpl.dispatchEvent (C:\Users\Bigmo\Revature\Perfect-Personnel-Placement\frontend\node_modules\jest-environment-enzyme\node_modules\jsdom\lib\jsdom\living\events\EventTarget-impl.js:82:17)
    at HTMLUnknownElementImpl.dispatchEvent (C:\Users\Bigmo\Revature\Perfect-Personnel-Placement\frontend\node_modules\jest-environment-enzyme\node_modules\jsdom\lib\jsdom\living\nodes\HTMLElement-impl.js:30:27)
    at HTMLUnknownElement.dispatchEvent (C:\Users\Bigmo\Revature\Perfect-Personnel-Placement\frontend\node_modules\jest-environment-enzyme\node_modules\jsdom\lib\jsdom\living\generated\EventTarget.js:157:21)
    at Object.invokeGuardedCallbackDev (C:\Users\Bigmo\Revature\Perfect-Personnel-Placement\frontend\node_modules\react-dom\cjs\react-dom.development.js:237:16)
    at invokeGuardedCallback (C:\Users\Bigmo\Revature\Perfect-Personnel-Placement\frontend\node_modules\react-dom\cjs\react-dom.development.js:292:31)
    at beginWork$1 (C:\Users\Bigmo\Revature\Perfect-Personnel-Placement\frontend\node_modules\react-dom\cjs\react-dom.development.js:23203:7)
    at performUnitOfWork (C:\Users\Bigmo\Revature\Perfect-Personnel-Placement\frontend\node_modules\react-dom\cjs\react-dom.development.js:22157:12)
    at workLoopSync (C:\Users\Bigmo\Revature\Perfect-Personnel-Placement\frontend\node_modules\react-dom\cjs\react-dom.development.js:22130:22)
    at performSyncWorkOnRoot (C:\Users\Bigmo\Revature\Perfect-Personnel-Placement\frontend\node_modules\react-dom\cjs\react-dom.development.js:21756:9)
    at scheduleUpdateOnFiber (C:\Users\Bigmo\Revature\Perfect-Personnel-Placement\frontend\node_modules\react-dom\cjs\react-dom.development.js:21188:7)
    at updateContainer (C:\Users\Bigmo\Revature\Perfect-Personnel-Placement\frontend\node_modules\react-dom\cjs\react-dom.development.js:24373:3)
    at C:\Users\Bigmo\Revature\Perfect-Personnel-Placement\frontend\node_modules\react-dom\cjs\react-dom.development.js:24758:7
    at unbatchedUpdates (C:\Users\Bigmo\Revature\Perfect-Personnel-Placement\frontend\node_modules\react-dom\cjs\react-dom.development.js:21903:12)
    at legacyRenderSubtreeIntoContainer (C:\Users\Bigmo\Revature\Perfect-Personnel-Placement\frontend\node_modules\react-dom\cjs\react-dom.development.js:24757:5)
    at Object.render (C:\Users\Bigmo\Revature\Perfect-Personnel-Placement\frontend\node_modules\react-dom\cjs\react-dom.development.js:24840:10)
    at fn (C:\Users\Bigmo\Revature\Perfect-Personnel-Placement\frontend\node_modules\enzyme-adapter-react-16\src\ReactSixteenAdapter.js:488:26)
    at C:\Users\Bigmo\Revature\Perfect-Personnel-Placement\frontend\node_modules\enzyme-adapter-react-16\src\ReactSixteenAdapter.js:405:37
    at batchedUpdates$1 (C:\Users\Bigmo\Revature\Perfect-Personnel-Placement\frontend\node_modules\react-dom\cjs\react-dom.development.js:21856:12)
    at Object.act (C:\Users\Bigmo\Revature\Perfect-Personnel-Placement\frontend\node_modules\react-dom\cjs\react-dom-test-utils.development.js:929:14)
    at wrapAct (C:\Users\Bigmo\Revature\Perfect-Personnel-Placement\frontend\node_modules\enzyme-adapter-react-16\src\ReactSixteenAdapter.js:405:13)
    at Object.render (C:\Users\Bigmo\Revature\Perfect-Personnel-Placement\frontend\node_modules\enzyme-adapter-react-16\src\ReactSixteenAdapter.js:474:16)
    at new ReactWrapper (C:\Users\Bigmo\Revature\Perfect-Personnel-Placement\frontend\node_modules\enzyme\src\ReactWrapper.js:115:16)
    at mount (C:\Users\Bigmo\Revature\Perfect-Personnel-Placement\frontend\node_modules\enzyme\src\mount.js:10:10)
    at Object.<anonymous> (C:\Users\Bigmo\Revature\Perfect-Personnel-Placement\frontend\src\components\batches\BatchesListHeader\BatchesListHeader.test.tsx:14:15)
    at Object.asyncJestLifecycle (C:\Users\Bigmo\Revature\Perfect-Personnel-Placement\frontend\node_modules\jest-jasmine2\build\jasmineAsyncInstall.js:58:37)
    at C:\Users\Bigmo\Revature\Perfect-Personnel-Placement\frontend\node_modules\jest-jasmine2\build\queueRunner.js:45:12
    at new Promise (<anonymous>)
    at mapper (C:\Users\Bigmo\Revature\Perfect-Personnel-Placement\frontend\node_modules\jest-jasmine2\build\queueRunner.js:28:19)
    at C:\Users\Bigmo\Revature\Perfect-Personnel-Placement\frontend\node_modules\jest-jasmine2\build\queueRunner.js:75:41
    at processTicksAndRejections (internal/process/task_queues.js:95:5)]]></failure>
      <failure message="Error: expect(received).not.toBe(expected) // Object.is equality"><![CDATA[Error: expect(received).not.toBe(expected) // Object.is equality

Expected: not undefined
    at Object.<anonymous> (C:\Users\Bigmo\Revature\Perfect-Personnel-Placement\frontend\src\components\batches\BatchesListHeader\BatchesListHeader.test.tsx:24:25)
    at Object.asyncJestTest (C:\Users\Bigmo\Revature\Perfect-Personnel-Placement\frontend\node_modules\jest-jasmine2\build\jasmineAsyncInstall.js:106:37)
    at C:\Users\Bigmo\Revature\Perfect-Personnel-Placement\frontend\node_modules\jest-jasmine2\build\queueRunner.js:45:12
    at new Promise (<anonymous>)
    at mapper (C:\Users\Bigmo\Revature\Perfect-Personnel-Placement\frontend\node_modules\jest-jasmine2\build\queueRunner.js:28:19)
    at C:\Users\Bigmo\Revature\Perfect-Personnel-Placement\frontend\node_modules\jest-jasmine2\build\queueRunner.js:75:41
    at processTicksAndRejections (internal/process/task_queues.js:95:5)]]></failure>
    </testCase>
    <testCase name="Batches should be pressed" duration="7">
      <failure message="Error: Couldn&apos;t find a navigation object. Is your component inside NavigationContainer?"><![CDATA[Error: Couldn't find a navigation object. Is your component inside NavigationContainer?
    at useNavigation (C:\Users\Bigmo\Revature\Perfect-Personnel-Placement\frontend\node_modules\@react-navigation\core\lib\commonjs\useNavigation.tsx:19:11)
    at BatchesListHeader (C:\Users\Bigmo\Revature\Perfect-Personnel-Placement\frontend\src\components\batches\BatchesListHeader\index.tsx:19:22)
    at renderWithHooks (C:\Users\Bigmo\Revature\Perfect-Personnel-Placement\frontend\node_modules\react-dom\cjs\react-dom.development.js:14803:18)
    at mountIndeterminateComponent (C:\Users\Bigmo\Revature\Perfect-Personnel-Placement\frontend\node_modules\react-dom\cjs\react-dom.development.js:17482:13)
    at beginWork (C:\Users\Bigmo\Revature\Perfect-Personnel-Placement\frontend\node_modules\react-dom\cjs\react-dom.development.js:18596:16)
    at HTMLUnknownElement.callCallback (C:\Users\Bigmo\Revature\Perfect-Personnel-Placement\frontend\node_modules\react-dom\cjs\react-dom.development.js:188:14)
    at invokeEventListeners (C:\Users\Bigmo\Revature\Perfect-Personnel-Placement\frontend\node_modules\jest-environment-enzyme\node_modules\jsdom\lib\jsdom\living\events\EventTarget-impl.js:193:27)
    at HTMLUnknownElementImpl._dispatch (C:\Users\Bigmo\Revature\Perfect-Personnel-Placement\frontend\node_modules\jest-environment-enzyme\node_modules\jsdom\lib\jsdom\living\events\EventTarget-impl.js:119:9)
    at HTMLUnknownElementImpl.dispatchEvent (C:\Users\Bigmo\Revature\Perfect-Personnel-Placement\frontend\node_modules\jest-environment-enzyme\node_modules\jsdom\lib\jsdom\living\events\EventTarget-impl.js:82:17)
    at HTMLUnknownElementImpl.dispatchEvent (C:\Users\Bigmo\Revature\Perfect-Personnel-Placement\frontend\node_modules\jest-environment-enzyme\node_modules\jsdom\lib\jsdom\living\nodes\HTMLElement-impl.js:30:27)
    at HTMLUnknownElement.dispatchEvent (C:\Users\Bigmo\Revature\Perfect-Personnel-Placement\frontend\node_modules\jest-environment-enzyme\node_modules\jsdom\lib\jsdom\living\generated\EventTarget.js:157:21)
    at Object.invokeGuardedCallbackDev (C:\Users\Bigmo\Revature\Perfect-Personnel-Placement\frontend\node_modules\react-dom\cjs\react-dom.development.js:237:16)
    at invokeGuardedCallback (C:\Users\Bigmo\Revature\Perfect-Personnel-Placement\frontend\node_modules\react-dom\cjs\react-dom.development.js:292:31)
    at beginWork$1 (C:\Users\Bigmo\Revature\Perfect-Personnel-Placement\frontend\node_modules\react-dom\cjs\react-dom.development.js:23203:7)
    at performUnitOfWork (C:\Users\Bigmo\Revature\Perfect-Personnel-Placement\frontend\node_modules\react-dom\cjs\react-dom.development.js:22157:12)
    at workLoopSync (C:\Users\Bigmo\Revature\Perfect-Personnel-Placement\frontend\node_modules\react-dom\cjs\react-dom.development.js:22130:22)
    at performSyncWorkOnRoot (C:\Users\Bigmo\Revature\Perfect-Personnel-Placement\frontend\node_modules\react-dom\cjs\react-dom.development.js:21756:9)
    at scheduleUpdateOnFiber (C:\Users\Bigmo\Revature\Perfect-Personnel-Placement\frontend\node_modules\react-dom\cjs\react-dom.development.js:21188:7)
    at updateContainer (C:\Users\Bigmo\Revature\Perfect-Personnel-Placement\frontend\node_modules\react-dom\cjs\react-dom.development.js:24373:3)
    at C:\Users\Bigmo\Revature\Perfect-Personnel-Placement\frontend\node_modules\react-dom\cjs\react-dom.development.js:24758:7
    at unbatchedUpdates (C:\Users\Bigmo\Revature\Perfect-Personnel-Placement\frontend\node_modules\react-dom\cjs\react-dom.development.js:21903:12)
    at legacyRenderSubtreeIntoContainer (C:\Users\Bigmo\Revature\Perfect-Personnel-Placement\frontend\node_modules\react-dom\cjs\react-dom.development.js:24757:5)
    at Object.render (C:\Users\Bigmo\Revature\Perfect-Personnel-Placement\frontend\node_modules\react-dom\cjs\react-dom.development.js:24840:10)
    at fn (C:\Users\Bigmo\Revature\Perfect-Personnel-Placement\frontend\node_modules\enzyme-adapter-react-16\src\ReactSixteenAdapter.js:488:26)
    at C:\Users\Bigmo\Revature\Perfect-Personnel-Placement\frontend\node_modules\enzyme-adapter-react-16\src\ReactSixteenAdapter.js:405:37
    at batchedUpdates$1 (C:\Users\Bigmo\Revature\Perfect-Personnel-Placement\frontend\node_modules\react-dom\cjs\react-dom.development.js:21856:12)
    at Object.act (C:\Users\Bigmo\Revature\Perfect-Personnel-Placement\frontend\node_modules\react-dom\cjs\react-dom-test-utils.development.js:929:14)
    at wrapAct (C:\Users\Bigmo\Revature\Perfect-Personnel-Placement\frontend\node_modules\enzyme-adapter-react-16\src\ReactSixteenAdapter.js:405:13)
    at Object.render (C:\Users\Bigmo\Revature\Perfect-Personnel-Placement\frontend\node_modules\enzyme-adapter-react-16\src\ReactSixteenAdapter.js:474:16)
    at new ReactWrapper (C:\Users\Bigmo\Revature\Perfect-Personnel-Placement\frontend\node_modules\enzyme\src\ReactWrapper.js:115:16)
    at mount (C:\Users\Bigmo\Revature\Perfect-Personnel-Placement\frontend\node_modules\enzyme\src\mount.js:10:10)
    at Object.<anonymous> (C:\Users\Bigmo\Revature\Perfect-Personnel-Placement\frontend\src\components\batches\BatchesListHeader\BatchesListHeader.test.tsx:14:15)
    at Object.asyncJestLifecycle (C:\Users\Bigmo\Revature\Perfect-Personnel-Placement\frontend\node_modules\jest-jasmine2\build\jasmineAsyncInstall.js:58:37)
    at C:\Users\Bigmo\Revature\Perfect-Personnel-Placement\frontend\node_modules\jest-jasmine2\build\queueRunner.js:45:12
    at new Promise (<anonymous>)
    at mapper (C:\Users\Bigmo\Revature\Perfect-Personnel-Placement\frontend\node_modules\jest-jasmine2\build\queueRunner.js:28:19)
    at C:\Users\Bigmo\Revature\Perfect-Personnel-Placement\frontend\node_modules\jest-jasmine2\build\queueRunner.js:75:41
    at processTicksAndRejections (internal/process/task_queues.js:95:5)]]></failure>
      <failure message="TypeError: Cannot read property &apos;find&apos; of undefined"><![CDATA[TypeError: Cannot read property 'find' of undefined
    at Object.<anonymous> (C:\Users\Bigmo\Revature\Perfect-Personnel-Placement\frontend\src\components\batches\BatchesListHeader\BatchesListHeader.test.tsx:29:37)
    at Object.asyncJestTest (C:\Users\Bigmo\Revature\Perfect-Personnel-Placement\frontend\node_modules\jest-jasmine2\build\jasmineAsyncInstall.js:106:37)
    at C:\Users\Bigmo\Revature\Perfect-Personnel-Placement\frontend\node_modules\jest-jasmine2\build\queueRunner.js:45:12
    at new Promise (<anonymous>)
    at mapper (C:\Users\Bigmo\Revature\Perfect-Personnel-Placement\frontend\node_modules\jest-jasmine2\build\queueRunner.js:28:19)
    at C:\Users\Bigmo\Revature\Perfect-Personnel-Placement\frontend\node_modules\jest-jasmine2\build\queueRunner.js:75:41
    at processTicksAndRejections (internal/process/task_queues.js:95:5)]]></failure>
    </testCase>
  </file>
  <file path="C:\Users\Bigmo\Revature\Perfect-Personnel-Placement\frontend\src\components\batches\BatchStats\BatchStats.test.tsx">
    <testCase name="Batches should be there" duration="182"/>
    <testCase name="Batches should find the barchart" duration="97"/>
    <testCase name="Batches should hold data" duration="45"/>
  </file>
</testExecutions>